
         /\      Grafana   /‾‾/  
    /\  /  \     |\  __   /  /   
   /  \/    \    | |/ /  /   ‾‾\ 
  /          \   |   (  |  (‾)  |
 / __________ \  |_|\_\  \_____/ 

     execution: local
        script: /scripts/script.js
        output: -

     scenarios: (100.00%) 1 scenario, 1 max VUs, 6m30s max duration (incl. graceful stop):
              * paced_over_5m: 5000 iterations for each of 1 VUs (maxDuration: 6m0s, gracefulStop: 30s)


running (0m01.0s), 1/1 VUs, 14 complete and 0 interrupted iterations
paced_over_5m   [   0% ] 1 VUs  0m01.0s/6m0s  0014/5000 iters, 5000 per VU

running (0m02.0s), 1/1 VUs, 29 complete and 0 interrupted iterations
paced_over_5m   [   1% ] 1 VUs  0m02.0s/6m0s  0029/5000 iters, 5000 per VU

running (0m03.0s), 1/1 VUs, 44 complete and 0 interrupted iterations
paced_over_5m   [   1% ] 1 VUs  0m03.0s/6m0s  0044/5000 iters, 5000 per VU

running (0m04.0s), 1/1 VUs, 59 complete and 0 interrupted iterations
paced_over_5m   [   1% ] 1 VUs  0m04.0s/6m0s  0059/5000 iters, 5000 per VU

running (0m05.0s), 1/1 VUs, 74 complete and 0 interrupted iterations
paced_over_5m   [   1% ] 1 VUs  0m05.0s/6m0s  0074/5000 iters, 5000 per VU

running (0m06.0s), 1/1 VUs, 90 complete and 0 interrupted iterations
paced_over_5m   [   2% ] 1 VUs  0m06.0s/6m0s  0090/5000 iters, 5000 per VU

running (0m07.0s), 1/1 VUs, 104 complete and 0 interrupted iterations
paced_over_5m   [   2% ] 1 VUs  0m07.0s/6m0s  0104/5000 iters, 5000 per VU

running (0m08.0s), 1/1 VUs, 119 complete and 0 interrupted iterations
paced_over_5m   [   2% ] 1 VUs  0m08.0s/6m0s  0119/5000 iters, 5000 per VU

running (0m09.0s), 1/1 VUs, 133 complete and 0 interrupted iterations
paced_over_5m   [   3% ] 1 VUs  0m09.0s/6m0s  0134/5000 iters, 5000 per VU

running (0m10.0s), 1/1 VUs, 149 complete and 0 interrupted iterations
paced_over_5m   [   3% ] 1 VUs  0m10.0s/6m0s  0149/5000 iters, 5000 per VU

running (0m11.0s), 1/1 VUs, 163 complete and 0 interrupted iterations
paced_over_5m   [   3% ] 1 VUs  0m11.0s/6m0s  0163/5000 iters, 5000 per VU

running (0m12.0s), 1/1 VUs, 178 complete and 0 interrupted iterations
paced_over_5m   [   4% ] 1 VUs  0m12.0s/6m0s  0178/5000 iters, 5000 per VU

running (0m13.0s), 1/1 VUs, 193 complete and 0 interrupted iterations
paced_over_5m   [   4% ] 1 VUs  0m13.0s/6m0s  0193/5000 iters, 5000 per VU

running (0m14.0s), 1/1 VUs, 208 complete and 0 interrupted iterations
paced_over_5m   [   4% ] 1 VUs  0m14.0s/6m0s  0208/5000 iters, 5000 per VU

running (0m15.0s), 1/1 VUs, 223 complete and 0 interrupted iterations
paced_over_5m   [   4% ] 1 VUs  0m15.0s/6m0s  0223/5000 iters, 5000 per VU

running (0m16.0s), 1/1 VUs, 238 complete and 0 interrupted iterations
paced_over_5m   [   5% ] 1 VUs  0m16.0s/6m0s  0238/5000 iters, 5000 per VU

running (0m17.0s), 1/1 VUs, 253 complete and 0 interrupted iterations
paced_over_5m   [   5% ] 1 VUs  0m17.0s/6m0s  0253/5000 iters, 5000 per VU

running (0m18.0s), 1/1 VUs, 268 complete and 0 interrupted iterations
paced_over_5m   [   5% ] 1 VUs  0m18.0s/6m0s  0268/5000 iters, 5000 per VU

running (0m19.0s), 1/1 VUs, 283 complete and 0 interrupted iterations
paced_over_5m   [   6% ] 1 VUs  0m19.0s/6m0s  0283/5000 iters, 5000 per VU

running (0m20.0s), 1/1 VUs, 298 complete and 0 interrupted iterations
paced_over_5m   [   6% ] 1 VUs  0m20.0s/6m0s  0298/5000 iters, 5000 per VU

running (0m21.0s), 1/1 VUs, 313 complete and 0 interrupted iterations
paced_over_5m   [   6% ] 1 VUs  0m21.0s/6m0s  0313/5000 iters, 5000 per VU

running (0m22.0s), 1/1 VUs, 327 complete and 0 interrupted iterations
paced_over_5m   [   7% ] 1 VUs  0m22.0s/6m0s  0327/5000 iters, 5000 per VU

running (0m23.0s), 1/1 VUs, 342 complete and 0 interrupted iterations
paced_over_5m   [   7% ] 1 VUs  0m23.0s/6m0s  0342/5000 iters, 5000 per VU

running (0m24.0s), 1/1 VUs, 357 complete and 0 interrupted iterations
paced_over_5m   [   7% ] 1 VUs  0m24.0s/6m0s  0357/5000 iters, 5000 per VU

running (0m25.0s), 1/1 VUs, 372 complete and 0 interrupted iterations
paced_over_5m   [   7% ] 1 VUs  0m25.0s/6m0s  0372/5000 iters, 5000 per VU

running (0m26.0s), 1/1 VUs, 387 complete and 0 interrupted iterations
paced_over_5m   [   8% ] 1 VUs  0m26.0s/6m0s  0387/5000 iters, 5000 per VU

running (0m27.0s), 1/1 VUs, 402 complete and 0 interrupted iterations
paced_over_5m   [   8% ] 1 VUs  0m27.0s/6m0s  0402/5000 iters, 5000 per VU

running (0m28.0s), 1/1 VUs, 416 complete and 0 interrupted iterations
paced_over_5m   [   8% ] 1 VUs  0m28.0s/6m0s  0416/5000 iters, 5000 per VU

running (0m29.0s), 1/1 VUs, 431 complete and 0 interrupted iterations
paced_over_5m   [   9% ] 1 VUs  0m29.0s/6m0s  0431/5000 iters, 5000 per VU

running (0m30.0s), 1/1 VUs, 446 complete and 0 interrupted iterations
paced_over_5m   [   9% ] 1 VUs  0m30.0s/6m0s  0446/5000 iters, 5000 per VU

running (0m31.0s), 1/1 VUs, 461 complete and 0 interrupted iterations
paced_over_5m   [   9% ] 1 VUs  0m31.0s/6m0s  0461/5000 iters, 5000 per VU

running (0m32.0s), 1/1 VUs, 476 complete and 0 interrupted iterations
paced_over_5m   [  10% ] 1 VUs  0m32.0s/6m0s  0476/5000 iters, 5000 per VU

running (0m33.0s), 1/1 VUs, 491 complete and 0 interrupted iterations
paced_over_5m   [  10% ] 1 VUs  0m33.0s/6m0s  0491/5000 iters, 5000 per VU

running (0m34.0s), 1/1 VUs, 506 complete and 0 interrupted iterations
paced_over_5m   [  10% ] 1 VUs  0m34.0s/6m0s  0506/5000 iters, 5000 per VU

running (0m35.0s), 1/1 VUs, 520 complete and 0 interrupted iterations
paced_over_5m   [  10% ] 1 VUs  0m35.0s/6m0s  0520/5000 iters, 5000 per VU

running (0m36.0s), 1/1 VUs, 535 complete and 0 interrupted iterations
paced_over_5m   [  11% ] 1 VUs  0m36.0s/6m0s  0535/5000 iters, 5000 per VU

running (0m37.0s), 1/1 VUs, 550 complete and 0 interrupted iterations
paced_over_5m   [  11% ] 1 VUs  0m37.0s/6m0s  0550/5000 iters, 5000 per VU

running (0m38.0s), 1/1 VUs, 566 complete and 0 interrupted iterations
paced_over_5m   [  11% ] 1 VUs  0m38.0s/6m0s  0566/5000 iters, 5000 per VU

running (0m39.0s), 1/1 VUs, 581 complete and 0 interrupted iterations
paced_over_5m   [  12% ] 1 VUs  0m39.0s/6m0s  0581/5000 iters, 5000 per VU

running (0m40.0s), 1/1 VUs, 596 complete and 0 interrupted iterations
paced_over_5m   [  12% ] 1 VUs  0m40.0s/6m0s  0596/5000 iters, 5000 per VU

running (0m41.0s), 1/1 VUs, 611 complete and 0 interrupted iterations
paced_over_5m   [  12% ] 1 VUs  0m41.0s/6m0s  0611/5000 iters, 5000 per VU

running (0m42.0s), 1/1 VUs, 626 complete and 0 interrupted iterations
paced_over_5m   [  13% ] 1 VUs  0m42.0s/6m0s  0626/5000 iters, 5000 per VU

running (0m43.0s), 1/1 VUs, 641 complete and 0 interrupted iterations
paced_over_5m   [  13% ] 1 VUs  0m43.0s/6m0s  0641/5000 iters, 5000 per VU

running (0m44.0s), 1/1 VUs, 656 complete and 0 interrupted iterations
paced_over_5m   [  13% ] 1 VUs  0m44.0s/6m0s  0656/5000 iters, 5000 per VU

running (0m45.0s), 1/1 VUs, 670 complete and 0 interrupted iterations
paced_over_5m   [  13% ] 1 VUs  0m45.0s/6m0s  0670/5000 iters, 5000 per VU

running (0m46.0s), 1/1 VUs, 685 complete and 0 interrupted iterations
paced_over_5m   [  14% ] 1 VUs  0m46.0s/6m0s  0685/5000 iters, 5000 per VU

running (0m47.0s), 1/1 VUs, 700 complete and 0 interrupted iterations
paced_over_5m   [  14% ] 1 VUs  0m47.0s/6m0s  0700/5000 iters, 5000 per VU

running (0m48.0s), 1/1 VUs, 715 complete and 0 interrupted iterations
paced_over_5m   [  14% ] 1 VUs  0m48.0s/6m0s  0715/5000 iters, 5000 per VU

running (0m49.0s), 1/1 VUs, 730 complete and 0 interrupted iterations
paced_over_5m   [  15% ] 1 VUs  0m49.0s/6m0s  0730/5000 iters, 5000 per VU

running (0m50.0s), 1/1 VUs, 745 complete and 0 interrupted iterations
paced_over_5m   [  15% ] 1 VUs  0m50.0s/6m0s  0745/5000 iters, 5000 per VU

running (0m51.0s), 1/1 VUs, 759 complete and 0 interrupted iterations
paced_over_5m   [  15% ] 1 VUs  0m51.0s/6m0s  0759/5000 iters, 5000 per VU

running (0m52.0s), 1/1 VUs, 774 complete and 0 interrupted iterations
paced_over_5m   [  15% ] 1 VUs  0m52.0s/6m0s  0774/5000 iters, 5000 per VU

running (0m53.0s), 1/1 VUs, 789 complete and 0 interrupted iterations
paced_over_5m   [  16% ] 1 VUs  0m53.0s/6m0s  0789/5000 iters, 5000 per VU

running (0m54.0s), 1/1 VUs, 804 complete and 0 interrupted iterations
paced_over_5m   [  16% ] 1 VUs  0m54.0s/6m0s  0804/5000 iters, 5000 per VU

running (0m55.0s), 1/1 VUs, 819 complete and 0 interrupted iterations
paced_over_5m   [  16% ] 1 VUs  0m55.0s/6m0s  0819/5000 iters, 5000 per VU

running (0m56.0s), 1/1 VUs, 834 complete and 0 interrupted iterations
paced_over_5m   [  17% ] 1 VUs  0m56.0s/6m0s  0834/5000 iters, 5000 per VU

running (0m57.0s), 1/1 VUs, 849 complete and 0 interrupted iterations
paced_over_5m   [  17% ] 1 VUs  0m57.0s/6m0s  0849/5000 iters, 5000 per VU

running (0m58.0s), 1/1 VUs, 864 complete and 0 interrupted iterations
paced_over_5m   [  17% ] 1 VUs  0m58.0s/6m0s  0864/5000 iters, 5000 per VU

running (0m59.0s), 1/1 VUs, 879 complete and 0 interrupted iterations
paced_over_5m   [  18% ] 1 VUs  0m59.0s/6m0s  0879/5000 iters, 5000 per VU

running (1m00.0s), 1/1 VUs, 895 complete and 0 interrupted iterations
paced_over_5m   [  18% ] 1 VUs  1m00.0s/6m0s  0895/5000 iters, 5000 per VU

running (1m01.0s), 1/1 VUs, 910 complete and 0 interrupted iterations
paced_over_5m   [  18% ] 1 VUs  1m01.0s/6m0s  0910/5000 iters, 5000 per VU

running (1m02.0s), 1/1 VUs, 925 complete and 0 interrupted iterations
paced_over_5m   [  18% ] 1 VUs  1m02.0s/6m0s  0925/5000 iters, 5000 per VU

running (1m03.0s), 1/1 VUs, 940 complete and 0 interrupted iterations
paced_over_5m   [  19% ] 1 VUs  1m03.0s/6m0s  0940/5000 iters, 5000 per VU

running (1m04.0s), 1/1 VUs, 955 complete and 0 interrupted iterations
paced_over_5m   [  19% ] 1 VUs  1m04.0s/6m0s  0955/5000 iters, 5000 per VU

running (1m05.0s), 1/1 VUs, 970 complete and 0 interrupted iterations
paced_over_5m   [  19% ] 1 VUs  1m05.0s/6m0s  0970/5000 iters, 5000 per VU

running (1m06.0s), 1/1 VUs, 985 complete and 0 interrupted iterations
paced_over_5m   [  20% ] 1 VUs  1m06.0s/6m0s  0985/5000 iters, 5000 per VU

running (1m07.0s), 1/1 VUs, 999 complete and 0 interrupted iterations
paced_over_5m   [  20% ] 1 VUs  1m07.0s/6m0s  0999/5000 iters, 5000 per VU

running (1m08.0s), 1/1 VUs, 1014 complete and 0 interrupted iterations
paced_over_5m   [  20% ] 1 VUs  1m08.0s/6m0s  1014/5000 iters, 5000 per VU

running (1m09.0s), 1/1 VUs, 1029 complete and 0 interrupted iterations
paced_over_5m   [  21% ] 1 VUs  1m09.0s/6m0s  1029/5000 iters, 5000 per VU

running (1m10.0s), 1/1 VUs, 1044 complete and 0 interrupted iterations
paced_over_5m   [  21% ] 1 VUs  1m10.0s/6m0s  1044/5000 iters, 5000 per VU

running (1m11.0s), 1/1 VUs, 1059 complete and 0 interrupted iterations
paced_over_5m   [  21% ] 1 VUs  1m11.0s/6m0s  1059/5000 iters, 5000 per VU

running (1m12.0s), 1/1 VUs, 1074 complete and 0 interrupted iterations
paced_over_5m   [  21% ] 1 VUs  1m12.0s/6m0s  1074/5000 iters, 5000 per VU

running (1m13.0s), 1/1 VUs, 1089 complete and 0 interrupted iterations
paced_over_5m   [  22% ] 1 VUs  1m13.0s/6m0s  1089/5000 iters, 5000 per VU

running (1m14.0s), 1/1 VUs, 1104 complete and 0 interrupted iterations
paced_over_5m   [  22% ] 1 VUs  1m14.0s/6m0s  1104/5000 iters, 5000 per VU

running (1m15.0s), 1/1 VUs, 1119 complete and 0 interrupted iterations
paced_over_5m   [  22% ] 1 VUs  1m15.0s/6m0s  1119/5000 iters, 5000 per VU

running (1m16.0s), 1/1 VUs, 1134 complete and 0 interrupted iterations
paced_over_5m   [  23% ] 1 VUs  1m16.0s/6m0s  1134/5000 iters, 5000 per VU

running (1m17.0s), 1/1 VUs, 1149 complete and 0 interrupted iterations
paced_over_5m   [  23% ] 1 VUs  1m17.0s/6m0s  1149/5000 iters, 5000 per VU

running (1m18.0s), 1/1 VUs, 1164 complete and 0 interrupted iterations
paced_over_5m   [  23% ] 1 VUs  1m18.0s/6m0s  1164/5000 iters, 5000 per VU

running (1m19.0s), 1/1 VUs, 1179 complete and 0 interrupted iterations
paced_over_5m   [  24% ] 1 VUs  1m19.0s/6m0s  1179/5000 iters, 5000 per VU

running (1m20.0s), 1/1 VUs, 1193 complete and 0 interrupted iterations
paced_over_5m   [  24% ] 1 VUs  1m20.0s/6m0s  1193/5000 iters, 5000 per VU

running (1m21.0s), 1/1 VUs, 1208 complete and 0 interrupted iterations
paced_over_5m   [  24% ] 1 VUs  1m21.0s/6m0s  1208/5000 iters, 5000 per VU

running (1m22.0s), 1/1 VUs, 1223 complete and 0 interrupted iterations
paced_over_5m   [  24% ] 1 VUs  1m22.0s/6m0s  1223/5000 iters, 5000 per VU

running (1m23.0s), 1/1 VUs, 1238 complete and 0 interrupted iterations
paced_over_5m   [  25% ] 1 VUs  1m23.0s/6m0s  1238/5000 iters, 5000 per VU

running (1m24.0s), 1/1 VUs, 1253 complete and 0 interrupted iterations
paced_over_5m   [  25% ] 1 VUs  1m24.0s/6m0s  1253/5000 iters, 5000 per VU

running (1m25.0s), 1/1 VUs, 1268 complete and 0 interrupted iterations
paced_over_5m   [  25% ] 1 VUs  1m25.0s/6m0s  1268/5000 iters, 5000 per VU

running (1m26.0s), 1/1 VUs, 1282 complete and 0 interrupted iterations
paced_over_5m   [  26% ] 1 VUs  1m26.0s/6m0s  1282/5000 iters, 5000 per VU

running (1m27.0s), 1/1 VUs, 1298 complete and 0 interrupted iterations
paced_over_5m   [  26% ] 1 VUs  1m27.0s/6m0s  1298/5000 iters, 5000 per VU

running (1m28.0s), 1/1 VUs, 1312 complete and 0 interrupted iterations
paced_over_5m   [  26% ] 1 VUs  1m28.0s/6m0s  1312/5000 iters, 5000 per VU

running (1m29.0s), 1/1 VUs, 1327 complete and 0 interrupted iterations
paced_over_5m   [  27% ] 1 VUs  1m29.0s/6m0s  1327/5000 iters, 5000 per VU

running (1m30.0s), 1/1 VUs, 1342 complete and 0 interrupted iterations
paced_over_5m   [  27% ] 1 VUs  1m30.0s/6m0s  1342/5000 iters, 5000 per VU

running (1m31.0s), 1/1 VUs, 1356 complete and 0 interrupted iterations
paced_over_5m   [  27% ] 1 VUs  1m31.0s/6m0s  1356/5000 iters, 5000 per VU

running (1m32.0s), 1/1 VUs, 1372 complete and 0 interrupted iterations
paced_over_5m   [  27% ] 1 VUs  1m32.0s/6m0s  1372/5000 iters, 5000 per VU

running (1m33.0s), 1/1 VUs, 1386 complete and 0 interrupted iterations
paced_over_5m   [  28% ] 1 VUs  1m33.0s/6m0s  1386/5000 iters, 5000 per VU

running (1m34.0s), 1/1 VUs, 1402 complete and 0 interrupted iterations
paced_over_5m   [  28% ] 1 VUs  1m34.0s/6m0s  1402/5000 iters, 5000 per VU

running (1m35.0s), 1/1 VUs, 1417 complete and 0 interrupted iterations
paced_over_5m   [  28% ] 1 VUs  1m35.0s/6m0s  1417/5000 iters, 5000 per VU

running (1m36.0s), 1/1 VUs, 1432 complete and 0 interrupted iterations
paced_over_5m   [  29% ] 1 VUs  1m36.0s/6m0s  1432/5000 iters, 5000 per VU

running (1m37.0s), 1/1 VUs, 1446 complete and 0 interrupted iterations
paced_over_5m   [  29% ] 1 VUs  1m37.0s/6m0s  1446/5000 iters, 5000 per VU

running (1m38.0s), 1/1 VUs, 1461 complete and 0 interrupted iterations
paced_over_5m   [  29% ] 1 VUs  1m38.0s/6m0s  1461/5000 iters, 5000 per VU

running (1m39.0s), 1/1 VUs, 1476 complete and 0 interrupted iterations
paced_over_5m   [  30% ] 1 VUs  1m39.0s/6m0s  1476/5000 iters, 5000 per VU

running (1m40.0s), 1/1 VUs, 1491 complete and 0 interrupted iterations
paced_over_5m   [  30% ] 1 VUs  1m40.0s/6m0s  1491/5000 iters, 5000 per VU

running (1m41.0s), 1/1 VUs, 1506 complete and 0 interrupted iterations
paced_over_5m   [  30% ] 1 VUs  1m41.0s/6m0s  1506/5000 iters, 5000 per VU

running (1m42.0s), 1/1 VUs, 1521 complete and 0 interrupted iterations
paced_over_5m   [  30% ] 1 VUs  1m42.0s/6m0s  1521/5000 iters, 5000 per VU

running (1m43.0s), 1/1 VUs, 1536 complete and 0 interrupted iterations
paced_over_5m   [  31% ] 1 VUs  1m43.0s/6m0s  1536/5000 iters, 5000 per VU

running (1m44.0s), 1/1 VUs, 1551 complete and 0 interrupted iterations
paced_over_5m   [  31% ] 1 VUs  1m44.0s/6m0s  1551/5000 iters, 5000 per VU

running (1m45.0s), 1/1 VUs, 1565 complete and 0 interrupted iterations
paced_over_5m   [  31% ] 1 VUs  1m45.0s/6m0s  1565/5000 iters, 5000 per VU

running (1m46.0s), 1/1 VUs, 1580 complete and 0 interrupted iterations
paced_over_5m   [  32% ] 1 VUs  1m46.0s/6m0s  1580/5000 iters, 5000 per VU

running (1m47.0s), 1/1 VUs, 1595 complete and 0 interrupted iterations
paced_over_5m   [  32% ] 1 VUs  1m47.0s/6m0s  1595/5000 iters, 5000 per VU

running (1m48.0s), 1/1 VUs, 1610 complete and 0 interrupted iterations
paced_over_5m   [  32% ] 1 VUs  1m48.0s/6m0s  1610/5000 iters, 5000 per VU

running (1m49.0s), 1/1 VUs, 1625 complete and 0 interrupted iterations
paced_over_5m   [  32% ] 1 VUs  1m49.0s/6m0s  1625/5000 iters, 5000 per VU

running (1m50.0s), 1/1 VUs, 1640 complete and 0 interrupted iterations
paced_over_5m   [  33% ] 1 VUs  1m50.0s/6m0s  1640/5000 iters, 5000 per VU

running (1m51.0s), 1/1 VUs, 1655 complete and 0 interrupted iterations
paced_over_5m   [  33% ] 1 VUs  1m51.0s/6m0s  1655/5000 iters, 5000 per VU

running (1m52.0s), 1/1 VUs, 1670 complete and 0 interrupted iterations
paced_over_5m   [  33% ] 1 VUs  1m52.0s/6m0s  1670/5000 iters, 5000 per VU

running (1m53.0s), 1/1 VUs, 1684 complete and 0 interrupted iterations
paced_over_5m   [  34% ] 1 VUs  1m53.0s/6m0s  1684/5000 iters, 5000 per VU

running (1m54.0s), 1/1 VUs, 1699 complete and 0 interrupted iterations
paced_over_5m   [  34% ] 1 VUs  1m54.0s/6m0s  1699/5000 iters, 5000 per VU

running (1m55.0s), 1/1 VUs, 1714 complete and 0 interrupted iterations
paced_over_5m   [  34% ] 1 VUs  1m55.0s/6m0s  1714/5000 iters, 5000 per VU

running (1m56.0s), 1/1 VUs, 1729 complete and 0 interrupted iterations
paced_over_5m   [  35% ] 1 VUs  1m56.0s/6m0s  1729/5000 iters, 5000 per VU

running (1m57.0s), 1/1 VUs, 1743 complete and 0 interrupted iterations
paced_over_5m   [  35% ] 1 VUs  1m57.0s/6m0s  1743/5000 iters, 5000 per VU

running (1m58.0s), 1/1 VUs, 1758 complete and 0 interrupted iterations
paced_over_5m   [  35% ] 1 VUs  1m58.0s/6m0s  1758/5000 iters, 5000 per VU

running (1m59.0s), 1/1 VUs, 1773 complete and 0 interrupted iterations
paced_over_5m   [  35% ] 1 VUs  1m59.0s/6m0s  1773/5000 iters, 5000 per VU

running (2m00.0s), 1/1 VUs, 1788 complete and 0 interrupted iterations
paced_over_5m   [  36% ] 1 VUs  2m00.0s/6m0s  1788/5000 iters, 5000 per VU

running (2m01.0s), 1/1 VUs, 1803 complete and 0 interrupted iterations
paced_over_5m   [  36% ] 1 VUs  2m01.0s/6m0s  1803/5000 iters, 5000 per VU

running (2m02.0s), 1/1 VUs, 1818 complete and 0 interrupted iterations
paced_over_5m   [  36% ] 1 VUs  2m02.0s/6m0s  1818/5000 iters, 5000 per VU

running (2m03.0s), 1/1 VUs, 1832 complete and 0 interrupted iterations
paced_over_5m   [  37% ] 1 VUs  2m03.0s/6m0s  1832/5000 iters, 5000 per VU

running (2m04.0s), 1/1 VUs, 1847 complete and 0 interrupted iterations
paced_over_5m   [  37% ] 1 VUs  2m04.0s/6m0s  1847/5000 iters, 5000 per VU

running (2m05.0s), 1/1 VUs, 1862 complete and 0 interrupted iterations
paced_over_5m   [  37% ] 1 VUs  2m05.0s/6m0s  1862/5000 iters, 5000 per VU

running (2m06.0s), 1/1 VUs, 1877 complete and 0 interrupted iterations
paced_over_5m   [  38% ] 1 VUs  2m06.0s/6m0s  1877/5000 iters, 5000 per VU

running (2m07.0s), 1/1 VUs, 1892 complete and 0 interrupted iterations
paced_over_5m   [  38% ] 1 VUs  2m07.0s/6m0s  1892/5000 iters, 5000 per VU

running (2m08.0s), 1/1 VUs, 1907 complete and 0 interrupted iterations
paced_over_5m   [  38% ] 1 VUs  2m08.0s/6m0s  1907/5000 iters, 5000 per VU

running (2m09.0s), 1/1 VUs, 1922 complete and 0 interrupted iterations
paced_over_5m   [  38% ] 1 VUs  2m09.0s/6m0s  1922/5000 iters, 5000 per VU

running (2m10.0s), 1/1 VUs, 1937 complete and 0 interrupted iterations
paced_over_5m   [  39% ] 1 VUs  2m10.0s/6m0s  1937/5000 iters, 5000 per VU

running (2m11.0s), 1/1 VUs, 1952 complete and 0 interrupted iterations
paced_over_5m   [  39% ] 1 VUs  2m11.0s/6m0s  1952/5000 iters, 5000 per VU

running (2m12.0s), 1/1 VUs, 1967 complete and 0 interrupted iterations
paced_over_5m   [  39% ] 1 VUs  2m12.0s/6m0s  1967/5000 iters, 5000 per VU

running (2m13.0s), 1/1 VUs, 1981 complete and 0 interrupted iterations
paced_over_5m   [  40% ] 1 VUs  2m13.0s/6m0s  1981/5000 iters, 5000 per VU

running (2m14.0s), 1/1 VUs, 1995 complete and 0 interrupted iterations
paced_over_5m   [  40% ] 1 VUs  2m14.0s/6m0s  1995/5000 iters, 5000 per VU

running (2m15.0s), 1/1 VUs, 2011 complete and 0 interrupted iterations
paced_over_5m   [  40% ] 1 VUs  2m15.0s/6m0s  2011/5000 iters, 5000 per VU

running (2m16.0s), 1/1 VUs, 2025 complete and 0 interrupted iterations
paced_over_5m   [  40% ] 1 VUs  2m16.0s/6m0s  2025/5000 iters, 5000 per VU

running (2m17.0s), 1/1 VUs, 2040 complete and 0 interrupted iterations
paced_over_5m   [  41% ] 1 VUs  2m17.0s/6m0s  2040/5000 iters, 5000 per VU

running (2m18.0s), 1/1 VUs, 2055 complete and 0 interrupted iterations
paced_over_5m   [  41% ] 1 VUs  2m18.0s/6m0s  2055/5000 iters, 5000 per VU

running (2m19.0s), 1/1 VUs, 2070 complete and 0 interrupted iterations
paced_over_5m   [  41% ] 1 VUs  2m19.0s/6m0s  2070/5000 iters, 5000 per VU

running (2m20.0s), 1/1 VUs, 2085 complete and 0 interrupted iterations
paced_over_5m   [  42% ] 1 VUs  2m20.0s/6m0s  2085/5000 iters, 5000 per VU

running (2m21.0s), 1/1 VUs, 2099 complete and 0 interrupted iterations
paced_over_5m   [  42% ] 1 VUs  2m21.0s/6m0s  2099/5000 iters, 5000 per VU

running (2m22.0s), 1/1 VUs, 2114 complete and 0 interrupted iterations
paced_over_5m   [  42% ] 1 VUs  2m22.0s/6m0s  2114/5000 iters, 5000 per VU

running (2m23.0s), 1/1 VUs, 2129 complete and 0 interrupted iterations
paced_over_5m   [  43% ] 1 VUs  2m23.0s/6m0s  2129/5000 iters, 5000 per VU

running (2m24.0s), 1/1 VUs, 2144 complete and 0 interrupted iterations
paced_over_5m   [  43% ] 1 VUs  2m24.0s/6m0s  2144/5000 iters, 5000 per VU

running (2m25.0s), 1/1 VUs, 2159 complete and 0 interrupted iterations
paced_over_5m   [  43% ] 1 VUs  2m25.0s/6m0s  2159/5000 iters, 5000 per VU

running (2m26.0s), 1/1 VUs, 2173 complete and 0 interrupted iterations
paced_over_5m   [  43% ] 1 VUs  2m26.0s/6m0s  2173/5000 iters, 5000 per VU

running (2m27.0s), 1/1 VUs, 2188 complete and 0 interrupted iterations
paced_over_5m   [  44% ] 1 VUs  2m27.0s/6m0s  2188/5000 iters, 5000 per VU

running (2m28.0s), 1/1 VUs, 2203 complete and 0 interrupted iterations
paced_over_5m   [  44% ] 1 VUs  2m28.0s/6m0s  2203/5000 iters, 5000 per VU

running (2m29.0s), 1/1 VUs, 2218 complete and 0 interrupted iterations
paced_over_5m   [  44% ] 1 VUs  2m29.0s/6m0s  2218/5000 iters, 5000 per VU

running (2m30.0s), 1/1 VUs, 2233 complete and 0 interrupted iterations
paced_over_5m   [  45% ] 1 VUs  2m30.0s/6m0s  2233/5000 iters, 5000 per VU

running (2m31.0s), 1/1 VUs, 2248 complete and 0 interrupted iterations
paced_over_5m   [  45% ] 1 VUs  2m31.0s/6m0s  2248/5000 iters, 5000 per VU

running (2m32.0s), 1/1 VUs, 2263 complete and 0 interrupted iterations
paced_over_5m   [  45% ] 1 VUs  2m32.0s/6m0s  2263/5000 iters, 5000 per VU

running (2m33.0s), 1/1 VUs, 2278 complete and 0 interrupted iterations
paced_over_5m   [  46% ] 1 VUs  2m33.0s/6m0s  2278/5000 iters, 5000 per VU

running (2m34.0s), 1/1 VUs, 2293 complete and 0 interrupted iterations
paced_over_5m   [  46% ] 1 VUs  2m34.0s/6m0s  2293/5000 iters, 5000 per VU

running (2m35.0s), 1/1 VUs, 2307 complete and 0 interrupted iterations
paced_over_5m   [  46% ] 1 VUs  2m35.0s/6m0s  2307/5000 iters, 5000 per VU

running (2m36.0s), 1/1 VUs, 2322 complete and 0 interrupted iterations
paced_over_5m   [  46% ] 1 VUs  2m36.0s/6m0s  2322/5000 iters, 5000 per VU

running (2m37.0s), 1/1 VUs, 2337 complete and 0 interrupted iterations
paced_over_5m   [  47% ] 1 VUs  2m37.0s/6m0s  2337/5000 iters, 5000 per VU

running (2m38.0s), 1/1 VUs, 2351 complete and 0 interrupted iterations
paced_over_5m   [  47% ] 1 VUs  2m38.0s/6m0s  2351/5000 iters, 5000 per VU

running (2m39.0s), 1/1 VUs, 2366 complete and 0 interrupted iterations
paced_over_5m   [  47% ] 1 VUs  2m39.0s/6m0s  2366/5000 iters, 5000 per VU

running (2m40.0s), 1/1 VUs, 2381 complete and 0 interrupted iterations
paced_over_5m   [  48% ] 1 VUs  2m40.0s/6m0s  2381/5000 iters, 5000 per VU

running (2m41.0s), 1/1 VUs, 2396 complete and 0 interrupted iterations
paced_over_5m   [  48% ] 1 VUs  2m41.0s/6m0s  2396/5000 iters, 5000 per VU

running (2m42.0s), 1/1 VUs, 2410 complete and 0 interrupted iterations
paced_over_5m   [  48% ] 1 VUs  2m42.0s/6m0s  2410/5000 iters, 5000 per VU

running (2m43.0s), 1/1 VUs, 2425 complete and 0 interrupted iterations
paced_over_5m   [  48% ] 1 VUs  2m43.0s/6m0s  2425/5000 iters, 5000 per VU

running (2m44.0s), 1/1 VUs, 2440 complete and 0 interrupted iterations
paced_over_5m   [  49% ] 1 VUs  2m44.0s/6m0s  2440/5000 iters, 5000 per VU

running (2m45.0s), 1/1 VUs, 2455 complete and 0 interrupted iterations
paced_over_5m   [  49% ] 1 VUs  2m45.0s/6m0s  2455/5000 iters, 5000 per VU

running (2m46.0s), 1/1 VUs, 2470 complete and 0 interrupted iterations
paced_over_5m   [  49% ] 1 VUs  2m46.0s/6m0s  2470/5000 iters, 5000 per VU

running (2m47.0s), 1/1 VUs, 2485 complete and 0 interrupted iterations
paced_over_5m   [  50% ] 1 VUs  2m47.0s/6m0s  2485/5000 iters, 5000 per VU

running (2m48.0s), 1/1 VUs, 2499 complete and 0 interrupted iterations
paced_over_5m   [  50% ] 1 VUs  2m48.0s/6m0s  2499/5000 iters, 5000 per VU

running (2m49.0s), 1/1 VUs, 2514 complete and 0 interrupted iterations
paced_over_5m   [  50% ] 1 VUs  2m49.0s/6m0s  2514/5000 iters, 5000 per VU

running (2m50.0s), 1/1 VUs, 2529 complete and 0 interrupted iterations
paced_over_5m   [  51% ] 1 VUs  2m50.0s/6m0s  2529/5000 iters, 5000 per VU

running (2m51.0s), 1/1 VUs, 2544 complete and 0 interrupted iterations
paced_over_5m   [  51% ] 1 VUs  2m51.0s/6m0s  2544/5000 iters, 5000 per VU

running (2m52.0s), 1/1 VUs, 2558 complete and 0 interrupted iterations
paced_over_5m   [  51% ] 1 VUs  2m52.0s/6m0s  2558/5000 iters, 5000 per VU

running (2m53.0s), 1/1 VUs, 2573 complete and 0 interrupted iterations
paced_over_5m   [  51% ] 1 VUs  2m53.0s/6m0s  2573/5000 iters, 5000 per VU

running (2m54.0s), 1/1 VUs, 2588 complete and 0 interrupted iterations
paced_over_5m   [  52% ] 1 VUs  2m54.0s/6m0s  2588/5000 iters, 5000 per VU

running (2m55.0s), 1/1 VUs, 2603 complete and 0 interrupted iterations
paced_over_5m   [  52% ] 1 VUs  2m55.0s/6m0s  2603/5000 iters, 5000 per VU

running (2m56.0s), 1/1 VUs, 2618 complete and 0 interrupted iterations
paced_over_5m   [  52% ] 1 VUs  2m56.0s/6m0s  2618/5000 iters, 5000 per VU

running (2m57.0s), 1/1 VUs, 2632 complete and 0 interrupted iterations
paced_over_5m   [  53% ] 1 VUs  2m57.0s/6m0s  2632/5000 iters, 5000 per VU

running (2m58.0s), 1/1 VUs, 2647 complete and 0 interrupted iterations
paced_over_5m   [  53% ] 1 VUs  2m58.0s/6m0s  2647/5000 iters, 5000 per VU

running (2m59.0s), 1/1 VUs, 2662 complete and 0 interrupted iterations
paced_over_5m   [  53% ] 1 VUs  2m59.0s/6m0s  2662/5000 iters, 5000 per VU

running (3m00.0s), 1/1 VUs, 2677 complete and 0 interrupted iterations
paced_over_5m   [  54% ] 1 VUs  3m00.0s/6m0s  2677/5000 iters, 5000 per VU

running (3m01.0s), 1/1 VUs, 2691 complete and 0 interrupted iterations
paced_over_5m   [  54% ] 1 VUs  3m01.0s/6m0s  2691/5000 iters, 5000 per VU

running (3m02.0s), 1/1 VUs, 2707 complete and 0 interrupted iterations
paced_over_5m   [  54% ] 1 VUs  3m02.0s/6m0s  2707/5000 iters, 5000 per VU

running (3m03.0s), 1/1 VUs, 2721 complete and 0 interrupted iterations
paced_over_5m   [  54% ] 1 VUs  3m03.0s/6m0s  2721/5000 iters, 5000 per VU

running (3m04.0s), 1/1 VUs, 2736 complete and 0 interrupted iterations
paced_over_5m   [  55% ] 1 VUs  3m04.0s/6m0s  2736/5000 iters, 5000 per VU

running (3m05.0s), 1/1 VUs, 2751 complete and 0 interrupted iterations
paced_over_5m   [  55% ] 1 VUs  3m05.0s/6m0s  2751/5000 iters, 5000 per VU

running (3m06.0s), 1/1 VUs, 2766 complete and 0 interrupted iterations
paced_over_5m   [  55% ] 1 VUs  3m06.0s/6m0s  2766/5000 iters, 5000 per VU

running (3m07.0s), 1/1 VUs, 2781 complete and 0 interrupted iterations
paced_over_5m   [  56% ] 1 VUs  3m07.0s/6m0s  2781/5000 iters, 5000 per VU

running (3m08.0s), 1/1 VUs, 2795 complete and 0 interrupted iterations
paced_over_5m   [  56% ] 1 VUs  3m08.0s/6m0s  2795/5000 iters, 5000 per VU

running (3m09.0s), 1/1 VUs, 2810 complete and 0 interrupted iterations
paced_over_5m   [  56% ] 1 VUs  3m09.0s/6m0s  2810/5000 iters, 5000 per VU

running (3m10.0s), 1/1 VUs, 2825 complete and 0 interrupted iterations
paced_over_5m   [  56% ] 1 VUs  3m10.0s/6m0s  2825/5000 iters, 5000 per VU

running (3m11.0s), 1/1 VUs, 2840 complete and 0 interrupted iterations
paced_over_5m   [  57% ] 1 VUs  3m11.0s/6m0s  2840/5000 iters, 5000 per VU

running (3m12.0s), 1/1 VUs, 2855 complete and 0 interrupted iterations
paced_over_5m   [  57% ] 1 VUs  3m12.0s/6m0s  2855/5000 iters, 5000 per VU

running (3m13.0s), 1/1 VUs, 2870 complete and 0 interrupted iterations
paced_over_5m   [  57% ] 1 VUs  3m13.0s/6m0s  2870/5000 iters, 5000 per VU

running (3m14.0s), 1/1 VUs, 2885 complete and 0 interrupted iterations
paced_over_5m   [  58% ] 1 VUs  3m14.0s/6m0s  2885/5000 iters, 5000 per VU

running (3m15.0s), 1/1 VUs, 2900 complete and 0 interrupted iterations
paced_over_5m   [  58% ] 1 VUs  3m15.0s/6m0s  2900/5000 iters, 5000 per VU

running (3m16.0s), 1/1 VUs, 2914 complete and 0 interrupted iterations
paced_over_5m   [  58% ] 1 VUs  3m16.0s/6m0s  2914/5000 iters, 5000 per VU

running (3m17.0s), 1/1 VUs, 2929 complete and 0 interrupted iterations
paced_over_5m   [  59% ] 1 VUs  3m17.0s/6m0s  2929/5000 iters, 5000 per VU

running (3m18.0s), 1/1 VUs, 2944 complete and 0 interrupted iterations
paced_over_5m   [  59% ] 1 VUs  3m18.0s/6m0s  2944/5000 iters, 5000 per VU

running (3m19.0s), 1/1 VUs, 2959 complete and 0 interrupted iterations
paced_over_5m   [  59% ] 1 VUs  3m19.0s/6m0s  2959/5000 iters, 5000 per VU

running (3m20.0s), 1/1 VUs, 2973 complete and 0 interrupted iterations
paced_over_5m   [  59% ] 1 VUs  3m20.0s/6m0s  2973/5000 iters, 5000 per VU

running (3m21.0s), 1/1 VUs, 2988 complete and 0 interrupted iterations
paced_over_5m   [  60% ] 1 VUs  3m21.0s/6m0s  2988/5000 iters, 5000 per VU

running (3m22.0s), 1/1 VUs, 3003 complete and 0 interrupted iterations
paced_over_5m   [  60% ] 1 VUs  3m22.0s/6m0s  3003/5000 iters, 5000 per VU

running (3m23.0s), 1/1 VUs, 3018 complete and 0 interrupted iterations
paced_over_5m   [  60% ] 1 VUs  3m23.0s/6m0s  3018/5000 iters, 5000 per VU

running (3m24.0s), 1/1 VUs, 3033 complete and 0 interrupted iterations
paced_over_5m   [  61% ] 1 VUs  3m24.0s/6m0s  3033/5000 iters, 5000 per VU

running (3m25.0s), 1/1 VUs, 3048 complete and 0 interrupted iterations
paced_over_5m   [  61% ] 1 VUs  3m25.0s/6m0s  3048/5000 iters, 5000 per VU

running (3m26.0s), 1/1 VUs, 3063 complete and 0 interrupted iterations
paced_over_5m   [  61% ] 1 VUs  3m26.0s/6m0s  3063/5000 iters, 5000 per VU

running (3m27.0s), 1/1 VUs, 3078 complete and 0 interrupted iterations
paced_over_5m   [  62% ] 1 VUs  3m27.0s/6m0s  3078/5000 iters, 5000 per VU

running (3m28.0s), 1/1 VUs, 3093 complete and 0 interrupted iterations
paced_over_5m   [  62% ] 1 VUs  3m28.0s/6m0s  3093/5000 iters, 5000 per VU

running (3m29.0s), 1/1 VUs, 3108 complete and 0 interrupted iterations
paced_over_5m   [  62% ] 1 VUs  3m29.0s/6m0s  3108/5000 iters, 5000 per VU

running (3m30.0s), 1/1 VUs, 3122 complete and 0 interrupted iterations
paced_over_5m   [  62% ] 1 VUs  3m30.0s/6m0s  3122/5000 iters, 5000 per VU

running (3m31.0s), 1/1 VUs, 3137 complete and 0 interrupted iterations
paced_over_5m   [  63% ] 1 VUs  3m31.0s/6m0s  3137/5000 iters, 5000 per VU

running (3m32.0s), 1/1 VUs, 3152 complete and 0 interrupted iterations
paced_over_5m   [  63% ] 1 VUs  3m32.0s/6m0s  3152/5000 iters, 5000 per VU

running (3m33.0s), 1/1 VUs, 3167 complete and 0 interrupted iterations
paced_over_5m   [  63% ] 1 VUs  3m33.0s/6m0s  3167/5000 iters, 5000 per VU

running (3m34.0s), 1/1 VUs, 3183 complete and 0 interrupted iterations
paced_over_5m   [  64% ] 1 VUs  3m34.0s/6m0s  3183/5000 iters, 5000 per VU

running (3m35.0s), 1/1 VUs, 3197 complete and 0 interrupted iterations
paced_over_5m   [  64% ] 1 VUs  3m35.0s/6m0s  3197/5000 iters, 5000 per VU

running (3m36.0s), 1/1 VUs, 3212 complete and 0 interrupted iterations
paced_over_5m   [  64% ] 1 VUs  3m36.0s/6m0s  3212/5000 iters, 5000 per VU

running (3m37.0s), 1/1 VUs, 3227 complete and 0 interrupted iterations
paced_over_5m   [  65% ] 1 VUs  3m37.0s/6m0s  3227/5000 iters, 5000 per VU

running (3m38.0s), 1/1 VUs, 3242 complete and 0 interrupted iterations
paced_over_5m   [  65% ] 1 VUs  3m38.0s/6m0s  3242/5000 iters, 5000 per VU

running (3m39.0s), 1/1 VUs, 3256 complete and 0 interrupted iterations
paced_over_5m   [  65% ] 1 VUs  3m39.0s/6m0s  3256/5000 iters, 5000 per VU

running (3m40.0s), 1/1 VUs, 3271 complete and 0 interrupted iterations
paced_over_5m   [  65% ] 1 VUs  3m40.0s/6m0s  3271/5000 iters, 5000 per VU

running (3m41.0s), 1/1 VUs, 3286 complete and 0 interrupted iterations
paced_over_5m   [  66% ] 1 VUs  3m41.0s/6m0s  3286/5000 iters, 5000 per VU

running (3m42.0s), 1/1 VUs, 3301 complete and 0 interrupted iterations
paced_over_5m   [  66% ] 1 VUs  3m42.0s/6m0s  3301/5000 iters, 5000 per VU

running (3m43.0s), 1/1 VUs, 3316 complete and 0 interrupted iterations
paced_over_5m   [  66% ] 1 VUs  3m43.0s/6m0s  3316/5000 iters, 5000 per VU

running (3m44.0s), 1/1 VUs, 3331 complete and 0 interrupted iterations
paced_over_5m   [  67% ] 1 VUs  3m44.0s/6m0s  3331/5000 iters, 5000 per VU

running (3m45.0s), 1/1 VUs, 3346 complete and 0 interrupted iterations
paced_over_5m   [  67% ] 1 VUs  3m45.0s/6m0s  3346/5000 iters, 5000 per VU

running (3m46.0s), 1/1 VUs, 3362 complete and 0 interrupted iterations
paced_over_5m   [  67% ] 1 VUs  3m46.0s/6m0s  3362/5000 iters, 5000 per VU

running (3m47.0s), 1/1 VUs, 3377 complete and 0 interrupted iterations
paced_over_5m   [  68% ] 1 VUs  3m47.0s/6m0s  3377/5000 iters, 5000 per VU

running (3m48.0s), 1/1 VUs, 3392 complete and 0 interrupted iterations
paced_over_5m   [  68% ] 1 VUs  3m48.0s/6m0s  3392/5000 iters, 5000 per VU

running (3m49.0s), 1/1 VUs, 3406 complete and 0 interrupted iterations
paced_over_5m   [  68% ] 1 VUs  3m49.0s/6m0s  3406/5000 iters, 5000 per VU

running (3m50.0s), 1/1 VUs, 3421 complete and 0 interrupted iterations
paced_over_5m   [  68% ] 1 VUs  3m50.0s/6m0s  3421/5000 iters, 5000 per VU

running (3m51.0s), 1/1 VUs, 3436 complete and 0 interrupted iterations
paced_over_5m   [  69% ] 1 VUs  3m51.0s/6m0s  3436/5000 iters, 5000 per VU

running (3m52.0s), 1/1 VUs, 3451 complete and 0 interrupted iterations
paced_over_5m   [  69% ] 1 VUs  3m52.0s/6m0s  3451/5000 iters, 5000 per VU

running (3m53.0s), 1/1 VUs, 3466 complete and 0 interrupted iterations
paced_over_5m   [  69% ] 1 VUs  3m53.0s/6m0s  3466/5000 iters, 5000 per VU

running (3m54.0s), 1/1 VUs, 3481 complete and 0 interrupted iterations
paced_over_5m   [  70% ] 1 VUs  3m54.0s/6m0s  3481/5000 iters, 5000 per VU

running (3m55.0s), 1/1 VUs, 3496 complete and 0 interrupted iterations
paced_over_5m   [  70% ] 1 VUs  3m55.0s/6m0s  3496/5000 iters, 5000 per VU

running (3m56.0s), 1/1 VUs, 3511 complete and 0 interrupted iterations
paced_over_5m   [  70% ] 1 VUs  3m56.0s/6m0s  3511/5000 iters, 5000 per VU

running (3m57.0s), 1/1 VUs, 3526 complete and 0 interrupted iterations
paced_over_5m   [  71% ] 1 VUs  3m57.0s/6m0s  3526/5000 iters, 5000 per VU

running (3m58.0s), 1/1 VUs, 3540 complete and 0 interrupted iterations
paced_over_5m   [  71% ] 1 VUs  3m58.0s/6m0s  3540/5000 iters, 5000 per VU

running (3m59.0s), 1/1 VUs, 3553 complete and 0 interrupted iterations
paced_over_5m   [  71% ] 1 VUs  3m59.0s/6m0s  3553/5000 iters, 5000 per VU

running (4m00.0s), 1/1 VUs, 3568 complete and 0 interrupted iterations
paced_over_5m   [  71% ] 1 VUs  4m00.0s/6m0s  3568/5000 iters, 5000 per VU

running (4m01.0s), 1/1 VUs, 3583 complete and 0 interrupted iterations
paced_over_5m   [  72% ] 1 VUs  4m01.0s/6m0s  3583/5000 iters, 5000 per VU

running (4m02.0s), 1/1 VUs, 3598 complete and 0 interrupted iterations
paced_over_5m   [  72% ] 1 VUs  4m02.0s/6m0s  3598/5000 iters, 5000 per VU

running (4m03.0s), 1/1 VUs, 3613 complete and 0 interrupted iterations
paced_over_5m   [  72% ] 1 VUs  4m03.0s/6m0s  3613/5000 iters, 5000 per VU

running (4m04.0s), 1/1 VUs, 3627 complete and 0 interrupted iterations
paced_over_5m   [  73% ] 1 VUs  4m04.0s/6m0s  3627/5000 iters, 5000 per VU

running (4m05.0s), 1/1 VUs, 3642 complete and 0 interrupted iterations
paced_over_5m   [  73% ] 1 VUs  4m05.0s/6m0s  3642/5000 iters, 5000 per VU

running (4m06.0s), 1/1 VUs, 3657 complete and 0 interrupted iterations
paced_over_5m   [  73% ] 1 VUs  4m06.0s/6m0s  3657/5000 iters, 5000 per VU

running (4m07.0s), 1/1 VUs, 3671 complete and 0 interrupted iterations
paced_over_5m   [  73% ] 1 VUs  4m07.0s/6m0s  3671/5000 iters, 5000 per VU

running (4m08.0s), 1/1 VUs, 3686 complete and 0 interrupted iterations
paced_over_5m   [  74% ] 1 VUs  4m08.0s/6m0s  3686/5000 iters, 5000 per VU

running (4m09.0s), 1/1 VUs, 3701 complete and 0 interrupted iterations
paced_over_5m   [  74% ] 1 VUs  4m09.0s/6m0s  3701/5000 iters, 5000 per VU

running (4m10.0s), 1/1 VUs, 3716 complete and 0 interrupted iterations
paced_over_5m   [  74% ] 1 VUs  4m10.0s/6m0s  3716/5000 iters, 5000 per VU

running (4m11.0s), 1/1 VUs, 3731 complete and 0 interrupted iterations
paced_over_5m   [  75% ] 1 VUs  4m11.0s/6m0s  3731/5000 iters, 5000 per VU

running (4m12.0s), 1/1 VUs, 3745 complete and 0 interrupted iterations
paced_over_5m   [  75% ] 1 VUs  4m12.0s/6m0s  3745/5000 iters, 5000 per VU

running (4m13.0s), 1/1 VUs, 3760 complete and 0 interrupted iterations
paced_over_5m   [  75% ] 1 VUs  4m13.0s/6m0s  3760/5000 iters, 5000 per VU

running (4m14.0s), 1/1 VUs, 3775 complete and 0 interrupted iterations
paced_over_5m   [  76% ] 1 VUs  4m14.0s/6m0s  3775/5000 iters, 5000 per VU

running (4m15.0s), 1/1 VUs, 3789 complete and 0 interrupted iterations
paced_over_5m   [  76% ] 1 VUs  4m15.0s/6m0s  3789/5000 iters, 5000 per VU

running (4m16.0s), 1/1 VUs, 3804 complete and 0 interrupted iterations
paced_over_5m   [  76% ] 1 VUs  4m16.0s/6m0s  3804/5000 iters, 5000 per VU

running (4m17.0s), 1/1 VUs, 3819 complete and 0 interrupted iterations
paced_over_5m   [  76% ] 1 VUs  4m17.0s/6m0s  3819/5000 iters, 5000 per VU

running (4m18.0s), 1/1 VUs, 3834 complete and 0 interrupted iterations
paced_over_5m   [  77% ] 1 VUs  4m18.0s/6m0s  3834/5000 iters, 5000 per VU

running (4m19.0s), 1/1 VUs, 3849 complete and 0 interrupted iterations
paced_over_5m   [  77% ] 1 VUs  4m19.0s/6m0s  3849/5000 iters, 5000 per VU

running (4m20.0s), 1/1 VUs, 3864 complete and 0 interrupted iterations
paced_over_5m   [  77% ] 1 VUs  4m20.0s/6m0s  3864/5000 iters, 5000 per VU

running (4m21.0s), 1/1 VUs, 3878 complete and 0 interrupted iterations
paced_over_5m   [  78% ] 1 VUs  4m21.0s/6m0s  3878/5000 iters, 5000 per VU

running (4m22.0s), 1/1 VUs, 3894 complete and 0 interrupted iterations
paced_over_5m   [  78% ] 1 VUs  4m22.0s/6m0s  3894/5000 iters, 5000 per VU

running (4m23.0s), 1/1 VUs, 3908 complete and 0 interrupted iterations
paced_over_5m   [  78% ] 1 VUs  4m23.0s/6m0s  3908/5000 iters, 5000 per VU

running (4m24.0s), 1/1 VUs, 3923 complete and 0 interrupted iterations
paced_over_5m   [  78% ] 1 VUs  4m24.0s/6m0s  3923/5000 iters, 5000 per VU

running (4m25.0s), 1/1 VUs, 3939 complete and 0 interrupted iterations
paced_over_5m   [  79% ] 1 VUs  4m25.0s/6m0s  3939/5000 iters, 5000 per VU

running (4m26.0s), 1/1 VUs, 3953 complete and 0 interrupted iterations
paced_over_5m   [  79% ] 1 VUs  4m26.0s/6m0s  3953/5000 iters, 5000 per VU

running (4m27.0s), 1/1 VUs, 3968 complete and 0 interrupted iterations
paced_over_5m   [  79% ] 1 VUs  4m27.0s/6m0s  3968/5000 iters, 5000 per VU

running (4m28.0s), 1/1 VUs, 3983 complete and 0 interrupted iterations
paced_over_5m   [  80% ] 1 VUs  4m28.0s/6m0s  3983/5000 iters, 5000 per VU

running (4m29.0s), 1/1 VUs, 3998 complete and 0 interrupted iterations
paced_over_5m   [  80% ] 1 VUs  4m29.0s/6m0s  3998/5000 iters, 5000 per VU

running (4m30.0s), 1/1 VUs, 4013 complete and 0 interrupted iterations
paced_over_5m   [  80% ] 1 VUs  4m30.0s/6m0s  4013/5000 iters, 5000 per VU

running (4m31.0s), 1/1 VUs, 4027 complete and 0 interrupted iterations
paced_over_5m   [  81% ] 1 VUs  4m31.0s/6m0s  4027/5000 iters, 5000 per VU

running (4m32.0s), 1/1 VUs, 4042 complete and 0 interrupted iterations
paced_over_5m   [  81% ] 1 VUs  4m32.0s/6m0s  4042/5000 iters, 5000 per VU

running (4m33.0s), 1/1 VUs, 4057 complete and 0 interrupted iterations
paced_over_5m   [  81% ] 1 VUs  4m33.0s/6m0s  4057/5000 iters, 5000 per VU

running (4m34.0s), 1/1 VUs, 4072 complete and 0 interrupted iterations
paced_over_5m   [  81% ] 1 VUs  4m34.0s/6m0s  4072/5000 iters, 5000 per VU

running (4m35.0s), 1/1 VUs, 4087 complete and 0 interrupted iterations
paced_over_5m   [  82% ] 1 VUs  4m35.0s/6m0s  4087/5000 iters, 5000 per VU

running (4m36.0s), 1/1 VUs, 4101 complete and 0 interrupted iterations
paced_over_5m   [  82% ] 1 VUs  4m36.0s/6m0s  4101/5000 iters, 5000 per VU

running (4m37.0s), 1/1 VUs, 4116 complete and 0 interrupted iterations
paced_over_5m   [  82% ] 1 VUs  4m37.0s/6m0s  4116/5000 iters, 5000 per VU

running (4m38.0s), 1/1 VUs, 4130 complete and 0 interrupted iterations
paced_over_5m   [  83% ] 1 VUs  4m38.0s/6m0s  4130/5000 iters, 5000 per VU

running (4m39.0s), 1/1 VUs, 4145 complete and 0 interrupted iterations
paced_over_5m   [  83% ] 1 VUs  4m39.0s/6m0s  4145/5000 iters, 5000 per VU

running (4m40.0s), 1/1 VUs, 4160 complete and 0 interrupted iterations
paced_over_5m   [  83% ] 1 VUs  4m40.0s/6m0s  4160/5000 iters, 5000 per VU

running (4m41.0s), 1/1 VUs, 4175 complete and 0 interrupted iterations
paced_over_5m   [  84% ] 1 VUs  4m41.0s/6m0s  4175/5000 iters, 5000 per VU

running (4m42.0s), 1/1 VUs, 4190 complete and 0 interrupted iterations
paced_over_5m   [  84% ] 1 VUs  4m42.0s/6m0s  4190/5000 iters, 5000 per VU

running (4m43.0s), 1/1 VUs, 4204 complete and 0 interrupted iterations
paced_over_5m   [  84% ] 1 VUs  4m43.0s/6m0s  4204/5000 iters, 5000 per VU

running (4m44.0s), 1/1 VUs, 4219 complete and 0 interrupted iterations
paced_over_5m   [  84% ] 1 VUs  4m44.0s/6m0s  4219/5000 iters, 5000 per VU

running (4m45.0s), 1/1 VUs, 4234 complete and 0 interrupted iterations
paced_over_5m   [  85% ] 1 VUs  4m45.0s/6m0s  4234/5000 iters, 5000 per VU

running (4m46.0s), 1/1 VUs, 4249 complete and 0 interrupted iterations
paced_over_5m   [  85% ] 1 VUs  4m46.0s/6m0s  4249/5000 iters, 5000 per VU

running (4m47.0s), 1/1 VUs, 4263 complete and 0 interrupted iterations
paced_over_5m   [  85% ] 1 VUs  4m47.0s/6m0s  4263/5000 iters, 5000 per VU

running (4m48.0s), 1/1 VUs, 4279 complete and 0 interrupted iterations
paced_over_5m   [  86% ] 1 VUs  4m48.0s/6m0s  4279/5000 iters, 5000 per VU

running (4m49.0s), 1/1 VUs, 4294 complete and 0 interrupted iterations
paced_over_5m   [  86% ] 1 VUs  4m49.0s/6m0s  4294/5000 iters, 5000 per VU

running (4m50.0s), 1/1 VUs, 4309 complete and 0 interrupted iterations
paced_over_5m   [  86% ] 1 VUs  4m50.0s/6m0s  4309/5000 iters, 5000 per VU

running (4m51.0s), 1/1 VUs, 4324 complete and 0 interrupted iterations
paced_over_5m   [  86% ] 1 VUs  4m51.0s/6m0s  4324/5000 iters, 5000 per VU

running (4m52.0s), 1/1 VUs, 4339 complete and 0 interrupted iterations
paced_over_5m   [  87% ] 1 VUs  4m52.0s/6m0s  4339/5000 iters, 5000 per VU

running (4m53.0s), 1/1 VUs, 4355 complete and 0 interrupted iterations
paced_over_5m   [  87% ] 1 VUs  4m53.0s/6m0s  4355/5000 iters, 5000 per VU

running (4m54.0s), 1/1 VUs, 4370 complete and 0 interrupted iterations
paced_over_5m   [  87% ] 1 VUs  4m54.0s/6m0s  4370/5000 iters, 5000 per VU

running (4m55.0s), 1/1 VUs, 4385 complete and 0 interrupted iterations
paced_over_5m   [  88% ] 1 VUs  4m55.0s/6m0s  4385/5000 iters, 5000 per VU

running (4m56.0s), 1/1 VUs, 4400 complete and 0 interrupted iterations
paced_over_5m   [  88% ] 1 VUs  4m56.0s/6m0s  4400/5000 iters, 5000 per VU

running (4m57.0s), 1/1 VUs, 4416 complete and 0 interrupted iterations
paced_over_5m   [  88% ] 1 VUs  4m57.0s/6m0s  4416/5000 iters, 5000 per VU

running (4m58.0s), 1/1 VUs, 4431 complete and 0 interrupted iterations
paced_over_5m   [  89% ] 1 VUs  4m58.0s/6m0s  4431/5000 iters, 5000 per VU

running (4m59.0s), 1/1 VUs, 4446 complete and 0 interrupted iterations
paced_over_5m   [  89% ] 1 VUs  4m59.0s/6m0s  4446/5000 iters, 5000 per VU

running (5m00.0s), 1/1 VUs, 4461 complete and 0 interrupted iterations
paced_over_5m   [  89% ] 1 VUs  5m00.0s/6m0s  4461/5000 iters, 5000 per VU

running (5m01.0s), 1/1 VUs, 4476 complete and 0 interrupted iterations
paced_over_5m   [  90% ] 1 VUs  5m01.0s/6m0s  4476/5000 iters, 5000 per VU

running (5m02.0s), 1/1 VUs, 4492 complete and 0 interrupted iterations
paced_over_5m   [  90% ] 1 VUs  5m02.0s/6m0s  4492/5000 iters, 5000 per VU

running (5m03.0s), 1/1 VUs, 4507 complete and 0 interrupted iterations
paced_over_5m   [  90% ] 1 VUs  5m03.0s/6m0s  4507/5000 iters, 5000 per VU

running (5m04.0s), 1/1 VUs, 4522 complete and 0 interrupted iterations
paced_over_5m   [  90% ] 1 VUs  5m04.0s/6m0s  4522/5000 iters, 5000 per VU

running (5m05.0s), 1/1 VUs, 4538 complete and 0 interrupted iterations
paced_over_5m   [  91% ] 1 VUs  5m05.0s/6m0s  4538/5000 iters, 5000 per VU

running (5m06.0s), 1/1 VUs, 4553 complete and 0 interrupted iterations
paced_over_5m   [  91% ] 1 VUs  5m06.0s/6m0s  4553/5000 iters, 5000 per VU

running (5m07.0s), 1/1 VUs, 4568 complete and 0 interrupted iterations
paced_over_5m   [  91% ] 1 VUs  5m07.0s/6m0s  4568/5000 iters, 5000 per VU

running (5m08.0s), 1/1 VUs, 4583 complete and 0 interrupted iterations
paced_over_5m   [  92% ] 1 VUs  5m08.0s/6m0s  4583/5000 iters, 5000 per VU

running (5m09.0s), 1/1 VUs, 4598 complete and 0 interrupted iterations
paced_over_5m   [  92% ] 1 VUs  5m09.0s/6m0s  4598/5000 iters, 5000 per VU

running (5m10.0s), 1/1 VUs, 4614 complete and 0 interrupted iterations
paced_over_5m   [  92% ] 1 VUs  5m10.0s/6m0s  4614/5000 iters, 5000 per VU

running (5m11.0s), 1/1 VUs, 4629 complete and 0 interrupted iterations
paced_over_5m   [  93% ] 1 VUs  5m11.0s/6m0s  4629/5000 iters, 5000 per VU

running (5m12.0s), 1/1 VUs, 4644 complete and 0 interrupted iterations
paced_over_5m   [  93% ] 1 VUs  5m12.0s/6m0s  4644/5000 iters, 5000 per VU

running (5m13.0s), 1/1 VUs, 4659 complete and 0 interrupted iterations
paced_over_5m   [  93% ] 1 VUs  5m13.0s/6m0s  4659/5000 iters, 5000 per VU

running (5m14.0s), 1/1 VUs, 4675 complete and 0 interrupted iterations
paced_over_5m   [  94% ] 1 VUs  5m14.0s/6m0s  4675/5000 iters, 5000 per VU

running (5m15.0s), 1/1 VUs, 4690 complete and 0 interrupted iterations
paced_over_5m   [  94% ] 1 VUs  5m15.0s/6m0s  4690/5000 iters, 5000 per VU

running (5m16.0s), 1/1 VUs, 4705 complete and 0 interrupted iterations
paced_over_5m   [  94% ] 1 VUs  5m16.0s/6m0s  4705/5000 iters, 5000 per VU

running (5m17.0s), 1/1 VUs, 4720 complete and 0 interrupted iterations
paced_over_5m   [  94% ] 1 VUs  5m17.0s/6m0s  4720/5000 iters, 5000 per VU

running (5m18.0s), 1/1 VUs, 4736 complete and 0 interrupted iterations
paced_over_5m   [  95% ] 1 VUs  5m18.0s/6m0s  4736/5000 iters, 5000 per VU

running (5m19.0s), 1/1 VUs, 4751 complete and 0 interrupted iterations
paced_over_5m   [  95% ] 1 VUs  5m19.0s/6m0s  4751/5000 iters, 5000 per VU

running (5m20.0s), 1/1 VUs, 4766 complete and 0 interrupted iterations
paced_over_5m   [  95% ] 1 VUs  5m20.0s/6m0s  4766/5000 iters, 5000 per VU

running (5m21.0s), 1/1 VUs, 4782 complete and 0 interrupted iterations
paced_over_5m   [  96% ] 1 VUs  5m21.0s/6m0s  4782/5000 iters, 5000 per VU

running (5m22.0s), 1/1 VUs, 4797 complete and 0 interrupted iterations
paced_over_5m   [  96% ] 1 VUs  5m22.0s/6m0s  4797/5000 iters, 5000 per VU

running (5m23.0s), 1/1 VUs, 4812 complete and 0 interrupted iterations
paced_over_5m   [  96% ] 1 VUs  5m23.0s/6m0s  4812/5000 iters, 5000 per VU

running (5m24.0s), 1/1 VUs, 4828 complete and 0 interrupted iterations
paced_over_5m   [  97% ] 1 VUs  5m24.0s/6m0s  4828/5000 iters, 5000 per VU

running (5m25.0s), 1/1 VUs, 4843 complete and 0 interrupted iterations
paced_over_5m   [  97% ] 1 VUs  5m25.0s/6m0s  4843/5000 iters, 5000 per VU

running (5m26.0s), 1/1 VUs, 4859 complete and 0 interrupted iterations
paced_over_5m   [  97% ] 1 VUs  5m26.0s/6m0s  4859/5000 iters, 5000 per VU

running (5m27.0s), 1/1 VUs, 4874 complete and 0 interrupted iterations
paced_over_5m   [  97% ] 1 VUs  5m27.0s/6m0s  4874/5000 iters, 5000 per VU

running (5m28.0s), 1/1 VUs, 4889 complete and 0 interrupted iterations
paced_over_5m   [  98% ] 1 VUs  5m28.0s/6m0s  4889/5000 iters, 5000 per VU

running (5m29.0s), 1/1 VUs, 4905 complete and 0 interrupted iterations
paced_over_5m   [  98% ] 1 VUs  5m29.0s/6m0s  4905/5000 iters, 5000 per VU

running (5m30.0s), 1/1 VUs, 4920 complete and 0 interrupted iterations
paced_over_5m   [  98% ] 1 VUs  5m30.0s/6m0s  4920/5000 iters, 5000 per VU

running (5m31.0s), 1/1 VUs, 4935 complete and 0 interrupted iterations
paced_over_5m   [  99% ] 1 VUs  5m31.0s/6m0s  4935/5000 iters, 5000 per VU

running (5m32.0s), 1/1 VUs, 4951 complete and 0 interrupted iterations
paced_over_5m   [  99% ] 1 VUs  5m32.0s/6m0s  4951/5000 iters, 5000 per VU

running (5m33.0s), 1/1 VUs, 4966 complete and 0 interrupted iterations
paced_over_5m   [  99% ] 1 VUs  5m33.0s/6m0s  4966/5000 iters, 5000 per VU

running (5m34.0s), 1/1 VUs, 4981 complete and 0 interrupted iterations
paced_over_5m   [ 100% ] 1 VUs  5m34.0s/6m0s  4981/5000 iters, 5000 per VU

running (5m35.0s), 1/1 VUs, 4997 complete and 0 interrupted iterations
paced_over_5m   [ 100% ] 1 VUs  5m35.0s/6m0s  4997/5000 iters, 5000 per VU


  █ THRESHOLDS 

    http_req_duration
    ✓ 'p(95)<2000' p(95)=1.6ms

    http_req_failed
    ✓ 'rate<0.01' rate=0.00%


  █ TOTAL RESULTS 

    checks_total.......: 5000    14.917342/s
    checks_succeeded...: 100.00% 5000 out of 5000
    checks_failed......: 0.00%   0 out of 5000

    ✓ status 2xx/3xx

    HTTP
    http_req_duration..............: avg=1.05ms  min=186.58µs med=982.72µs max=52.83ms  p(90)=1.36ms  p(95)=1.6ms  
      { expected_response:true }...: avg=1.05ms  min=186.58µs med=982.72µs max=52.83ms  p(90)=1.36ms  p(95)=1.6ms  
    http_req_failed................: 0.00%  0 out of 10000
    http_reqs......................: 10000  29.834685/s

    EXECUTION
    iteration_duration.............: avg=66.97ms min=60.9ms   med=66.48ms  max=126.25ms p(90)=71.88ms p(95)=72.68ms
    iterations.....................: 5000   14.917342/s
    vus............................: 1      min=1          max=1
    vus_max........................: 1      min=1          max=1

    NETWORK
    data_received..................: 16 MB  49 kB/s
    data_sent......................: 800 kB 2.4 kB/s




running (5m35.2s), 0/1 VUs, 5000 complete and 0 interrupted iterations
paced_over_5m ✓ [ 100% ] 1 VUs  5m35.2s/6m0s  5000/5000 iters, 5000 per VU
