
         /\      Grafana   /‾‾/  
    /\  /  \     |\  __   /  /   
   /  \/    \    | |/ /  /   ‾‾\ 
  /          \   |   (  |  (‾)  |
 / __________ \  |_|\_\  \_____/ 

     execution: local
        script: /scripts/script.js
        output: -

     scenarios: (100.00%) 1 scenario, 1 max VUs, 6m30s max duration (incl. graceful stop):
              * paced_over_5m: 1000 iterations for each of 1 VUs (maxDuration: 6m0s, gracefulStop: 30s)


running (0m01.0s), 1/1 VUs, 3 complete and 0 interrupted iterations
paced_over_5m   [   0% ] 1 VUs  0m01.0s/6m0s  0003/1000 iters, 1000 per VU

running (0m02.0s), 1/1 VUs, 6 complete and 0 interrupted iterations
paced_over_5m   [   1% ] 1 VUs  0m02.0s/6m0s  0006/1000 iters, 1000 per VU

running (0m03.0s), 1/1 VUs, 9 complete and 0 interrupted iterations
paced_over_5m   [   1% ] 1 VUs  0m03.0s/6m0s  0009/1000 iters, 1000 per VU

running (0m04.0s), 1/1 VUs, 12 complete and 0 interrupted iterations
paced_over_5m   [   1% ] 1 VUs  0m04.0s/6m0s  0012/1000 iters, 1000 per VU

running (0m05.0s), 1/1 VUs, 15 complete and 0 interrupted iterations
paced_over_5m   [   2% ] 1 VUs  0m05.0s/6m0s  0015/1000 iters, 1000 per VU

running (0m06.0s), 1/1 VUs, 19 complete and 0 interrupted iterations
paced_over_5m   [   2% ] 1 VUs  0m06.0s/6m0s  0019/1000 iters, 1000 per VU

running (0m07.0s), 1/1 VUs, 22 complete and 0 interrupted iterations
paced_over_5m   [   2% ] 1 VUs  0m07.0s/6m0s  0022/1000 iters, 1000 per VU

running (0m08.0s), 1/1 VUs, 25 complete and 0 interrupted iterations
paced_over_5m   [   2% ] 1 VUs  0m08.0s/6m0s  0025/1000 iters, 1000 per VU

running (0m09.0s), 1/1 VUs, 28 complete and 0 interrupted iterations
paced_over_5m   [   3% ] 1 VUs  0m09.0s/6m0s  0028/1000 iters, 1000 per VU

running (0m10.0s), 1/1 VUs, 31 complete and 0 interrupted iterations
paced_over_5m   [   3% ] 1 VUs  0m10.0s/6m0s  0031/1000 iters, 1000 per VU

running (0m11.0s), 1/1 VUs, 35 complete and 0 interrupted iterations
paced_over_5m   [   4% ] 1 VUs  0m11.0s/6m0s  0035/1000 iters, 1000 per VU

running (0m12.0s), 1/1 VUs, 38 complete and 0 interrupted iterations
paced_over_5m   [   4% ] 1 VUs  0m12.0s/6m0s  0038/1000 iters, 1000 per VU

running (0m13.0s), 1/1 VUs, 41 complete and 0 interrupted iterations
paced_over_5m   [   4% ] 1 VUs  0m13.0s/6m0s  0041/1000 iters, 1000 per VU

running (0m14.0s), 1/1 VUs, 44 complete and 0 interrupted iterations
paced_over_5m   [   4% ] 1 VUs  0m14.0s/6m0s  0044/1000 iters, 1000 per VU

running (0m15.0s), 1/1 VUs, 48 complete and 0 interrupted iterations
paced_over_5m   [   5% ] 1 VUs  0m15.0s/6m0s  0048/1000 iters, 1000 per VU

running (0m16.0s), 1/1 VUs, 51 complete and 0 interrupted iterations
paced_over_5m   [   5% ] 1 VUs  0m16.0s/6m0s  0051/1000 iters, 1000 per VU

running (0m17.0s), 1/1 VUs, 54 complete and 0 interrupted iterations
paced_over_5m   [   5% ] 1 VUs  0m17.0s/6m0s  0054/1000 iters, 1000 per VU

running (0m18.0s), 1/1 VUs, 57 complete and 0 interrupted iterations
paced_over_5m   [   6% ] 1 VUs  0m18.0s/6m0s  0057/1000 iters, 1000 per VU

running (0m19.0s), 1/1 VUs, 60 complete and 0 interrupted iterations
paced_over_5m   [   6% ] 1 VUs  0m19.0s/6m0s  0060/1000 iters, 1000 per VU

running (0m20.0s), 1/1 VUs, 64 complete and 0 interrupted iterations
paced_over_5m   [   6% ] 1 VUs  0m20.0s/6m0s  0064/1000 iters, 1000 per VU

running (0m21.0s), 1/1 VUs, 67 complete and 0 interrupted iterations
paced_over_5m   [   7% ] 1 VUs  0m21.0s/6m0s  0067/1000 iters, 1000 per VU

running (0m22.0s), 1/1 VUs, 70 complete and 0 interrupted iterations
paced_over_5m   [   7% ] 1 VUs  0m22.0s/6m0s  0070/1000 iters, 1000 per VU

running (0m23.0s), 1/1 VUs, 73 complete and 0 interrupted iterations
paced_over_5m   [   7% ] 1 VUs  0m23.0s/6m0s  0073/1000 iters, 1000 per VU

running (0m24.0s), 1/1 VUs, 77 complete and 0 interrupted iterations
paced_over_5m   [   8% ] 1 VUs  0m24.0s/6m0s  0077/1000 iters, 1000 per VU

running (0m25.0s), 1/1 VUs, 80 complete and 0 interrupted iterations
paced_over_5m   [   8% ] 1 VUs  0m25.0s/6m0s  0080/1000 iters, 1000 per VU

running (0m26.0s), 1/1 VUs, 83 complete and 0 interrupted iterations
paced_over_5m   [   8% ] 1 VUs  0m26.0s/6m0s  0083/1000 iters, 1000 per VU

running (0m27.0s), 1/1 VUs, 86 complete and 0 interrupted iterations
paced_over_5m   [   9% ] 1 VUs  0m27.0s/6m0s  0086/1000 iters, 1000 per VU

running (0m28.0s), 1/1 VUs, 89 complete and 0 interrupted iterations
paced_over_5m   [   9% ] 1 VUs  0m28.0s/6m0s  0089/1000 iters, 1000 per VU

running (0m29.0s), 1/1 VUs, 93 complete and 0 interrupted iterations
paced_over_5m   [   9% ] 1 VUs  0m29.0s/6m0s  0093/1000 iters, 1000 per VU

running (0m30.0s), 1/1 VUs, 96 complete and 0 interrupted iterations
paced_over_5m   [  10% ] 1 VUs  0m30.0s/6m0s  0096/1000 iters, 1000 per VU

running (0m31.0s), 1/1 VUs, 99 complete and 0 interrupted iterations
paced_over_5m   [  10% ] 1 VUs  0m31.0s/6m0s  0099/1000 iters, 1000 per VU

running (0m32.0s), 1/1 VUs, 102 complete and 0 interrupted iterations
paced_over_5m   [  10% ] 1 VUs  0m32.0s/6m0s  0102/1000 iters, 1000 per VU

running (0m33.0s), 1/1 VUs, 105 complete and 0 interrupted iterations
paced_over_5m   [  10% ] 1 VUs  0m33.0s/6m0s  0105/1000 iters, 1000 per VU

running (0m34.0s), 1/1 VUs, 109 complete and 0 interrupted iterations
paced_over_5m   [  11% ] 1 VUs  0m34.0s/6m0s  0109/1000 iters, 1000 per VU

running (0m35.0s), 1/1 VUs, 112 complete and 0 interrupted iterations
paced_over_5m   [  11% ] 1 VUs  0m35.0s/6m0s  0112/1000 iters, 1000 per VU

running (0m36.0s), 1/1 VUs, 115 complete and 0 interrupted iterations
paced_over_5m   [  12% ] 1 VUs  0m36.0s/6m0s  0115/1000 iters, 1000 per VU

running (0m37.0s), 1/1 VUs, 118 complete and 0 interrupted iterations
paced_over_5m   [  12% ] 1 VUs  0m37.0s/6m0s  0118/1000 iters, 1000 per VU

running (0m38.0s), 1/1 VUs, 122 complete and 0 interrupted iterations
paced_over_5m   [  12% ] 1 VUs  0m38.0s/6m0s  0122/1000 iters, 1000 per VU

running (0m39.0s), 1/1 VUs, 125 complete and 0 interrupted iterations
paced_over_5m   [  12% ] 1 VUs  0m39.0s/6m0s  0125/1000 iters, 1000 per VU

running (0m40.0s), 1/1 VUs, 128 complete and 0 interrupted iterations
paced_over_5m   [  13% ] 1 VUs  0m40.0s/6m0s  0128/1000 iters, 1000 per VU

running (0m41.0s), 1/1 VUs, 131 complete and 0 interrupted iterations
paced_over_5m   [  13% ] 1 VUs  0m41.0s/6m0s  0131/1000 iters, 1000 per VU

running (0m42.0s), 1/1 VUs, 134 complete and 0 interrupted iterations
paced_over_5m   [  13% ] 1 VUs  0m42.0s/6m0s  0134/1000 iters, 1000 per VU

running (0m43.0s), 1/1 VUs, 138 complete and 0 interrupted iterations
paced_over_5m   [  14% ] 1 VUs  0m43.0s/6m0s  0138/1000 iters, 1000 per VU

running (0m44.0s), 1/1 VUs, 141 complete and 0 interrupted iterations
paced_over_5m   [  14% ] 1 VUs  0m44.0s/6m0s  0141/1000 iters, 1000 per VU

running (0m45.0s), 1/1 VUs, 144 complete and 0 interrupted iterations
paced_over_5m   [  14% ] 1 VUs  0m45.0s/6m0s  0144/1000 iters, 1000 per VU

running (0m46.0s), 1/1 VUs, 147 complete and 0 interrupted iterations
paced_over_5m   [  15% ] 1 VUs  0m46.0s/6m0s  0147/1000 iters, 1000 per VU

running (0m47.0s), 1/1 VUs, 150 complete and 0 interrupted iterations
paced_over_5m   [  15% ] 1 VUs  0m47.0s/6m0s  0150/1000 iters, 1000 per VU

running (0m48.0s), 1/1 VUs, 154 complete and 0 interrupted iterations
paced_over_5m   [  15% ] 1 VUs  0m48.0s/6m0s  0154/1000 iters, 1000 per VU

running (0m49.0s), 1/1 VUs, 157 complete and 0 interrupted iterations
paced_over_5m   [  16% ] 1 VUs  0m49.0s/6m0s  0157/1000 iters, 1000 per VU

running (0m50.0s), 1/1 VUs, 160 complete and 0 interrupted iterations
paced_over_5m   [  16% ] 1 VUs  0m50.0s/6m0s  0160/1000 iters, 1000 per VU

running (0m51.0s), 1/1 VUs, 163 complete and 0 interrupted iterations
paced_over_5m   [  16% ] 1 VUs  0m51.0s/6m0s  0163/1000 iters, 1000 per VU

running (0m52.0s), 1/1 VUs, 166 complete and 0 interrupted iterations
paced_over_5m   [  17% ] 1 VUs  0m52.0s/6m0s  0166/1000 iters, 1000 per VU

running (0m53.0s), 1/1 VUs, 170 complete and 0 interrupted iterations
paced_over_5m   [  17% ] 1 VUs  0m53.0s/6m0s  0170/1000 iters, 1000 per VU

running (0m54.0s), 1/1 VUs, 173 complete and 0 interrupted iterations
paced_over_5m   [  17% ] 1 VUs  0m54.0s/6m0s  0173/1000 iters, 1000 per VU

running (0m55.0s), 1/1 VUs, 176 complete and 0 interrupted iterations
paced_over_5m   [  18% ] 1 VUs  0m55.0s/6m0s  0176/1000 iters, 1000 per VU

running (0m56.0s), 1/1 VUs, 179 complete and 0 interrupted iterations
paced_over_5m   [  18% ] 1 VUs  0m56.0s/6m0s  0179/1000 iters, 1000 per VU

running (0m57.0s), 1/1 VUs, 182 complete and 0 interrupted iterations
paced_over_5m   [  18% ] 1 VUs  0m57.0s/6m0s  0182/1000 iters, 1000 per VU

running (0m58.0s), 1/1 VUs, 186 complete and 0 interrupted iterations
paced_over_5m   [  19% ] 1 VUs  0m58.0s/6m0s  0186/1000 iters, 1000 per VU

running (0m59.0s), 1/1 VUs, 189 complete and 0 interrupted iterations
paced_over_5m   [  19% ] 1 VUs  0m59.0s/6m0s  0189/1000 iters, 1000 per VU

running (1m00.0s), 1/1 VUs, 192 complete and 0 interrupted iterations
paced_over_5m   [  19% ] 1 VUs  1m00.0s/6m0s  0192/1000 iters, 1000 per VU

running (1m01.0s), 1/1 VUs, 195 complete and 0 interrupted iterations
paced_over_5m   [  20% ] 1 VUs  1m01.0s/6m0s  0195/1000 iters, 1000 per VU

running (1m02.0s), 1/1 VUs, 198 complete and 0 interrupted iterations
paced_over_5m   [  20% ] 1 VUs  1m02.0s/6m0s  0198/1000 iters, 1000 per VU

running (1m03.0s), 1/1 VUs, 202 complete and 0 interrupted iterations
paced_over_5m   [  20% ] 1 VUs  1m03.0s/6m0s  0202/1000 iters, 1000 per VU

running (1m04.0s), 1/1 VUs, 205 complete and 0 interrupted iterations
paced_over_5m   [  20% ] 1 VUs  1m04.0s/6m0s  0205/1000 iters, 1000 per VU

running (1m05.0s), 1/1 VUs, 208 complete and 0 interrupted iterations
paced_over_5m   [  21% ] 1 VUs  1m05.0s/6m0s  0208/1000 iters, 1000 per VU

running (1m06.0s), 1/1 VUs, 211 complete and 0 interrupted iterations
paced_over_5m   [  21% ] 1 VUs  1m06.0s/6m0s  0211/1000 iters, 1000 per VU

running (1m07.0s), 1/1 VUs, 214 complete and 0 interrupted iterations
paced_over_5m   [  22% ] 1 VUs  1m07.0s/6m0s  0215/1000 iters, 1000 per VU

running (1m08.0s), 1/1 VUs, 218 complete and 0 interrupted iterations
paced_over_5m   [  22% ] 1 VUs  1m08.0s/6m0s  0218/1000 iters, 1000 per VU

running (1m09.0s), 1/1 VUs, 221 complete and 0 interrupted iterations
paced_over_5m   [  22% ] 1 VUs  1m09.0s/6m0s  0221/1000 iters, 1000 per VU

running (1m10.0s), 1/1 VUs, 224 complete and 0 interrupted iterations
paced_over_5m   [  22% ] 1 VUs  1m10.0s/6m0s  0224/1000 iters, 1000 per VU

running (1m11.0s), 1/1 VUs, 227 complete and 0 interrupted iterations
paced_over_5m   [  23% ] 1 VUs  1m11.0s/6m0s  0227/1000 iters, 1000 per VU

running (1m12.0s), 1/1 VUs, 231 complete and 0 interrupted iterations
paced_over_5m   [  23% ] 1 VUs  1m12.0s/6m0s  0231/1000 iters, 1000 per VU

running (1m13.0s), 1/1 VUs, 234 complete and 0 interrupted iterations
paced_over_5m   [  23% ] 1 VUs  1m13.0s/6m0s  0234/1000 iters, 1000 per VU

running (1m14.0s), 1/1 VUs, 237 complete and 0 interrupted iterations
paced_over_5m   [  24% ] 1 VUs  1m14.0s/6m0s  0237/1000 iters, 1000 per VU

running (1m15.0s), 1/1 VUs, 240 complete and 0 interrupted iterations
paced_over_5m   [  24% ] 1 VUs  1m15.0s/6m0s  0240/1000 iters, 1000 per VU

running (1m16.0s), 1/1 VUs, 243 complete and 0 interrupted iterations
paced_over_5m   [  24% ] 1 VUs  1m16.0s/6m0s  0243/1000 iters, 1000 per VU

running (1m17.0s), 1/1 VUs, 247 complete and 0 interrupted iterations
paced_over_5m   [  25% ] 1 VUs  1m17.0s/6m0s  0247/1000 iters, 1000 per VU

running (1m18.0s), 1/1 VUs, 250 complete and 0 interrupted iterations
paced_over_5m   [  25% ] 1 VUs  1m18.0s/6m0s  0250/1000 iters, 1000 per VU

running (1m19.0s), 1/1 VUs, 253 complete and 0 interrupted iterations
paced_over_5m   [  25% ] 1 VUs  1m19.0s/6m0s  0253/1000 iters, 1000 per VU

running (1m20.0s), 1/1 VUs, 256 complete and 0 interrupted iterations
paced_over_5m   [  26% ] 1 VUs  1m20.0s/6m0s  0256/1000 iters, 1000 per VU

running (1m21.0s), 1/1 VUs, 259 complete and 0 interrupted iterations
paced_over_5m   [  26% ] 1 VUs  1m21.0s/6m0s  0259/1000 iters, 1000 per VU

running (1m22.0s), 1/1 VUs, 263 complete and 0 interrupted iterations
paced_over_5m   [  26% ] 1 VUs  1m22.0s/6m0s  0263/1000 iters, 1000 per VU

running (1m23.0s), 1/1 VUs, 266 complete and 0 interrupted iterations
paced_over_5m   [  27% ] 1 VUs  1m23.0s/6m0s  0266/1000 iters, 1000 per VU

running (1m24.0s), 1/1 VUs, 269 complete and 0 interrupted iterations
paced_over_5m   [  27% ] 1 VUs  1m24.0s/6m0s  0269/1000 iters, 1000 per VU

running (1m25.0s), 1/1 VUs, 272 complete and 0 interrupted iterations
paced_over_5m   [  27% ] 1 VUs  1m25.0s/6m0s  0272/1000 iters, 1000 per VU

running (1m26.0s), 1/1 VUs, 275 complete and 0 interrupted iterations
paced_over_5m   [  28% ] 1 VUs  1m26.0s/6m0s  0275/1000 iters, 1000 per VU

running (1m27.0s), 1/1 VUs, 279 complete and 0 interrupted iterations
paced_over_5m   [  28% ] 1 VUs  1m27.0s/6m0s  0279/1000 iters, 1000 per VU

running (1m28.0s), 1/1 VUs, 282 complete and 0 interrupted iterations
paced_over_5m   [  28% ] 1 VUs  1m28.0s/6m0s  0282/1000 iters, 1000 per VU

running (1m29.0s), 1/1 VUs, 285 complete and 0 interrupted iterations
paced_over_5m   [  28% ] 1 VUs  1m29.0s/6m0s  0285/1000 iters, 1000 per VU

running (1m30.0s), 1/1 VUs, 288 complete and 0 interrupted iterations
paced_over_5m   [  29% ] 1 VUs  1m30.0s/6m0s  0288/1000 iters, 1000 per VU

running (1m31.0s), 1/1 VUs, 292 complete and 0 interrupted iterations
paced_over_5m   [  29% ] 1 VUs  1m31.0s/6m0s  0292/1000 iters, 1000 per VU

running (1m32.0s), 1/1 VUs, 295 complete and 0 interrupted iterations
paced_over_5m   [  30% ] 1 VUs  1m32.0s/6m0s  0295/1000 iters, 1000 per VU

running (1m33.0s), 1/1 VUs, 298 complete and 0 interrupted iterations
paced_over_5m   [  30% ] 1 VUs  1m33.0s/6m0s  0298/1000 iters, 1000 per VU

running (1m34.0s), 1/1 VUs, 301 complete and 0 interrupted iterations
paced_over_5m   [  30% ] 1 VUs  1m34.0s/6m0s  0301/1000 iters, 1000 per VU

running (1m35.0s), 1/1 VUs, 304 complete and 0 interrupted iterations
paced_over_5m   [  30% ] 1 VUs  1m35.0s/6m0s  0304/1000 iters, 1000 per VU

running (1m36.0s), 1/1 VUs, 308 complete and 0 interrupted iterations
paced_over_5m   [  31% ] 1 VUs  1m36.0s/6m0s  0308/1000 iters, 1000 per VU

running (1m37.0s), 1/1 VUs, 311 complete and 0 interrupted iterations
paced_over_5m   [  31% ] 1 VUs  1m37.0s/6m0s  0311/1000 iters, 1000 per VU

running (1m38.0s), 1/1 VUs, 314 complete and 0 interrupted iterations
paced_over_5m   [  31% ] 1 VUs  1m38.0s/6m0s  0314/1000 iters, 1000 per VU

running (1m39.0s), 1/1 VUs, 317 complete and 0 interrupted iterations
paced_over_5m   [  32% ] 1 VUs  1m39.0s/6m0s  0317/1000 iters, 1000 per VU

running (1m40.0s), 1/1 VUs, 320 complete and 0 interrupted iterations
paced_over_5m   [  32% ] 1 VUs  1m40.0s/6m0s  0320/1000 iters, 1000 per VU

running (1m41.0s), 1/1 VUs, 324 complete and 0 interrupted iterations
paced_over_5m   [  32% ] 1 VUs  1m41.0s/6m0s  0324/1000 iters, 1000 per VU

running (1m42.0s), 1/1 VUs, 327 complete and 0 interrupted iterations
paced_over_5m   [  33% ] 1 VUs  1m42.0s/6m0s  0327/1000 iters, 1000 per VU

running (1m43.0s), 1/1 VUs, 330 complete and 0 interrupted iterations
paced_over_5m   [  33% ] 1 VUs  1m43.0s/6m0s  0330/1000 iters, 1000 per VU

running (1m44.0s), 1/1 VUs, 333 complete and 0 interrupted iterations
paced_over_5m   [  33% ] 1 VUs  1m44.0s/6m0s  0333/1000 iters, 1000 per VU

running (1m45.0s), 1/1 VUs, 336 complete and 0 interrupted iterations
paced_over_5m   [  34% ] 1 VUs  1m45.0s/6m0s  0336/1000 iters, 1000 per VU

running (1m46.0s), 1/1 VUs, 340 complete and 0 interrupted iterations
paced_over_5m   [  34% ] 1 VUs  1m46.0s/6m0s  0340/1000 iters, 1000 per VU

running (1m47.0s), 1/1 VUs, 343 complete and 0 interrupted iterations
paced_over_5m   [  34% ] 1 VUs  1m47.0s/6m0s  0343/1000 iters, 1000 per VU

running (1m48.0s), 1/1 VUs, 346 complete and 0 interrupted iterations
paced_over_5m   [  35% ] 1 VUs  1m48.0s/6m0s  0346/1000 iters, 1000 per VU

running (1m49.0s), 1/1 VUs, 349 complete and 0 interrupted iterations
paced_over_5m   [  35% ] 1 VUs  1m49.0s/6m0s  0349/1000 iters, 1000 per VU

running (1m50.0s), 1/1 VUs, 353 complete and 0 interrupted iterations
paced_over_5m   [  35% ] 1 VUs  1m50.0s/6m0s  0353/1000 iters, 1000 per VU

running (1m51.0s), 1/1 VUs, 356 complete and 0 interrupted iterations
paced_over_5m   [  36% ] 1 VUs  1m51.0s/6m0s  0356/1000 iters, 1000 per VU

running (1m52.0s), 1/1 VUs, 359 complete and 0 interrupted iterations
paced_over_5m   [  36% ] 1 VUs  1m52.0s/6m0s  0359/1000 iters, 1000 per VU

running (1m53.0s), 1/1 VUs, 362 complete and 0 interrupted iterations
paced_over_5m   [  36% ] 1 VUs  1m53.0s/6m0s  0362/1000 iters, 1000 per VU

running (1m54.0s), 1/1 VUs, 365 complete and 0 interrupted iterations
paced_over_5m   [  36% ] 1 VUs  1m54.0s/6m0s  0365/1000 iters, 1000 per VU

running (1m55.0s), 1/1 VUs, 369 complete and 0 interrupted iterations
paced_over_5m   [  37% ] 1 VUs  1m55.0s/6m0s  0369/1000 iters, 1000 per VU

running (1m56.0s), 1/1 VUs, 372 complete and 0 interrupted iterations
paced_over_5m   [  37% ] 1 VUs  1m56.0s/6m0s  0372/1000 iters, 1000 per VU

running (1m57.0s), 1/1 VUs, 375 complete and 0 interrupted iterations
paced_over_5m   [  38% ] 1 VUs  1m57.0s/6m0s  0375/1000 iters, 1000 per VU

running (1m58.0s), 1/1 VUs, 378 complete and 0 interrupted iterations
paced_over_5m   [  38% ] 1 VUs  1m58.0s/6m0s  0378/1000 iters, 1000 per VU

running (1m59.0s), 1/1 VUs, 381 complete and 0 interrupted iterations
paced_over_5m   [  38% ] 1 VUs  1m59.0s/6m0s  0381/1000 iters, 1000 per VU

running (2m00.0s), 1/1 VUs, 385 complete and 0 interrupted iterations
paced_over_5m   [  38% ] 1 VUs  2m00.0s/6m0s  0385/1000 iters, 1000 per VU

running (2m01.0s), 1/1 VUs, 388 complete and 0 interrupted iterations
paced_over_5m   [  39% ] 1 VUs  2m01.0s/6m0s  0388/1000 iters, 1000 per VU

running (2m02.0s), 1/1 VUs, 391 complete and 0 interrupted iterations
paced_over_5m   [  39% ] 1 VUs  2m02.0s/6m0s  0391/1000 iters, 1000 per VU

running (2m03.0s), 1/1 VUs, 394 complete and 0 interrupted iterations
paced_over_5m   [  39% ] 1 VUs  2m03.0s/6m0s  0394/1000 iters, 1000 per VU

running (2m04.0s), 1/1 VUs, 398 complete and 0 interrupted iterations
paced_over_5m   [  40% ] 1 VUs  2m04.0s/6m0s  0398/1000 iters, 1000 per VU

running (2m05.0s), 1/1 VUs, 401 complete and 0 interrupted iterations
paced_over_5m   [  40% ] 1 VUs  2m05.0s/6m0s  0401/1000 iters, 1000 per VU

running (2m06.0s), 1/1 VUs, 404 complete and 0 interrupted iterations
paced_over_5m   [  40% ] 1 VUs  2m06.0s/6m0s  0404/1000 iters, 1000 per VU

running (2m07.0s), 1/1 VUs, 407 complete and 0 interrupted iterations
paced_over_5m   [  41% ] 1 VUs  2m07.0s/6m0s  0407/1000 iters, 1000 per VU

running (2m08.0s), 1/1 VUs, 410 complete and 0 interrupted iterations
paced_over_5m   [  41% ] 1 VUs  2m08.0s/6m0s  0410/1000 iters, 1000 per VU

running (2m09.0s), 1/1 VUs, 414 complete and 0 interrupted iterations
paced_over_5m   [  41% ] 1 VUs  2m09.0s/6m0s  0414/1000 iters, 1000 per VU

running (2m10.0s), 1/1 VUs, 417 complete and 0 interrupted iterations
paced_over_5m   [  42% ] 1 VUs  2m10.0s/6m0s  0417/1000 iters, 1000 per VU

running (2m11.0s), 1/1 VUs, 420 complete and 0 interrupted iterations
paced_over_5m   [  42% ] 1 VUs  2m11.0s/6m0s  0420/1000 iters, 1000 per VU

running (2m12.0s), 1/1 VUs, 423 complete and 0 interrupted iterations
paced_over_5m   [  42% ] 1 VUs  2m12.0s/6m0s  0423/1000 iters, 1000 per VU

running (2m13.0s), 1/1 VUs, 426 complete and 0 interrupted iterations
paced_over_5m   [  43% ] 1 VUs  2m13.0s/6m0s  0426/1000 iters, 1000 per VU

running (2m14.0s), 1/1 VUs, 430 complete and 0 interrupted iterations
paced_over_5m   [  43% ] 1 VUs  2m14.0s/6m0s  0430/1000 iters, 1000 per VU

running (2m15.0s), 1/1 VUs, 433 complete and 0 interrupted iterations
paced_over_5m   [  43% ] 1 VUs  2m15.0s/6m0s  0433/1000 iters, 1000 per VU

running (2m16.0s), 1/1 VUs, 436 complete and 0 interrupted iterations
paced_over_5m   [  44% ] 1 VUs  2m16.0s/6m0s  0436/1000 iters, 1000 per VU

running (2m17.0s), 1/1 VUs, 439 complete and 0 interrupted iterations
paced_over_5m   [  44% ] 1 VUs  2m17.0s/6m0s  0439/1000 iters, 1000 per VU

running (2m18.0s), 1/1 VUs, 443 complete and 0 interrupted iterations
paced_over_5m   [  44% ] 1 VUs  2m18.0s/6m0s  0443/1000 iters, 1000 per VU

running (2m19.0s), 1/1 VUs, 446 complete and 0 interrupted iterations
paced_over_5m   [  45% ] 1 VUs  2m19.0s/6m0s  0446/1000 iters, 1000 per VU

running (2m20.0s), 1/1 VUs, 449 complete and 0 interrupted iterations
paced_over_5m   [  45% ] 1 VUs  2m20.0s/6m0s  0449/1000 iters, 1000 per VU

running (2m21.0s), 1/1 VUs, 452 complete and 0 interrupted iterations
paced_over_5m   [  45% ] 1 VUs  2m21.0s/6m0s  0452/1000 iters, 1000 per VU

running (2m22.0s), 1/1 VUs, 455 complete and 0 interrupted iterations
paced_over_5m   [  46% ] 1 VUs  2m22.0s/6m0s  0455/1000 iters, 1000 per VU

running (2m23.0s), 1/1 VUs, 459 complete and 0 interrupted iterations
paced_over_5m   [  46% ] 1 VUs  2m23.0s/6m0s  0459/1000 iters, 1000 per VU

running (2m24.0s), 1/1 VUs, 462 complete and 0 interrupted iterations
paced_over_5m   [  46% ] 1 VUs  2m24.0s/6m0s  0462/1000 iters, 1000 per VU

running (2m25.0s), 1/1 VUs, 465 complete and 0 interrupted iterations
paced_over_5m   [  46% ] 1 VUs  2m25.0s/6m0s  0465/1000 iters, 1000 per VU

running (2m26.0s), 1/1 VUs, 468 complete and 0 interrupted iterations
paced_over_5m   [  47% ] 1 VUs  2m26.0s/6m0s  0468/1000 iters, 1000 per VU

running (2m27.0s), 1/1 VUs, 471 complete and 0 interrupted iterations
paced_over_5m   [  47% ] 1 VUs  2m27.0s/6m0s  0471/1000 iters, 1000 per VU

running (2m28.0s), 1/1 VUs, 475 complete and 0 interrupted iterations
paced_over_5m   [  48% ] 1 VUs  2m28.0s/6m0s  0475/1000 iters, 1000 per VU

running (2m29.0s), 1/1 VUs, 478 complete and 0 interrupted iterations
paced_over_5m   [  48% ] 1 VUs  2m29.0s/6m0s  0478/1000 iters, 1000 per VU

running (2m30.0s), 1/1 VUs, 481 complete and 0 interrupted iterations
paced_over_5m   [  48% ] 1 VUs  2m30.0s/6m0s  0481/1000 iters, 1000 per VU

running (2m31.0s), 1/1 VUs, 484 complete and 0 interrupted iterations
paced_over_5m   [  48% ] 1 VUs  2m31.0s/6m0s  0484/1000 iters, 1000 per VU

running (2m32.0s), 1/1 VUs, 488 complete and 0 interrupted iterations
paced_over_5m   [  49% ] 1 VUs  2m32.0s/6m0s  0488/1000 iters, 1000 per VU

running (2m33.0s), 1/1 VUs, 491 complete and 0 interrupted iterations
paced_over_5m   [  49% ] 1 VUs  2m33.0s/6m0s  0491/1000 iters, 1000 per VU

running (2m34.0s), 1/1 VUs, 494 complete and 0 interrupted iterations
paced_over_5m   [  49% ] 1 VUs  2m34.0s/6m0s  0494/1000 iters, 1000 per VU

running (2m35.0s), 1/1 VUs, 497 complete and 0 interrupted iterations
paced_over_5m   [  50% ] 1 VUs  2m35.0s/6m0s  0497/1000 iters, 1000 per VU

running (2m36.0s), 1/1 VUs, 500 complete and 0 interrupted iterations
paced_over_5m   [  50% ] 1 VUs  2m36.0s/6m0s  0500/1000 iters, 1000 per VU

running (2m37.0s), 1/1 VUs, 504 complete and 0 interrupted iterations
paced_over_5m   [  50% ] 1 VUs  2m37.0s/6m0s  0504/1000 iters, 1000 per VU

running (2m38.0s), 1/1 VUs, 507 complete and 0 interrupted iterations
paced_over_5m   [  51% ] 1 VUs  2m38.0s/6m0s  0507/1000 iters, 1000 per VU

running (2m39.0s), 1/1 VUs, 510 complete and 0 interrupted iterations
paced_over_5m   [  51% ] 1 VUs  2m39.0s/6m0s  0510/1000 iters, 1000 per VU

running (2m40.0s), 1/1 VUs, 513 complete and 0 interrupted iterations
paced_over_5m   [  51% ] 1 VUs  2m40.0s/6m0s  0513/1000 iters, 1000 per VU

running (2m41.0s), 1/1 VUs, 516 complete and 0 interrupted iterations
paced_over_5m   [  52% ] 1 VUs  2m41.0s/6m0s  0516/1000 iters, 1000 per VU

running (2m42.0s), 1/1 VUs, 520 complete and 0 interrupted iterations
paced_over_5m   [  52% ] 1 VUs  2m42.0s/6m0s  0520/1000 iters, 1000 per VU

running (2m43.0s), 1/1 VUs, 523 complete and 0 interrupted iterations
paced_over_5m   [  52% ] 1 VUs  2m43.0s/6m0s  0523/1000 iters, 1000 per VU

running (2m44.0s), 1/1 VUs, 526 complete and 0 interrupted iterations
paced_over_5m   [  53% ] 1 VUs  2m44.0s/6m0s  0526/1000 iters, 1000 per VU

running (2m45.0s), 1/1 VUs, 529 complete and 0 interrupted iterations
paced_over_5m   [  53% ] 1 VUs  2m45.0s/6m0s  0529/1000 iters, 1000 per VU

running (2m46.0s), 1/1 VUs, 532 complete and 0 interrupted iterations
paced_over_5m   [  53% ] 1 VUs  2m46.0s/6m0s  0532/1000 iters, 1000 per VU

running (2m47.0s), 1/1 VUs, 536 complete and 0 interrupted iterations
paced_over_5m   [  54% ] 1 VUs  2m47.0s/6m0s  0536/1000 iters, 1000 per VU

running (2m48.0s), 1/1 VUs, 539 complete and 0 interrupted iterations
paced_over_5m   [  54% ] 1 VUs  2m48.0s/6m0s  0539/1000 iters, 1000 per VU

running (2m49.0s), 1/1 VUs, 542 complete and 0 interrupted iterations
paced_over_5m   [  54% ] 1 VUs  2m49.0s/6m0s  0542/1000 iters, 1000 per VU

running (2m50.0s), 1/1 VUs, 545 complete and 0 interrupted iterations
paced_over_5m   [  55% ] 1 VUs  2m50.0s/6m0s  0545/1000 iters, 1000 per VU

running (2m51.0s), 1/1 VUs, 549 complete and 0 interrupted iterations
paced_over_5m   [  55% ] 1 VUs  2m51.0s/6m0s  0549/1000 iters, 1000 per VU

running (2m52.0s), 1/1 VUs, 552 complete and 0 interrupted iterations
paced_over_5m   [  55% ] 1 VUs  2m52.0s/6m0s  0552/1000 iters, 1000 per VU

running (2m53.0s), 1/1 VUs, 555 complete and 0 interrupted iterations
paced_over_5m   [  56% ] 1 VUs  2m53.0s/6m0s  0555/1000 iters, 1000 per VU

running (2m54.0s), 1/1 VUs, 558 complete and 0 interrupted iterations
paced_over_5m   [  56% ] 1 VUs  2m54.0s/6m0s  0558/1000 iters, 1000 per VU

running (2m55.0s), 1/1 VUs, 561 complete and 0 interrupted iterations
paced_over_5m   [  56% ] 1 VUs  2m55.0s/6m0s  0561/1000 iters, 1000 per VU

running (2m56.0s), 1/1 VUs, 565 complete and 0 interrupted iterations
paced_over_5m   [  56% ] 1 VUs  2m56.0s/6m0s  0565/1000 iters, 1000 per VU

running (2m57.0s), 1/1 VUs, 568 complete and 0 interrupted iterations
paced_over_5m   [  57% ] 1 VUs  2m57.0s/6m0s  0568/1000 iters, 1000 per VU

running (2m58.0s), 1/1 VUs, 571 complete and 0 interrupted iterations
paced_over_5m   [  57% ] 1 VUs  2m58.0s/6m0s  0571/1000 iters, 1000 per VU

running (2m59.0s), 1/1 VUs, 574 complete and 0 interrupted iterations
paced_over_5m   [  57% ] 1 VUs  2m59.0s/6m0s  0574/1000 iters, 1000 per VU

running (3m00.0s), 1/1 VUs, 577 complete and 0 interrupted iterations
paced_over_5m   [  58% ] 1 VUs  3m00.0s/6m0s  0577/1000 iters, 1000 per VU

running (3m01.0s), 1/1 VUs, 581 complete and 0 interrupted iterations
paced_over_5m   [  58% ] 1 VUs  3m01.0s/6m0s  0581/1000 iters, 1000 per VU

running (3m02.0s), 1/1 VUs, 584 complete and 0 interrupted iterations
paced_over_5m   [  58% ] 1 VUs  3m02.0s/6m0s  0584/1000 iters, 1000 per VU

running (3m03.0s), 1/1 VUs, 587 complete and 0 interrupted iterations
paced_over_5m   [  59% ] 1 VUs  3m03.0s/6m0s  0587/1000 iters, 1000 per VU

running (3m04.0s), 1/1 VUs, 590 complete and 0 interrupted iterations
paced_over_5m   [  59% ] 1 VUs  3m04.0s/6m0s  0590/1000 iters, 1000 per VU

running (3m05.0s), 1/1 VUs, 593 complete and 0 interrupted iterations
paced_over_5m   [  59% ] 1 VUs  3m05.0s/6m0s  0593/1000 iters, 1000 per VU

running (3m06.0s), 1/1 VUs, 597 complete and 0 interrupted iterations
paced_over_5m   [  60% ] 1 VUs  3m06.0s/6m0s  0597/1000 iters, 1000 per VU

running (3m07.0s), 1/1 VUs, 600 complete and 0 interrupted iterations
paced_over_5m   [  60% ] 1 VUs  3m07.0s/6m0s  0600/1000 iters, 1000 per VU

running (3m08.0s), 1/1 VUs, 603 complete and 0 interrupted iterations
paced_over_5m   [  60% ] 1 VUs  3m08.0s/6m0s  0603/1000 iters, 1000 per VU

running (3m09.0s), 1/1 VUs, 606 complete and 0 interrupted iterations
paced_over_5m   [  61% ] 1 VUs  3m09.0s/6m0s  0606/1000 iters, 1000 per VU

running (3m10.0s), 1/1 VUs, 609 complete and 0 interrupted iterations
paced_over_5m   [  61% ] 1 VUs  3m10.0s/6m0s  0609/1000 iters, 1000 per VU

running (3m11.0s), 1/1 VUs, 613 complete and 0 interrupted iterations
paced_over_5m   [  61% ] 1 VUs  3m11.0s/6m0s  0613/1000 iters, 1000 per VU

running (3m12.0s), 1/1 VUs, 616 complete and 0 interrupted iterations
paced_over_5m   [  62% ] 1 VUs  3m12.0s/6m0s  0616/1000 iters, 1000 per VU

running (3m13.0s), 1/1 VUs, 619 complete and 0 interrupted iterations
paced_over_5m   [  62% ] 1 VUs  3m13.0s/6m0s  0619/1000 iters, 1000 per VU

running (3m14.0s), 1/1 VUs, 622 complete and 0 interrupted iterations
paced_over_5m   [  62% ] 1 VUs  3m14.0s/6m0s  0622/1000 iters, 1000 per VU

running (3m15.0s), 1/1 VUs, 626 complete and 0 interrupted iterations
paced_over_5m   [  63% ] 1 VUs  3m15.0s/6m0s  0626/1000 iters, 1000 per VU

running (3m16.0s), 1/1 VUs, 629 complete and 0 interrupted iterations
paced_over_5m   [  63% ] 1 VUs  3m16.0s/6m0s  0629/1000 iters, 1000 per VU

running (3m17.0s), 1/1 VUs, 632 complete and 0 interrupted iterations
paced_over_5m   [  63% ] 1 VUs  3m17.0s/6m0s  0632/1000 iters, 1000 per VU

running (3m18.0s), 1/1 VUs, 635 complete and 0 interrupted iterations
paced_over_5m   [  64% ] 1 VUs  3m18.0s/6m0s  0635/1000 iters, 1000 per VU

running (3m19.0s), 1/1 VUs, 638 complete and 0 interrupted iterations
paced_over_5m   [  64% ] 1 VUs  3m19.0s/6m0s  0638/1000 iters, 1000 per VU

running (3m20.0s), 1/1 VUs, 642 complete and 0 interrupted iterations
paced_over_5m   [  64% ] 1 VUs  3m20.0s/6m0s  0642/1000 iters, 1000 per VU

running (3m21.0s), 1/1 VUs, 645 complete and 0 interrupted iterations
paced_over_5m   [  64% ] 1 VUs  3m21.0s/6m0s  0645/1000 iters, 1000 per VU

running (3m22.0s), 1/1 VUs, 648 complete and 0 interrupted iterations
paced_over_5m   [  65% ] 1 VUs  3m22.0s/6m0s  0648/1000 iters, 1000 per VU

running (3m23.0s), 1/1 VUs, 651 complete and 0 interrupted iterations
paced_over_5m   [  65% ] 1 VUs  3m23.0s/6m0s  0651/1000 iters, 1000 per VU

running (3m24.0s), 1/1 VUs, 654 complete and 0 interrupted iterations
paced_over_5m   [  65% ] 1 VUs  3m24.0s/6m0s  0654/1000 iters, 1000 per VU

running (3m25.0s), 1/1 VUs, 658 complete and 0 interrupted iterations
paced_over_5m   [  66% ] 1 VUs  3m25.0s/6m0s  0658/1000 iters, 1000 per VU

running (3m26.0s), 1/1 VUs, 661 complete and 0 interrupted iterations
paced_over_5m   [  66% ] 1 VUs  3m26.0s/6m0s  0661/1000 iters, 1000 per VU

running (3m27.0s), 1/1 VUs, 664 complete and 0 interrupted iterations
paced_over_5m   [  66% ] 1 VUs  3m27.0s/6m0s  0664/1000 iters, 1000 per VU

running (3m28.0s), 1/1 VUs, 667 complete and 0 interrupted iterations
paced_over_5m   [  67% ] 1 VUs  3m28.0s/6m0s  0667/1000 iters, 1000 per VU

running (3m29.0s), 1/1 VUs, 670 complete and 0 interrupted iterations
paced_over_5m   [  67% ] 1 VUs  3m29.0s/6m0s  0670/1000 iters, 1000 per VU

running (3m30.0s), 1/1 VUs, 674 complete and 0 interrupted iterations
paced_over_5m   [  67% ] 1 VUs  3m30.0s/6m0s  0674/1000 iters, 1000 per VU

running (3m31.0s), 1/1 VUs, 677 complete and 0 interrupted iterations
paced_over_5m   [  68% ] 1 VUs  3m31.0s/6m0s  0677/1000 iters, 1000 per VU

running (3m32.0s), 1/1 VUs, 680 complete and 0 interrupted iterations
paced_over_5m   [  68% ] 1 VUs  3m32.0s/6m0s  0680/1000 iters, 1000 per VU

running (3m33.0s), 1/1 VUs, 683 complete and 0 interrupted iterations
paced_over_5m   [  68% ] 1 VUs  3m33.0s/6m0s  0683/1000 iters, 1000 per VU

running (3m34.0s), 1/1 VUs, 687 complete and 0 interrupted iterations
paced_over_5m   [  69% ] 1 VUs  3m34.0s/6m0s  0687/1000 iters, 1000 per VU

running (3m35.0s), 1/1 VUs, 690 complete and 0 interrupted iterations
paced_over_5m   [  69% ] 1 VUs  3m35.0s/6m0s  0690/1000 iters, 1000 per VU

running (3m36.0s), 1/1 VUs, 693 complete and 0 interrupted iterations
paced_over_5m   [  69% ] 1 VUs  3m36.0s/6m0s  0693/1000 iters, 1000 per VU

running (3m37.0s), 1/1 VUs, 696 complete and 0 interrupted iterations
paced_over_5m   [  70% ] 1 VUs  3m37.0s/6m0s  0696/1000 iters, 1000 per VU

running (3m38.0s), 1/1 VUs, 699 complete and 0 interrupted iterations
paced_over_5m   [  70% ] 1 VUs  3m38.0s/6m0s  0699/1000 iters, 1000 per VU

running (3m39.0s), 1/1 VUs, 703 complete and 0 interrupted iterations
paced_over_5m   [  70% ] 1 VUs  3m39.0s/6m0s  0703/1000 iters, 1000 per VU

running (3m40.0s), 1/1 VUs, 706 complete and 0 interrupted iterations
paced_over_5m   [  71% ] 1 VUs  3m40.0s/6m0s  0706/1000 iters, 1000 per VU

running (3m41.0s), 1/1 VUs, 709 complete and 0 interrupted iterations
paced_over_5m   [  71% ] 1 VUs  3m41.0s/6m0s  0709/1000 iters, 1000 per VU

running (3m42.0s), 1/1 VUs, 712 complete and 0 interrupted iterations
paced_over_5m   [  71% ] 1 VUs  3m42.0s/6m0s  0712/1000 iters, 1000 per VU

running (3m43.0s), 1/1 VUs, 715 complete and 0 interrupted iterations
paced_over_5m   [  72% ] 1 VUs  3m43.0s/6m0s  0715/1000 iters, 1000 per VU

running (3m44.0s), 1/1 VUs, 719 complete and 0 interrupted iterations
paced_over_5m   [  72% ] 1 VUs  3m44.0s/6m0s  0719/1000 iters, 1000 per VU

running (3m45.0s), 1/1 VUs, 722 complete and 0 interrupted iterations
paced_over_5m   [  72% ] 1 VUs  3m45.0s/6m0s  0722/1000 iters, 1000 per VU

running (3m46.0s), 1/1 VUs, 725 complete and 0 interrupted iterations
paced_over_5m   [  72% ] 1 VUs  3m46.0s/6m0s  0725/1000 iters, 1000 per VU

running (3m47.0s), 1/1 VUs, 728 complete and 0 interrupted iterations
paced_over_5m   [  73% ] 1 VUs  3m47.0s/6m0s  0728/1000 iters, 1000 per VU

running (3m48.0s), 1/1 VUs, 731 complete and 0 interrupted iterations
paced_over_5m   [  73% ] 1 VUs  3m48.0s/6m0s  0731/1000 iters, 1000 per VU

running (3m49.0s), 1/1 VUs, 735 complete and 0 interrupted iterations
paced_over_5m   [  74% ] 1 VUs  3m49.0s/6m0s  0735/1000 iters, 1000 per VU

running (3m50.0s), 1/1 VUs, 738 complete and 0 interrupted iterations
paced_over_5m   [  74% ] 1 VUs  3m50.0s/6m0s  0738/1000 iters, 1000 per VU

running (3m51.0s), 1/1 VUs, 741 complete and 0 interrupted iterations
paced_over_5m   [  74% ] 1 VUs  3m51.0s/6m0s  0741/1000 iters, 1000 per VU

running (3m52.0s), 1/1 VUs, 744 complete and 0 interrupted iterations
paced_over_5m   [  74% ] 1 VUs  3m52.0s/6m0s  0744/1000 iters, 1000 per VU

running (3m53.0s), 1/1 VUs, 747 complete and 0 interrupted iterations
paced_over_5m   [  75% ] 1 VUs  3m53.0s/6m0s  0747/1000 iters, 1000 per VU

running (3m54.0s), 1/1 VUs, 751 complete and 0 interrupted iterations
paced_over_5m   [  75% ] 1 VUs  3m54.0s/6m0s  0751/1000 iters, 1000 per VU

running (3m55.0s), 1/1 VUs, 754 complete and 0 interrupted iterations
paced_over_5m   [  75% ] 1 VUs  3m55.0s/6m0s  0754/1000 iters, 1000 per VU

running (3m56.0s), 1/1 VUs, 757 complete and 0 interrupted iterations
paced_over_5m   [  76% ] 1 VUs  3m56.0s/6m0s  0757/1000 iters, 1000 per VU

running (3m57.0s), 1/1 VUs, 760 complete and 0 interrupted iterations
paced_over_5m   [  76% ] 1 VUs  3m57.0s/6m0s  0760/1000 iters, 1000 per VU

running (3m58.0s), 1/1 VUs, 764 complete and 0 interrupted iterations
paced_over_5m   [  76% ] 1 VUs  3m58.0s/6m0s  0764/1000 iters, 1000 per VU

running (3m59.0s), 1/1 VUs, 767 complete and 0 interrupted iterations
paced_over_5m   [  77% ] 1 VUs  3m59.0s/6m0s  0767/1000 iters, 1000 per VU

running (4m00.0s), 1/1 VUs, 770 complete and 0 interrupted iterations
paced_over_5m   [  77% ] 1 VUs  4m00.0s/6m0s  0770/1000 iters, 1000 per VU

running (4m01.0s), 1/1 VUs, 773 complete and 0 interrupted iterations
paced_over_5m   [  77% ] 1 VUs  4m01.0s/6m0s  0773/1000 iters, 1000 per VU

running (4m02.0s), 1/1 VUs, 777 complete and 0 interrupted iterations
paced_over_5m   [  78% ] 1 VUs  4m02.0s/6m0s  0777/1000 iters, 1000 per VU

running (4m03.0s), 1/1 VUs, 780 complete and 0 interrupted iterations
paced_over_5m   [  78% ] 1 VUs  4m03.0s/6m0s  0780/1000 iters, 1000 per VU

running (4m04.0s), 1/1 VUs, 783 complete and 0 interrupted iterations
paced_over_5m   [  78% ] 1 VUs  4m04.0s/6m0s  0783/1000 iters, 1000 per VU

running (4m05.0s), 1/1 VUs, 786 complete and 0 interrupted iterations
paced_over_5m   [  79% ] 1 VUs  4m05.0s/6m0s  0786/1000 iters, 1000 per VU

running (4m06.0s), 1/1 VUs, 789 complete and 0 interrupted iterations
paced_over_5m   [  79% ] 1 VUs  4m06.0s/6m0s  0789/1000 iters, 1000 per VU

running (4m07.0s), 1/1 VUs, 793 complete and 0 interrupted iterations
paced_over_5m   [  79% ] 1 VUs  4m07.0s/6m0s  0793/1000 iters, 1000 per VU

running (4m08.0s), 1/1 VUs, 796 complete and 0 interrupted iterations
paced_over_5m   [  80% ] 1 VUs  4m08.0s/6m0s  0796/1000 iters, 1000 per VU

running (4m09.0s), 1/1 VUs, 799 complete and 0 interrupted iterations
paced_over_5m   [  80% ] 1 VUs  4m09.0s/6m0s  0799/1000 iters, 1000 per VU

running (4m10.0s), 1/1 VUs, 802 complete and 0 interrupted iterations
paced_over_5m   [  80% ] 1 VUs  4m10.0s/6m0s  0802/1000 iters, 1000 per VU

running (4m11.0s), 1/1 VUs, 805 complete and 0 interrupted iterations
paced_over_5m   [  80% ] 1 VUs  4m11.0s/6m0s  0805/1000 iters, 1000 per VU

running (4m12.0s), 1/1 VUs, 809 complete and 0 interrupted iterations
paced_over_5m   [  81% ] 1 VUs  4m12.0s/6m0s  0809/1000 iters, 1000 per VU

running (4m13.0s), 1/1 VUs, 812 complete and 0 interrupted iterations
paced_over_5m   [  81% ] 1 VUs  4m13.0s/6m0s  0812/1000 iters, 1000 per VU

running (4m14.0s), 1/1 VUs, 815 complete and 0 interrupted iterations
paced_over_5m   [  82% ] 1 VUs  4m14.0s/6m0s  0815/1000 iters, 1000 per VU

running (4m15.0s), 1/1 VUs, 818 complete and 0 interrupted iterations
paced_over_5m   [  82% ] 1 VUs  4m15.0s/6m0s  0818/1000 iters, 1000 per VU

running (4m16.0s), 1/1 VUs, 821 complete and 0 interrupted iterations
paced_over_5m   [  82% ] 1 VUs  4m16.0s/6m0s  0821/1000 iters, 1000 per VU

running (4m17.0s), 1/1 VUs, 825 complete and 0 interrupted iterations
paced_over_5m   [  82% ] 1 VUs  4m17.0s/6m0s  0825/1000 iters, 1000 per VU

running (4m18.0s), 1/1 VUs, 828 complete and 0 interrupted iterations
paced_over_5m   [  83% ] 1 VUs  4m18.0s/6m0s  0828/1000 iters, 1000 per VU

running (4m19.0s), 1/1 VUs, 831 complete and 0 interrupted iterations
paced_over_5m   [  83% ] 1 VUs  4m19.0s/6m0s  0831/1000 iters, 1000 per VU

running (4m20.0s), 1/1 VUs, 834 complete and 0 interrupted iterations
paced_over_5m   [  83% ] 1 VUs  4m20.0s/6m0s  0834/1000 iters, 1000 per VU

running (4m21.0s), 1/1 VUs, 838 complete and 0 interrupted iterations
paced_over_5m   [  84% ] 1 VUs  4m21.0s/6m0s  0838/1000 iters, 1000 per VU

running (4m22.0s), 1/1 VUs, 841 complete and 0 interrupted iterations
paced_over_5m   [  84% ] 1 VUs  4m22.0s/6m0s  0841/1000 iters, 1000 per VU

running (4m23.0s), 1/1 VUs, 844 complete and 0 interrupted iterations
paced_over_5m   [  84% ] 1 VUs  4m23.0s/6m0s  0844/1000 iters, 1000 per VU

running (4m24.0s), 1/1 VUs, 847 complete and 0 interrupted iterations
paced_over_5m   [  85% ] 1 VUs  4m24.0s/6m0s  0847/1000 iters, 1000 per VU

running (4m25.0s), 1/1 VUs, 850 complete and 0 interrupted iterations
paced_over_5m   [  85% ] 1 VUs  4m25.0s/6m0s  0850/1000 iters, 1000 per VU

running (4m26.0s), 1/1 VUs, 854 complete and 0 interrupted iterations
paced_over_5m   [  85% ] 1 VUs  4m26.0s/6m0s  0854/1000 iters, 1000 per VU

running (4m27.0s), 1/1 VUs, 857 complete and 0 interrupted iterations
paced_over_5m   [  86% ] 1 VUs  4m27.0s/6m0s  0857/1000 iters, 1000 per VU

running (4m28.0s), 1/1 VUs, 860 complete and 0 interrupted iterations
paced_over_5m   [  86% ] 1 VUs  4m28.0s/6m0s  0860/1000 iters, 1000 per VU

running (4m29.0s), 1/1 VUs, 863 complete and 0 interrupted iterations
paced_over_5m   [  86% ] 1 VUs  4m29.0s/6m0s  0863/1000 iters, 1000 per VU

running (4m30.0s), 1/1 VUs, 866 complete and 0 interrupted iterations
paced_over_5m   [  87% ] 1 VUs  4m30.0s/6m0s  0866/1000 iters, 1000 per VU

running (4m31.0s), 1/1 VUs, 870 complete and 0 interrupted iterations
paced_over_5m   [  87% ] 1 VUs  4m31.0s/6m0s  0870/1000 iters, 1000 per VU

running (4m32.0s), 1/1 VUs, 873 complete and 0 interrupted iterations
paced_over_5m   [  87% ] 1 VUs  4m32.0s/6m0s  0873/1000 iters, 1000 per VU

running (4m33.0s), 1/1 VUs, 876 complete and 0 interrupted iterations
paced_over_5m   [  88% ] 1 VUs  4m33.0s/6m0s  0876/1000 iters, 1000 per VU

running (4m34.0s), 1/1 VUs, 879 complete and 0 interrupted iterations
paced_over_5m   [  88% ] 1 VUs  4m34.0s/6m0s  0879/1000 iters, 1000 per VU

running (4m35.0s), 1/1 VUs, 882 complete and 0 interrupted iterations
paced_over_5m   [  88% ] 1 VUs  4m35.0s/6m0s  0882/1000 iters, 1000 per VU

running (4m36.0s), 1/1 VUs, 886 complete and 0 interrupted iterations
paced_over_5m   [  89% ] 1 VUs  4m36.0s/6m0s  0886/1000 iters, 1000 per VU

running (4m37.0s), 1/1 VUs, 889 complete and 0 interrupted iterations
paced_over_5m   [  89% ] 1 VUs  4m37.0s/6m0s  0889/1000 iters, 1000 per VU

running (4m38.0s), 1/1 VUs, 892 complete and 0 interrupted iterations
paced_over_5m   [  89% ] 1 VUs  4m38.0s/6m0s  0892/1000 iters, 1000 per VU

running (4m39.0s), 1/1 VUs, 895 complete and 0 interrupted iterations
paced_over_5m   [  90% ] 1 VUs  4m39.0s/6m0s  0895/1000 iters, 1000 per VU

running (4m40.0s), 1/1 VUs, 898 complete and 0 interrupted iterations
paced_over_5m   [  90% ] 1 VUs  4m40.0s/6m0s  0898/1000 iters, 1000 per VU

running (4m41.0s), 1/1 VUs, 902 complete and 0 interrupted iterations
paced_over_5m   [  90% ] 1 VUs  4m41.0s/6m0s  0902/1000 iters, 1000 per VU

running (4m42.0s), 1/1 VUs, 905 complete and 0 interrupted iterations
paced_over_5m   [  90% ] 1 VUs  4m42.0s/6m0s  0905/1000 iters, 1000 per VU

running (4m43.0s), 1/1 VUs, 908 complete and 0 interrupted iterations
paced_over_5m   [  91% ] 1 VUs  4m43.0s/6m0s  0908/1000 iters, 1000 per VU

running (4m44.0s), 1/1 VUs, 911 complete and 0 interrupted iterations
paced_over_5m   [  91% ] 1 VUs  4m44.0s/6m0s  0911/1000 iters, 1000 per VU

running (4m45.0s), 1/1 VUs, 915 complete and 0 interrupted iterations
paced_over_5m   [  92% ] 1 VUs  4m45.0s/6m0s  0915/1000 iters, 1000 per VU

running (4m46.0s), 1/1 VUs, 918 complete and 0 interrupted iterations
paced_over_5m   [  92% ] 1 VUs  4m46.0s/6m0s  0918/1000 iters, 1000 per VU

running (4m47.0s), 1/1 VUs, 921 complete and 0 interrupted iterations
paced_over_5m   [  92% ] 1 VUs  4m47.0s/6m0s  0921/1000 iters, 1000 per VU

running (4m48.0s), 1/1 VUs, 924 complete and 0 interrupted iterations
paced_over_5m   [  92% ] 1 VUs  4m48.0s/6m0s  0924/1000 iters, 1000 per VU

running (4m49.0s), 1/1 VUs, 927 complete and 0 interrupted iterations
paced_over_5m   [  93% ] 1 VUs  4m49.0s/6m0s  0927/1000 iters, 1000 per VU

running (4m50.0s), 1/1 VUs, 931 complete and 0 interrupted iterations
paced_over_5m   [  93% ] 1 VUs  4m50.0s/6m0s  0931/1000 iters, 1000 per VU

running (4m51.0s), 1/1 VUs, 934 complete and 0 interrupted iterations
paced_over_5m   [  93% ] 1 VUs  4m51.0s/6m0s  0934/1000 iters, 1000 per VU

running (4m52.0s), 1/1 VUs, 937 complete and 0 interrupted iterations
paced_over_5m   [  94% ] 1 VUs  4m52.0s/6m0s  0937/1000 iters, 1000 per VU

running (4m53.0s), 1/1 VUs, 940 complete and 0 interrupted iterations
paced_over_5m   [  94% ] 1 VUs  4m53.0s/6m0s  0940/1000 iters, 1000 per VU

running (4m54.0s), 1/1 VUs, 944 complete and 0 interrupted iterations
paced_over_5m   [  94% ] 1 VUs  4m54.0s/6m0s  0944/1000 iters, 1000 per VU

running (4m55.0s), 1/1 VUs, 947 complete and 0 interrupted iterations
paced_over_5m   [  95% ] 1 VUs  4m55.0s/6m0s  0947/1000 iters, 1000 per VU

running (4m56.0s), 1/1 VUs, 950 complete and 0 interrupted iterations
paced_over_5m   [  95% ] 1 VUs  4m56.0s/6m0s  0950/1000 iters, 1000 per VU

running (4m57.0s), 1/1 VUs, 953 complete and 0 interrupted iterations
paced_over_5m   [  95% ] 1 VUs  4m57.0s/6m0s  0953/1000 iters, 1000 per VU

running (4m58.0s), 1/1 VUs, 956 complete and 0 interrupted iterations
paced_over_5m   [  96% ] 1 VUs  4m58.0s/6m0s  0956/1000 iters, 1000 per VU

running (4m59.0s), 1/1 VUs, 960 complete and 0 interrupted iterations
paced_over_5m   [  96% ] 1 VUs  4m59.0s/6m0s  0960/1000 iters, 1000 per VU

running (5m00.0s), 1/1 VUs, 963 complete and 0 interrupted iterations
paced_over_5m   [  96% ] 1 VUs  5m00.0s/6m0s  0963/1000 iters, 1000 per VU

running (5m01.0s), 1/1 VUs, 966 complete and 0 interrupted iterations
paced_over_5m   [  97% ] 1 VUs  5m01.0s/6m0s  0966/1000 iters, 1000 per VU

running (5m02.0s), 1/1 VUs, 969 complete and 0 interrupted iterations
paced_over_5m   [  97% ] 1 VUs  5m02.0s/6m0s  0969/1000 iters, 1000 per VU

running (5m03.0s), 1/1 VUs, 972 complete and 0 interrupted iterations
paced_over_5m   [  97% ] 1 VUs  5m03.0s/6m0s  0972/1000 iters, 1000 per VU

running (5m04.0s), 1/1 VUs, 976 complete and 0 interrupted iterations
paced_over_5m   [  98% ] 1 VUs  5m04.0s/6m0s  0976/1000 iters, 1000 per VU

running (5m05.0s), 1/1 VUs, 979 complete and 0 interrupted iterations
paced_over_5m   [  98% ] 1 VUs  5m05.0s/6m0s  0979/1000 iters, 1000 per VU

running (5m06.0s), 1/1 VUs, 982 complete and 0 interrupted iterations
paced_over_5m   [  98% ] 1 VUs  5m06.0s/6m0s  0982/1000 iters, 1000 per VU

running (5m07.0s), 1/1 VUs, 985 complete and 0 interrupted iterations
paced_over_5m   [  98% ] 1 VUs  5m07.0s/6m0s  0985/1000 iters, 1000 per VU

running (5m08.0s), 1/1 VUs, 989 complete and 0 interrupted iterations
paced_over_5m   [  99% ] 1 VUs  5m08.0s/6m0s  0989/1000 iters, 1000 per VU

running (5m09.0s), 1/1 VUs, 992 complete and 0 interrupted iterations
paced_over_5m   [  99% ] 1 VUs  5m09.0s/6m0s  0992/1000 iters, 1000 per VU

running (5m10.0s), 1/1 VUs, 995 complete and 0 interrupted iterations
paced_over_5m   [ 100% ] 1 VUs  5m10.0s/6m0s  0995/1000 iters, 1000 per VU

running (5m11.0s), 1/1 VUs, 998 complete and 0 interrupted iterations
paced_over_5m   [ 100% ] 1 VUs  5m11.0s/6m0s  0998/1000 iters, 1000 per VU


  █ THRESHOLDS 

    http_req_duration
    ✓ 'p(95)<2000' p(95)=4.51ms

    http_req_failed
    ✓ 'rate<0.01' rate=0.00%


  █ TOTAL RESULTS 

    checks_total.......: 1000    3.211059/s
    checks_succeeded...: 100.00% 1000 out of 1000
    checks_failed......: 0.00%   0 out of 1000

    ✓ status 2xx/3xx

    HTTP
    http_req_duration..............: avg=2.99ms   min=599.62µs med=2.93ms   max=33.08ms  p(90)=4.07ms   p(95)=4.51ms  
      { expected_response:true }...: avg=2.99ms   min=599.62µs med=2.93ms   max=33.08ms  p(90)=4.07ms   p(95)=4.51ms  
    http_req_failed................: 0.00%  0 out of 2000
    http_reqs......................: 2000   6.422117/s

    EXECUTION
    iteration_duration.............: avg=311.33ms min=304.06ms med=310.68ms max=341.18ms p(90)=316.39ms p(95)=317.11ms
    iterations.....................: 1000   3.211059/s
    vus............................: 1      min=1         max=1
    vus_max........................: 1      min=1         max=1

    NETWORK
    data_received..................: 3.3 MB 11 kB/s
    data_sent......................: 157 kB 504 B/s




running (5m11.4s), 0/1 VUs, 1000 complete and 0 interrupted iterations
paced_over_5m ✓ [ 100% ] 1 VUs  5m11.4s/6m0s  1000/1000 iters, 1000 per VU
