
         /\      Grafana   /‾‾/  
    /\  /  \     |\  __   /  /   
   /  \/    \    | |/ /  /   ‾‾\ 
  /          \   |   (  |  (‾)  |
 / __________ \  |_|\_\  \_____/ 

     execution: local
        script: /scripts/script.js
        output: -

     scenarios: (100.00%) 1 scenario, 1 max VUs, 6m30s max duration (incl. graceful stop):
              * paced_over_5m: 5000 iterations for each of 1 VUs (maxDuration: 6m0s, gracefulStop: 30s)


running (0m01.0s), 1/1 VUs, 14 complete and 0 interrupted iterations
paced_over_5m   [   0% ] 1 VUs  0m01.0s/6m0s  0014/5000 iters, 5000 per VU

running (0m02.0s), 1/1 VUs, 28 complete and 0 interrupted iterations
paced_over_5m   [   1% ] 1 VUs  0m02.0s/6m0s  0028/5000 iters, 5000 per VU

running (0m03.0s), 1/1 VUs, 43 complete and 0 interrupted iterations
paced_over_5m   [   1% ] 1 VUs  0m03.0s/6m0s  0043/5000 iters, 5000 per VU

running (0m04.0s), 1/1 VUs, 57 complete and 0 interrupted iterations
paced_over_5m   [   1% ] 1 VUs  0m04.0s/6m0s  0057/5000 iters, 5000 per VU

running (0m05.0s), 1/1 VUs, 71 complete and 0 interrupted iterations
paced_over_5m   [   1% ] 1 VUs  0m05.0s/6m0s  0071/5000 iters, 5000 per VU

running (0m06.0s), 1/1 VUs, 86 complete and 0 interrupted iterations
paced_over_5m   [   2% ] 1 VUs  0m06.0s/6m0s  0086/5000 iters, 5000 per VU

running (0m07.0s), 1/1 VUs, 100 complete and 0 interrupted iterations
paced_over_5m   [   2% ] 1 VUs  0m07.0s/6m0s  0100/5000 iters, 5000 per VU

running (0m08.0s), 1/1 VUs, 115 complete and 0 interrupted iterations
paced_over_5m   [   2% ] 1 VUs  0m08.0s/6m0s  0115/5000 iters, 5000 per VU

running (0m09.0s), 1/1 VUs, 129 complete and 0 interrupted iterations
paced_over_5m   [   3% ] 1 VUs  0m09.0s/6m0s  0129/5000 iters, 5000 per VU

running (0m10.0s), 1/1 VUs, 143 complete and 0 interrupted iterations
paced_over_5m   [   3% ] 1 VUs  0m10.0s/6m0s  0143/5000 iters, 5000 per VU

running (0m11.0s), 1/1 VUs, 158 complete and 0 interrupted iterations
paced_over_5m   [   3% ] 1 VUs  0m11.0s/6m0s  0158/5000 iters, 5000 per VU

running (0m12.0s), 1/1 VUs, 172 complete and 0 interrupted iterations
paced_over_5m   [   3% ] 1 VUs  0m12.0s/6m0s  0172/5000 iters, 5000 per VU

running (0m13.0s), 1/1 VUs, 185 complete and 0 interrupted iterations
paced_over_5m   [   4% ] 1 VUs  0m13.0s/6m0s  0185/5000 iters, 5000 per VU

running (0m14.0s), 1/1 VUs, 199 complete and 0 interrupted iterations
paced_over_5m   [   4% ] 1 VUs  0m14.0s/6m0s  0199/5000 iters, 5000 per VU

running (0m15.0s), 1/1 VUs, 214 complete and 0 interrupted iterations
paced_over_5m   [   4% ] 1 VUs  0m15.0s/6m0s  0214/5000 iters, 5000 per VU

running (0m16.0s), 1/1 VUs, 229 complete and 0 interrupted iterations
paced_over_5m   [   5% ] 1 VUs  0m16.0s/6m0s  0229/5000 iters, 5000 per VU

running (0m17.0s), 1/1 VUs, 243 complete and 0 interrupted iterations
paced_over_5m   [   5% ] 1 VUs  0m17.0s/6m0s  0243/5000 iters, 5000 per VU

running (0m18.0s), 1/1 VUs, 258 complete and 0 interrupted iterations
paced_over_5m   [   5% ] 1 VUs  0m18.0s/6m0s  0258/5000 iters, 5000 per VU

running (0m19.0s), 1/1 VUs, 273 complete and 0 interrupted iterations
paced_over_5m   [   5% ] 1 VUs  0m19.0s/6m0s  0273/5000 iters, 5000 per VU

running (0m20.0s), 1/1 VUs, 288 complete and 0 interrupted iterations
paced_over_5m   [   6% ] 1 VUs  0m20.0s/6m0s  0288/5000 iters, 5000 per VU

running (0m21.0s), 1/1 VUs, 302 complete and 0 interrupted iterations
paced_over_5m   [   6% ] 1 VUs  0m21.0s/6m0s  0302/5000 iters, 5000 per VU

running (0m22.0s), 1/1 VUs, 317 complete and 0 interrupted iterations
paced_over_5m   [   6% ] 1 VUs  0m22.0s/6m0s  0317/5000 iters, 5000 per VU

running (0m23.0s), 1/1 VUs, 332 complete and 0 interrupted iterations
paced_over_5m   [   7% ] 1 VUs  0m23.0s/6m0s  0332/5000 iters, 5000 per VU

running (0m24.0s), 1/1 VUs, 347 complete and 0 interrupted iterations
paced_over_5m   [   7% ] 1 VUs  0m24.0s/6m0s  0347/5000 iters, 5000 per VU

running (0m25.0s), 1/1 VUs, 362 complete and 0 interrupted iterations
paced_over_5m   [   7% ] 1 VUs  0m25.0s/6m0s  0362/5000 iters, 5000 per VU

running (0m26.0s), 1/1 VUs, 377 complete and 0 interrupted iterations
paced_over_5m   [   8% ] 1 VUs  0m26.0s/6m0s  0377/5000 iters, 5000 per VU

running (0m27.0s), 1/1 VUs, 392 complete and 0 interrupted iterations
paced_over_5m   [   8% ] 1 VUs  0m27.0s/6m0s  0392/5000 iters, 5000 per VU

running (0m28.0s), 1/1 VUs, 406 complete and 0 interrupted iterations
paced_over_5m   [   8% ] 1 VUs  0m28.0s/6m0s  0406/5000 iters, 5000 per VU

running (0m29.0s), 1/1 VUs, 421 complete and 0 interrupted iterations
paced_over_5m   [   8% ] 1 VUs  0m29.0s/6m0s  0421/5000 iters, 5000 per VU

running (0m30.0s), 1/1 VUs, 436 complete and 0 interrupted iterations
paced_over_5m   [   9% ] 1 VUs  0m30.0s/6m0s  0436/5000 iters, 5000 per VU

running (0m31.0s), 1/1 VUs, 451 complete and 0 interrupted iterations
paced_over_5m   [   9% ] 1 VUs  0m31.0s/6m0s  0451/5000 iters, 5000 per VU

running (0m32.0s), 1/1 VUs, 465 complete and 0 interrupted iterations
paced_over_5m   [   9% ] 1 VUs  0m32.0s/6m0s  0465/5000 iters, 5000 per VU

running (0m33.0s), 1/1 VUs, 480 complete and 0 interrupted iterations
paced_over_5m   [  10% ] 1 VUs  0m33.0s/6m0s  0480/5000 iters, 5000 per VU

running (0m34.0s), 1/1 VUs, 495 complete and 0 interrupted iterations
paced_over_5m   [  10% ] 1 VUs  0m34.0s/6m0s  0495/5000 iters, 5000 per VU

running (0m35.0s), 1/1 VUs, 509 complete and 0 interrupted iterations
paced_over_5m   [  10% ] 1 VUs  0m35.0s/6m0s  0509/5000 iters, 5000 per VU

running (0m36.0s), 1/1 VUs, 524 complete and 0 interrupted iterations
paced_over_5m   [  10% ] 1 VUs  0m36.0s/6m0s  0524/5000 iters, 5000 per VU

running (0m37.0s), 1/1 VUs, 539 complete and 0 interrupted iterations
paced_over_5m   [  11% ] 1 VUs  0m37.0s/6m0s  0539/5000 iters, 5000 per VU

running (0m38.0s), 1/1 VUs, 553 complete and 0 interrupted iterations
paced_over_5m   [  11% ] 1 VUs  0m38.0s/6m0s  0553/5000 iters, 5000 per VU

running (0m39.0s), 1/1 VUs, 568 complete and 0 interrupted iterations
paced_over_5m   [  11% ] 1 VUs  0m39.0s/6m0s  0568/5000 iters, 5000 per VU

running (0m40.0s), 1/1 VUs, 583 complete and 0 interrupted iterations
paced_over_5m   [  12% ] 1 VUs  0m40.0s/6m0s  0583/5000 iters, 5000 per VU

running (0m41.0s), 1/1 VUs, 597 complete and 0 interrupted iterations
paced_over_5m   [  12% ] 1 VUs  0m41.0s/6m0s  0597/5000 iters, 5000 per VU

running (0m42.0s), 1/1 VUs, 612 complete and 0 interrupted iterations
paced_over_5m   [  12% ] 1 VUs  0m42.0s/6m0s  0612/5000 iters, 5000 per VU

running (0m43.0s), 1/1 VUs, 627 complete and 0 interrupted iterations
paced_over_5m   [  13% ] 1 VUs  0m43.0s/6m0s  0627/5000 iters, 5000 per VU

running (0m44.0s), 1/1 VUs, 642 complete and 0 interrupted iterations
paced_over_5m   [  13% ] 1 VUs  0m44.0s/6m0s  0642/5000 iters, 5000 per VU

running (0m45.0s), 1/1 VUs, 656 complete and 0 interrupted iterations
paced_over_5m   [  13% ] 1 VUs  0m45.0s/6m0s  0656/5000 iters, 5000 per VU

running (0m46.0s), 1/1 VUs, 669 complete and 0 interrupted iterations
paced_over_5m   [  13% ] 1 VUs  0m46.0s/6m0s  0669/5000 iters, 5000 per VU

running (0m47.0s), 1/1 VUs, 684 complete and 0 interrupted iterations
paced_over_5m   [  14% ] 1 VUs  0m47.0s/6m0s  0684/5000 iters, 5000 per VU

running (0m48.0s), 1/1 VUs, 699 complete and 0 interrupted iterations
paced_over_5m   [  14% ] 1 VUs  0m48.0s/6m0s  0699/5000 iters, 5000 per VU

running (0m49.0s), 1/1 VUs, 714 complete and 0 interrupted iterations
paced_over_5m   [  14% ] 1 VUs  0m49.0s/6m0s  0714/5000 iters, 5000 per VU

running (0m50.0s), 1/1 VUs, 728 complete and 0 interrupted iterations
paced_over_5m   [  15% ] 1 VUs  0m50.0s/6m0s  0728/5000 iters, 5000 per VU

running (0m51.0s), 1/1 VUs, 743 complete and 0 interrupted iterations
paced_over_5m   [  15% ] 1 VUs  0m51.0s/6m0s  0743/5000 iters, 5000 per VU

running (0m52.0s), 1/1 VUs, 758 complete and 0 interrupted iterations
paced_over_5m   [  15% ] 1 VUs  0m52.0s/6m0s  0758/5000 iters, 5000 per VU

running (0m53.0s), 1/1 VUs, 772 complete and 0 interrupted iterations
paced_over_5m   [  15% ] 1 VUs  0m53.0s/6m0s  0772/5000 iters, 5000 per VU

running (0m54.0s), 1/1 VUs, 787 complete and 0 interrupted iterations
paced_over_5m   [  16% ] 1 VUs  0m54.0s/6m0s  0787/5000 iters, 5000 per VU

running (0m55.0s), 1/1 VUs, 802 complete and 0 interrupted iterations
paced_over_5m   [  16% ] 1 VUs  0m55.0s/6m0s  0802/5000 iters, 5000 per VU

running (0m56.0s), 1/1 VUs, 817 complete and 0 interrupted iterations
paced_over_5m   [  16% ] 1 VUs  0m56.0s/6m0s  0817/5000 iters, 5000 per VU

running (0m57.0s), 1/1 VUs, 832 complete and 0 interrupted iterations
paced_over_5m   [  17% ] 1 VUs  0m57.0s/6m0s  0832/5000 iters, 5000 per VU

running (0m58.0s), 1/1 VUs, 847 complete and 0 interrupted iterations
paced_over_5m   [  17% ] 1 VUs  0m58.0s/6m0s  0847/5000 iters, 5000 per VU

running (0m59.0s), 1/1 VUs, 861 complete and 0 interrupted iterations
paced_over_5m   [  17% ] 1 VUs  0m59.0s/6m0s  0861/5000 iters, 5000 per VU

running (1m00.0s), 1/1 VUs, 876 complete and 0 interrupted iterations
paced_over_5m   [  18% ] 1 VUs  1m00.0s/6m0s  0876/5000 iters, 5000 per VU

running (1m01.0s), 1/1 VUs, 891 complete and 0 interrupted iterations
paced_over_5m   [  18% ] 1 VUs  1m01.0s/6m0s  0891/5000 iters, 5000 per VU

running (1m02.0s), 1/1 VUs, 906 complete and 0 interrupted iterations
paced_over_5m   [  18% ] 1 VUs  1m02.0s/6m0s  0906/5000 iters, 5000 per VU

running (1m03.0s), 1/1 VUs, 921 complete and 0 interrupted iterations
paced_over_5m   [  18% ] 1 VUs  1m03.0s/6m0s  0921/5000 iters, 5000 per VU

running (1m04.0s), 1/1 VUs, 935 complete and 0 interrupted iterations
paced_over_5m   [  19% ] 1 VUs  1m04.0s/6m0s  0935/5000 iters, 5000 per VU

running (1m05.0s), 1/1 VUs, 950 complete and 0 interrupted iterations
paced_over_5m   [  19% ] 1 VUs  1m05.0s/6m0s  0950/5000 iters, 5000 per VU

running (1m06.0s), 1/1 VUs, 965 complete and 0 interrupted iterations
paced_over_5m   [  19% ] 1 VUs  1m06.0s/6m0s  0965/5000 iters, 5000 per VU

running (1m07.0s), 1/1 VUs, 980 complete and 0 interrupted iterations
paced_over_5m   [  20% ] 1 VUs  1m07.0s/6m0s  0980/5000 iters, 5000 per VU

running (1m08.0s), 1/1 VUs, 995 complete and 0 interrupted iterations
paced_over_5m   [  20% ] 1 VUs  1m08.0s/6m0s  0995/5000 iters, 5000 per VU

running (1m09.0s), 1/1 VUs, 1010 complete and 0 interrupted iterations
paced_over_5m   [  20% ] 1 VUs  1m09.0s/6m0s  1010/5000 iters, 5000 per VU

running (1m10.0s), 1/1 VUs, 1025 complete and 0 interrupted iterations
paced_over_5m   [  20% ] 1 VUs  1m10.0s/6m0s  1025/5000 iters, 5000 per VU

running (1m11.0s), 1/1 VUs, 1040 complete and 0 interrupted iterations
paced_over_5m   [  21% ] 1 VUs  1m11.0s/6m0s  1040/5000 iters, 5000 per VU

running (1m12.0s), 1/1 VUs, 1054 complete and 0 interrupted iterations
paced_over_5m   [  21% ] 1 VUs  1m12.0s/6m0s  1054/5000 iters, 5000 per VU

running (1m13.0s), 1/1 VUs, 1069 complete and 0 interrupted iterations
paced_over_5m   [  21% ] 1 VUs  1m13.0s/6m0s  1069/5000 iters, 5000 per VU

running (1m14.0s), 1/1 VUs, 1084 complete and 0 interrupted iterations
paced_over_5m   [  22% ] 1 VUs  1m14.0s/6m0s  1084/5000 iters, 5000 per VU

running (1m15.0s), 1/1 VUs, 1099 complete and 0 interrupted iterations
paced_over_5m   [  22% ] 1 VUs  1m15.0s/6m0s  1099/5000 iters, 5000 per VU

running (1m16.0s), 1/1 VUs, 1114 complete and 0 interrupted iterations
paced_over_5m   [  22% ] 1 VUs  1m16.0s/6m0s  1114/5000 iters, 5000 per VU

running (1m17.0s), 1/1 VUs, 1128 complete and 0 interrupted iterations
paced_over_5m   [  23% ] 1 VUs  1m17.0s/6m0s  1128/5000 iters, 5000 per VU

running (1m18.0s), 1/1 VUs, 1143 complete and 0 interrupted iterations
paced_over_5m   [  23% ] 1 VUs  1m18.0s/6m0s  1143/5000 iters, 5000 per VU

running (1m19.0s), 1/1 VUs, 1158 complete and 0 interrupted iterations
paced_over_5m   [  23% ] 1 VUs  1m19.0s/6m0s  1158/5000 iters, 5000 per VU

running (1m20.0s), 1/1 VUs, 1173 complete and 0 interrupted iterations
paced_over_5m   [  23% ] 1 VUs  1m20.0s/6m0s  1173/5000 iters, 5000 per VU

running (1m21.0s), 1/1 VUs, 1187 complete and 0 interrupted iterations
paced_over_5m   [  24% ] 1 VUs  1m21.0s/6m0s  1187/5000 iters, 5000 per VU

running (1m22.0s), 1/1 VUs, 1202 complete and 0 interrupted iterations
paced_over_5m   [  24% ] 1 VUs  1m22.0s/6m0s  1202/5000 iters, 5000 per VU

running (1m23.0s), 1/1 VUs, 1217 complete and 0 interrupted iterations
paced_over_5m   [  24% ] 1 VUs  1m23.0s/6m0s  1217/5000 iters, 5000 per VU

running (1m24.0s), 1/1 VUs, 1232 complete and 0 interrupted iterations
paced_over_5m   [  25% ] 1 VUs  1m24.0s/6m0s  1232/5000 iters, 5000 per VU

running (1m25.0s), 1/1 VUs, 1247 complete and 0 interrupted iterations
paced_over_5m   [  25% ] 1 VUs  1m25.0s/6m0s  1247/5000 iters, 5000 per VU

running (1m26.0s), 1/1 VUs, 1262 complete and 0 interrupted iterations
paced_over_5m   [  25% ] 1 VUs  1m26.0s/6m0s  1262/5000 iters, 5000 per VU

running (1m27.0s), 1/1 VUs, 1276 complete and 0 interrupted iterations
paced_over_5m   [  26% ] 1 VUs  1m27.0s/6m0s  1276/5000 iters, 5000 per VU

running (1m28.0s), 1/1 VUs, 1291 complete and 0 interrupted iterations
paced_over_5m   [  26% ] 1 VUs  1m28.0s/6m0s  1291/5000 iters, 5000 per VU

running (1m29.0s), 1/1 VUs, 1306 complete and 0 interrupted iterations
paced_over_5m   [  26% ] 1 VUs  1m29.0s/6m0s  1306/5000 iters, 5000 per VU

running (1m30.0s), 1/1 VUs, 1321 complete and 0 interrupted iterations
paced_over_5m   [  26% ] 1 VUs  1m30.0s/6m0s  1321/5000 iters, 5000 per VU

running (1m31.0s), 1/1 VUs, 1336 complete and 0 interrupted iterations
paced_over_5m   [  27% ] 1 VUs  1m31.0s/6m0s  1336/5000 iters, 5000 per VU

running (1m32.0s), 1/1 VUs, 1351 complete and 0 interrupted iterations
paced_over_5m   [  27% ] 1 VUs  1m32.0s/6m0s  1351/5000 iters, 5000 per VU

running (1m33.0s), 1/1 VUs, 1365 complete and 0 interrupted iterations
paced_over_5m   [  27% ] 1 VUs  1m33.0s/6m0s  1365/5000 iters, 5000 per VU

running (1m34.0s), 1/1 VUs, 1380 complete and 0 interrupted iterations
paced_over_5m   [  28% ] 1 VUs  1m34.0s/6m0s  1380/5000 iters, 5000 per VU

running (1m35.0s), 1/1 VUs, 1395 complete and 0 interrupted iterations
paced_over_5m   [  28% ] 1 VUs  1m35.0s/6m0s  1395/5000 iters, 5000 per VU

running (1m36.0s), 1/1 VUs, 1409 complete and 0 interrupted iterations
paced_over_5m   [  28% ] 1 VUs  1m36.0s/6m0s  1409/5000 iters, 5000 per VU

running (1m37.0s), 1/1 VUs, 1424 complete and 0 interrupted iterations
paced_over_5m   [  28% ] 1 VUs  1m37.0s/6m0s  1424/5000 iters, 5000 per VU

running (1m38.0s), 1/1 VUs, 1439 complete and 0 interrupted iterations
paced_over_5m   [  29% ] 1 VUs  1m38.0s/6m0s  1439/5000 iters, 5000 per VU

running (1m39.0s), 1/1 VUs, 1453 complete and 0 interrupted iterations
paced_over_5m   [  29% ] 1 VUs  1m39.0s/6m0s  1453/5000 iters, 5000 per VU

running (1m40.0s), 1/1 VUs, 1467 complete and 0 interrupted iterations
paced_over_5m   [  29% ] 1 VUs  1m40.0s/6m0s  1467/5000 iters, 5000 per VU

running (1m41.0s), 1/1 VUs, 1482 complete and 0 interrupted iterations
paced_over_5m   [  30% ] 1 VUs  1m41.0s/6m0s  1482/5000 iters, 5000 per VU

running (1m42.0s), 1/1 VUs, 1497 complete and 0 interrupted iterations
paced_over_5m   [  30% ] 1 VUs  1m42.0s/6m0s  1497/5000 iters, 5000 per VU

running (1m43.0s), 1/1 VUs, 1511 complete and 0 interrupted iterations
paced_over_5m   [  30% ] 1 VUs  1m43.0s/6m0s  1511/5000 iters, 5000 per VU

running (1m44.0s), 1/1 VUs, 1526 complete and 0 interrupted iterations
paced_over_5m   [  31% ] 1 VUs  1m44.0s/6m0s  1526/5000 iters, 5000 per VU

running (1m45.0s), 1/1 VUs, 1541 complete and 0 interrupted iterations
paced_over_5m   [  31% ] 1 VUs  1m45.0s/6m0s  1541/5000 iters, 5000 per VU

running (1m46.0s), 1/1 VUs, 1556 complete and 0 interrupted iterations
paced_over_5m   [  31% ] 1 VUs  1m46.0s/6m0s  1556/5000 iters, 5000 per VU

running (1m47.0s), 1/1 VUs, 1570 complete and 0 interrupted iterations
paced_over_5m   [  31% ] 1 VUs  1m47.0s/6m0s  1570/5000 iters, 5000 per VU

running (1m48.0s), 1/1 VUs, 1585 complete and 0 interrupted iterations
paced_over_5m   [  32% ] 1 VUs  1m48.0s/6m0s  1585/5000 iters, 5000 per VU

running (1m49.0s), 1/1 VUs, 1600 complete and 0 interrupted iterations
paced_over_5m   [  32% ] 1 VUs  1m49.0s/6m0s  1600/5000 iters, 5000 per VU

running (1m50.0s), 1/1 VUs, 1615 complete and 0 interrupted iterations
paced_over_5m   [  32% ] 1 VUs  1m50.0s/6m0s  1615/5000 iters, 5000 per VU

running (1m51.0s), 1/1 VUs, 1629 complete and 0 interrupted iterations
paced_over_5m   [  33% ] 1 VUs  1m51.0s/6m0s  1629/5000 iters, 5000 per VU

running (1m52.0s), 1/1 VUs, 1644 complete and 0 interrupted iterations
paced_over_5m   [  33% ] 1 VUs  1m52.0s/6m0s  1644/5000 iters, 5000 per VU

running (1m53.0s), 1/1 VUs, 1659 complete and 0 interrupted iterations
paced_over_5m   [  33% ] 1 VUs  1m53.0s/6m0s  1659/5000 iters, 5000 per VU

running (1m54.0s), 1/1 VUs, 1674 complete and 0 interrupted iterations
paced_over_5m   [  33% ] 1 VUs  1m54.0s/6m0s  1674/5000 iters, 5000 per VU

running (1m55.0s), 1/1 VUs, 1689 complete and 0 interrupted iterations
paced_over_5m   [  34% ] 1 VUs  1m55.0s/6m0s  1689/5000 iters, 5000 per VU

running (1m56.0s), 1/1 VUs, 1704 complete and 0 interrupted iterations
paced_over_5m   [  34% ] 1 VUs  1m56.0s/6m0s  1704/5000 iters, 5000 per VU

running (1m57.0s), 1/1 VUs, 1718 complete and 0 interrupted iterations
paced_over_5m   [  34% ] 1 VUs  1m57.0s/6m0s  1718/5000 iters, 5000 per VU

running (1m58.0s), 1/1 VUs, 1733 complete and 0 interrupted iterations
paced_over_5m   [  35% ] 1 VUs  1m58.0s/6m0s  1733/5000 iters, 5000 per VU

running (1m59.0s), 1/1 VUs, 1748 complete and 0 interrupted iterations
paced_over_5m   [  35% ] 1 VUs  1m59.0s/6m0s  1748/5000 iters, 5000 per VU

running (2m00.0s), 1/1 VUs, 1763 complete and 0 interrupted iterations
paced_over_5m   [  35% ] 1 VUs  2m00.0s/6m0s  1763/5000 iters, 5000 per VU

running (2m01.0s), 1/1 VUs, 1778 complete and 0 interrupted iterations
paced_over_5m   [  36% ] 1 VUs  2m01.0s/6m0s  1778/5000 iters, 5000 per VU

running (2m02.0s), 1/1 VUs, 1792 complete and 0 interrupted iterations
paced_over_5m   [  36% ] 1 VUs  2m02.0s/6m0s  1792/5000 iters, 5000 per VU

running (2m03.0s), 1/1 VUs, 1807 complete and 0 interrupted iterations
paced_over_5m   [  36% ] 1 VUs  2m03.0s/6m0s  1807/5000 iters, 5000 per VU

running (2m04.0s), 1/1 VUs, 1822 complete and 0 interrupted iterations
paced_over_5m   [  36% ] 1 VUs  2m04.0s/6m0s  1822/5000 iters, 5000 per VU

running (2m05.0s), 1/1 VUs, 1837 complete and 0 interrupted iterations
paced_over_5m   [  37% ] 1 VUs  2m05.0s/6m0s  1837/5000 iters, 5000 per VU

running (2m06.0s), 1/1 VUs, 1851 complete and 0 interrupted iterations
paced_over_5m   [  37% ] 1 VUs  2m06.0s/6m0s  1851/5000 iters, 5000 per VU

running (2m07.0s), 1/1 VUs, 1866 complete and 0 interrupted iterations
paced_over_5m   [  37% ] 1 VUs  2m07.0s/6m0s  1866/5000 iters, 5000 per VU

running (2m08.0s), 1/1 VUs, 1881 complete and 0 interrupted iterations
paced_over_5m   [  38% ] 1 VUs  2m08.0s/6m0s  1881/5000 iters, 5000 per VU

running (2m09.0s), 1/1 VUs, 1895 complete and 0 interrupted iterations
paced_over_5m   [  38% ] 1 VUs  2m09.0s/6m0s  1895/5000 iters, 5000 per VU

running (2m10.0s), 1/1 VUs, 1910 complete and 0 interrupted iterations
paced_over_5m   [  38% ] 1 VUs  2m10.0s/6m0s  1910/5000 iters, 5000 per VU

running (2m11.0s), 1/1 VUs, 1925 complete and 0 interrupted iterations
paced_over_5m   [  38% ] 1 VUs  2m11.0s/6m0s  1925/5000 iters, 5000 per VU

running (2m12.0s), 1/1 VUs, 1940 complete and 0 interrupted iterations
paced_over_5m   [  39% ] 1 VUs  2m12.0s/6m0s  1940/5000 iters, 5000 per VU

running (2m13.0s), 1/1 VUs, 1954 complete and 0 interrupted iterations
paced_over_5m   [  39% ] 1 VUs  2m13.0s/6m0s  1954/5000 iters, 5000 per VU

running (2m14.0s), 1/1 VUs, 1969 complete and 0 interrupted iterations
paced_over_5m   [  39% ] 1 VUs  2m14.0s/6m0s  1969/5000 iters, 5000 per VU

running (2m15.0s), 1/1 VUs, 1984 complete and 0 interrupted iterations
paced_over_5m   [  40% ] 1 VUs  2m15.0s/6m0s  1984/5000 iters, 5000 per VU

running (2m16.0s), 1/1 VUs, 1999 complete and 0 interrupted iterations
paced_over_5m   [  40% ] 1 VUs  2m16.0s/6m0s  1999/5000 iters, 5000 per VU

running (2m17.0s), 1/1 VUs, 2014 complete and 0 interrupted iterations
paced_over_5m   [  40% ] 1 VUs  2m17.0s/6m0s  2014/5000 iters, 5000 per VU

running (2m18.0s), 1/1 VUs, 2028 complete and 0 interrupted iterations
paced_over_5m   [  41% ] 1 VUs  2m18.0s/6m0s  2028/5000 iters, 5000 per VU

running (2m19.0s), 1/1 VUs, 2043 complete and 0 interrupted iterations
paced_over_5m   [  41% ] 1 VUs  2m19.0s/6m0s  2043/5000 iters, 5000 per VU

running (2m20.0s), 1/1 VUs, 2058 complete and 0 interrupted iterations
paced_over_5m   [  41% ] 1 VUs  2m20.0s/6m0s  2058/5000 iters, 5000 per VU

running (2m21.0s), 1/1 VUs, 2073 complete and 0 interrupted iterations
paced_over_5m   [  41% ] 1 VUs  2m21.0s/6m0s  2073/5000 iters, 5000 per VU

running (2m22.0s), 1/1 VUs, 2087 complete and 0 interrupted iterations
paced_over_5m   [  42% ] 1 VUs  2m22.0s/6m0s  2087/5000 iters, 5000 per VU

running (2m23.0s), 1/1 VUs, 2102 complete and 0 interrupted iterations
paced_over_5m   [  42% ] 1 VUs  2m23.0s/6m0s  2102/5000 iters, 5000 per VU

running (2m24.0s), 1/1 VUs, 2117 complete and 0 interrupted iterations
paced_over_5m   [  42% ] 1 VUs  2m24.0s/6m0s  2117/5000 iters, 5000 per VU

running (2m25.0s), 1/1 VUs, 2132 complete and 0 interrupted iterations
paced_over_5m   [  43% ] 1 VUs  2m25.0s/6m0s  2132/5000 iters, 5000 per VU

running (2m26.0s), 1/1 VUs, 2147 complete and 0 interrupted iterations
paced_over_5m   [  43% ] 1 VUs  2m26.0s/6m0s  2147/5000 iters, 5000 per VU

running (2m27.0s), 1/1 VUs, 2161 complete and 0 interrupted iterations
paced_over_5m   [  43% ] 1 VUs  2m27.0s/6m0s  2161/5000 iters, 5000 per VU

running (2m28.0s), 1/1 VUs, 2176 complete and 0 interrupted iterations
paced_over_5m   [  44% ] 1 VUs  2m28.0s/6m0s  2176/5000 iters, 5000 per VU

running (2m29.0s), 1/1 VUs, 2191 complete and 0 interrupted iterations
paced_over_5m   [  44% ] 1 VUs  2m29.0s/6m0s  2191/5000 iters, 5000 per VU

running (2m30.0s), 1/1 VUs, 2206 complete and 0 interrupted iterations
paced_over_5m   [  44% ] 1 VUs  2m30.0s/6m0s  2206/5000 iters, 5000 per VU

running (2m31.0s), 1/1 VUs, 2221 complete and 0 interrupted iterations
paced_over_5m   [  44% ] 1 VUs  2m31.0s/6m0s  2221/5000 iters, 5000 per VU

running (2m32.0s), 1/1 VUs, 2235 complete and 0 interrupted iterations
paced_over_5m   [  45% ] 1 VUs  2m32.0s/6m0s  2235/5000 iters, 5000 per VU

running (2m33.0s), 1/1 VUs, 2250 complete and 0 interrupted iterations
paced_over_5m   [  45% ] 1 VUs  2m33.0s/6m0s  2250/5000 iters, 5000 per VU

running (2m34.0s), 1/1 VUs, 2265 complete and 0 interrupted iterations
paced_over_5m   [  45% ] 1 VUs  2m34.0s/6m0s  2265/5000 iters, 5000 per VU

running (2m35.0s), 1/1 VUs, 2280 complete and 0 interrupted iterations
paced_over_5m   [  46% ] 1 VUs  2m35.0s/6m0s  2280/5000 iters, 5000 per VU

running (2m36.0s), 1/1 VUs, 2295 complete and 0 interrupted iterations
paced_over_5m   [  46% ] 1 VUs  2m36.0s/6m0s  2295/5000 iters, 5000 per VU

running (2m37.0s), 1/1 VUs, 2310 complete and 0 interrupted iterations
paced_over_5m   [  46% ] 1 VUs  2m37.0s/6m0s  2310/5000 iters, 5000 per VU

running (2m38.0s), 1/1 VUs, 2324 complete and 0 interrupted iterations
paced_over_5m   [  46% ] 1 VUs  2m38.0s/6m0s  2324/5000 iters, 5000 per VU

running (2m39.0s), 1/1 VUs, 2339 complete and 0 interrupted iterations
paced_over_5m   [  47% ] 1 VUs  2m39.0s/6m0s  2339/5000 iters, 5000 per VU

running (2m40.0s), 1/1 VUs, 2354 complete and 0 interrupted iterations
paced_over_5m   [  47% ] 1 VUs  2m40.0s/6m0s  2354/5000 iters, 5000 per VU

running (2m41.0s), 1/1 VUs, 2369 complete and 0 interrupted iterations
paced_over_5m   [  47% ] 1 VUs  2m41.0s/6m0s  2369/5000 iters, 5000 per VU

running (2m42.0s), 1/1 VUs, 2383 complete and 0 interrupted iterations
paced_over_5m   [  48% ] 1 VUs  2m42.0s/6m0s  2383/5000 iters, 5000 per VU

running (2m43.0s), 1/1 VUs, 2398 complete and 0 interrupted iterations
paced_over_5m   [  48% ] 1 VUs  2m43.0s/6m0s  2398/5000 iters, 5000 per VU

running (2m44.0s), 1/1 VUs, 2413 complete and 0 interrupted iterations
paced_over_5m   [  48% ] 1 VUs  2m44.0s/6m0s  2413/5000 iters, 5000 per VU

running (2m45.0s), 1/1 VUs, 2427 complete and 0 interrupted iterations
paced_over_5m   [  49% ] 1 VUs  2m45.0s/6m0s  2427/5000 iters, 5000 per VU

running (2m46.0s), 1/1 VUs, 2442 complete and 0 interrupted iterations
paced_over_5m   [  49% ] 1 VUs  2m46.0s/6m0s  2442/5000 iters, 5000 per VU

running (2m47.0s), 1/1 VUs, 2457 complete and 0 interrupted iterations
paced_over_5m   [  49% ] 1 VUs  2m47.0s/6m0s  2457/5000 iters, 5000 per VU

running (2m48.0s), 1/1 VUs, 2472 complete and 0 interrupted iterations
paced_over_5m   [  49% ] 1 VUs  2m48.0s/6m0s  2472/5000 iters, 5000 per VU

running (2m49.0s), 1/1 VUs, 2487 complete and 0 interrupted iterations
paced_over_5m   [  50% ] 1 VUs  2m49.0s/6m0s  2487/5000 iters, 5000 per VU

running (2m50.0s), 1/1 VUs, 2501 complete and 0 interrupted iterations
paced_over_5m   [  50% ] 1 VUs  2m50.0s/6m0s  2501/5000 iters, 5000 per VU

running (2m51.0s), 1/1 VUs, 2516 complete and 0 interrupted iterations
paced_over_5m   [  50% ] 1 VUs  2m51.0s/6m0s  2516/5000 iters, 5000 per VU

running (2m52.0s), 1/1 VUs, 2531 complete and 0 interrupted iterations
paced_over_5m   [  51% ] 1 VUs  2m52.0s/6m0s  2531/5000 iters, 5000 per VU

running (2m53.0s), 1/1 VUs, 2546 complete and 0 interrupted iterations
paced_over_5m   [  51% ] 1 VUs  2m53.0s/6m0s  2546/5000 iters, 5000 per VU

running (2m54.0s), 1/1 VUs, 2560 complete and 0 interrupted iterations
paced_over_5m   [  51% ] 1 VUs  2m54.0s/6m0s  2560/5000 iters, 5000 per VU

running (2m55.0s), 1/1 VUs, 2575 complete and 0 interrupted iterations
paced_over_5m   [  52% ] 1 VUs  2m55.0s/6m0s  2575/5000 iters, 5000 per VU

running (2m56.0s), 1/1 VUs, 2590 complete and 0 interrupted iterations
paced_over_5m   [  52% ] 1 VUs  2m56.0s/6m0s  2590/5000 iters, 5000 per VU

running (2m57.0s), 1/1 VUs, 2605 complete and 0 interrupted iterations
paced_over_5m   [  52% ] 1 VUs  2m57.0s/6m0s  2605/5000 iters, 5000 per VU

running (2m58.0s), 1/1 VUs, 2620 complete and 0 interrupted iterations
paced_over_5m   [  52% ] 1 VUs  2m58.0s/6m0s  2620/5000 iters, 5000 per VU

running (2m59.0s), 1/1 VUs, 2634 complete and 0 interrupted iterations
paced_over_5m   [  53% ] 1 VUs  2m59.0s/6m0s  2634/5000 iters, 5000 per VU

running (3m00.0s), 1/1 VUs, 2649 complete and 0 interrupted iterations
paced_over_5m   [  53% ] 1 VUs  3m00.0s/6m0s  2649/5000 iters, 5000 per VU

running (3m01.0s), 1/1 VUs, 2664 complete and 0 interrupted iterations
paced_over_5m   [  53% ] 1 VUs  3m01.0s/6m0s  2664/5000 iters, 5000 per VU

running (3m02.0s), 1/1 VUs, 2679 complete and 0 interrupted iterations
paced_over_5m   [  54% ] 1 VUs  3m02.0s/6m0s  2679/5000 iters, 5000 per VU

running (3m03.0s), 1/1 VUs, 2694 complete and 0 interrupted iterations
paced_over_5m   [  54% ] 1 VUs  3m03.0s/6m0s  2694/5000 iters, 5000 per VU

running (3m04.0s), 1/1 VUs, 2709 complete and 0 interrupted iterations
paced_over_5m   [  54% ] 1 VUs  3m04.0s/6m0s  2709/5000 iters, 5000 per VU

running (3m05.0s), 1/1 VUs, 2724 complete and 0 interrupted iterations
paced_over_5m   [  54% ] 1 VUs  3m05.0s/6m0s  2724/5000 iters, 5000 per VU

running (3m06.0s), 1/1 VUs, 2739 complete and 0 interrupted iterations
paced_over_5m   [  55% ] 1 VUs  3m06.0s/6m0s  2739/5000 iters, 5000 per VU

running (3m07.0s), 1/1 VUs, 2754 complete and 0 interrupted iterations
paced_over_5m   [  55% ] 1 VUs  3m07.0s/6m0s  2754/5000 iters, 5000 per VU

running (3m08.0s), 1/1 VUs, 2768 complete and 0 interrupted iterations
paced_over_5m   [  55% ] 1 VUs  3m08.0s/6m0s  2768/5000 iters, 5000 per VU

running (3m09.0s), 1/1 VUs, 2780 complete and 0 interrupted iterations
paced_over_5m   [  56% ] 1 VUs  3m09.0s/6m0s  2780/5000 iters, 5000 per VU

running (3m10.0s), 1/1 VUs, 2795 complete and 0 interrupted iterations
paced_over_5m   [  56% ] 1 VUs  3m10.0s/6m0s  2795/5000 iters, 5000 per VU

running (3m11.0s), 1/1 VUs, 2810 complete and 0 interrupted iterations
paced_over_5m   [  56% ] 1 VUs  3m11.0s/6m0s  2810/5000 iters, 5000 per VU

running (3m12.0s), 1/1 VUs, 2825 complete and 0 interrupted iterations
paced_over_5m   [  56% ] 1 VUs  3m12.0s/6m0s  2825/5000 iters, 5000 per VU

running (3m13.0s), 1/1 VUs, 2840 complete and 0 interrupted iterations
paced_over_5m   [  57% ] 1 VUs  3m13.0s/6m0s  2840/5000 iters, 5000 per VU

running (3m14.0s), 1/1 VUs, 2855 complete and 0 interrupted iterations
paced_over_5m   [  57% ] 1 VUs  3m14.0s/6m0s  2855/5000 iters, 5000 per VU

running (3m15.0s), 1/1 VUs, 2869 complete and 0 interrupted iterations
paced_over_5m   [  57% ] 1 VUs  3m15.0s/6m0s  2869/5000 iters, 5000 per VU

running (3m16.0s), 1/1 VUs, 2884 complete and 0 interrupted iterations
paced_over_5m   [  58% ] 1 VUs  3m16.0s/6m0s  2884/5000 iters, 5000 per VU

running (3m17.0s), 1/1 VUs, 2899 complete and 0 interrupted iterations
paced_over_5m   [  58% ] 1 VUs  3m17.0s/6m0s  2899/5000 iters, 5000 per VU

running (3m18.0s), 1/1 VUs, 2914 complete and 0 interrupted iterations
paced_over_5m   [  58% ] 1 VUs  3m18.0s/6m0s  2914/5000 iters, 5000 per VU

running (3m19.0s), 1/1 VUs, 2928 complete and 0 interrupted iterations
paced_over_5m   [  59% ] 1 VUs  3m19.0s/6m0s  2928/5000 iters, 5000 per VU

running (3m20.0s), 1/1 VUs, 2943 complete and 0 interrupted iterations
paced_over_5m   [  59% ] 1 VUs  3m20.0s/6m0s  2943/5000 iters, 5000 per VU

running (3m21.0s), 1/1 VUs, 2958 complete and 0 interrupted iterations
paced_over_5m   [  59% ] 1 VUs  3m21.0s/6m0s  2958/5000 iters, 5000 per VU

running (3m22.0s), 1/1 VUs, 2973 complete and 0 interrupted iterations
paced_over_5m   [  59% ] 1 VUs  3m22.0s/6m0s  2973/5000 iters, 5000 per VU

running (3m23.0s), 1/1 VUs, 2988 complete and 0 interrupted iterations
paced_over_5m   [  60% ] 1 VUs  3m23.0s/6m0s  2988/5000 iters, 5000 per VU

running (3m24.0s), 1/1 VUs, 3002 complete and 0 interrupted iterations
paced_over_5m   [  60% ] 1 VUs  3m24.0s/6m0s  3002/5000 iters, 5000 per VU

running (3m25.0s), 1/1 VUs, 3017 complete and 0 interrupted iterations
paced_over_5m   [  60% ] 1 VUs  3m25.0s/6m0s  3017/5000 iters, 5000 per VU

running (3m26.0s), 1/1 VUs, 3032 complete and 0 interrupted iterations
paced_over_5m   [  61% ] 1 VUs  3m26.0s/6m0s  3032/5000 iters, 5000 per VU

running (3m27.0s), 1/1 VUs, 3046 complete and 0 interrupted iterations
paced_over_5m   [  61% ] 1 VUs  3m27.0s/6m0s  3046/5000 iters, 5000 per VU

running (3m28.0s), 1/1 VUs, 3061 complete and 0 interrupted iterations
paced_over_5m   [  61% ] 1 VUs  3m28.0s/6m0s  3061/5000 iters, 5000 per VU

running (3m29.0s), 1/1 VUs, 3076 complete and 0 interrupted iterations
paced_over_5m   [  62% ] 1 VUs  3m29.0s/6m0s  3076/5000 iters, 5000 per VU

running (3m30.0s), 1/1 VUs, 3091 complete and 0 interrupted iterations
paced_over_5m   [  62% ] 1 VUs  3m30.0s/6m0s  3091/5000 iters, 5000 per VU

running (3m31.0s), 1/1 VUs, 3105 complete and 0 interrupted iterations
paced_over_5m   [  62% ] 1 VUs  3m31.0s/6m0s  3105/5000 iters, 5000 per VU

running (3m32.0s), 1/1 VUs, 3120 complete and 0 interrupted iterations
paced_over_5m   [  62% ] 1 VUs  3m32.0s/6m0s  3120/5000 iters, 5000 per VU

running (3m33.0s), 1/1 VUs, 3135 complete and 0 interrupted iterations
paced_over_5m   [  63% ] 1 VUs  3m33.0s/6m0s  3135/5000 iters, 5000 per VU

running (3m34.0s), 1/1 VUs, 3150 complete and 0 interrupted iterations
paced_over_5m   [  63% ] 1 VUs  3m34.0s/6m0s  3150/5000 iters, 5000 per VU

running (3m35.0s), 1/1 VUs, 3165 complete and 0 interrupted iterations
paced_over_5m   [  63% ] 1 VUs  3m35.0s/6m0s  3165/5000 iters, 5000 per VU

running (3m36.0s), 1/1 VUs, 3179 complete and 0 interrupted iterations
paced_over_5m   [  64% ] 1 VUs  3m36.0s/6m0s  3179/5000 iters, 5000 per VU

running (3m37.0s), 1/1 VUs, 3194 complete and 0 interrupted iterations
paced_over_5m   [  64% ] 1 VUs  3m37.0s/6m0s  3194/5000 iters, 5000 per VU

running (3m38.0s), 1/1 VUs, 3209 complete and 0 interrupted iterations
paced_over_5m   [  64% ] 1 VUs  3m38.0s/6m0s  3209/5000 iters, 5000 per VU

running (3m39.0s), 1/1 VUs, 3224 complete and 0 interrupted iterations
paced_over_5m   [  64% ] 1 VUs  3m39.0s/6m0s  3224/5000 iters, 5000 per VU

running (3m40.0s), 1/1 VUs, 3239 complete and 0 interrupted iterations
paced_over_5m   [  65% ] 1 VUs  3m40.0s/6m0s  3239/5000 iters, 5000 per VU

running (3m41.0s), 1/1 VUs, 3254 complete and 0 interrupted iterations
paced_over_5m   [  65% ] 1 VUs  3m41.0s/6m0s  3254/5000 iters, 5000 per VU

running (3m42.0s), 1/1 VUs, 3268 complete and 0 interrupted iterations
paced_over_5m   [  65% ] 1 VUs  3m42.0s/6m0s  3268/5000 iters, 5000 per VU

running (3m43.0s), 1/1 VUs, 3283 complete and 0 interrupted iterations
paced_over_5m   [  66% ] 1 VUs  3m43.0s/6m0s  3283/5000 iters, 5000 per VU

running (3m44.0s), 1/1 VUs, 3298 complete and 0 interrupted iterations
paced_over_5m   [  66% ] 1 VUs  3m44.0s/6m0s  3298/5000 iters, 5000 per VU

running (3m45.0s), 1/1 VUs, 3312 complete and 0 interrupted iterations
paced_over_5m   [  66% ] 1 VUs  3m45.0s/6m0s  3312/5000 iters, 5000 per VU

running (3m46.0s), 1/1 VUs, 3327 complete and 0 interrupted iterations
paced_over_5m   [  67% ] 1 VUs  3m46.0s/6m0s  3327/5000 iters, 5000 per VU

running (3m47.0s), 1/1 VUs, 3342 complete and 0 interrupted iterations
paced_over_5m   [  67% ] 1 VUs  3m47.0s/6m0s  3342/5000 iters, 5000 per VU

running (3m48.0s), 1/1 VUs, 3357 complete and 0 interrupted iterations
paced_over_5m   [  67% ] 1 VUs  3m48.0s/6m0s  3357/5000 iters, 5000 per VU

running (3m49.0s), 1/1 VUs, 3371 complete and 0 interrupted iterations
paced_over_5m   [  67% ] 1 VUs  3m49.0s/6m0s  3371/5000 iters, 5000 per VU

running (3m50.0s), 1/1 VUs, 3385 complete and 0 interrupted iterations
paced_over_5m   [  68% ] 1 VUs  3m50.0s/6m0s  3385/5000 iters, 5000 per VU

running (3m51.0s), 1/1 VUs, 3400 complete and 0 interrupted iterations
paced_over_5m   [  68% ] 1 VUs  3m51.0s/6m0s  3400/5000 iters, 5000 per VU

running (3m52.0s), 1/1 VUs, 3415 complete and 0 interrupted iterations
paced_over_5m   [  68% ] 1 VUs  3m52.0s/6m0s  3415/5000 iters, 5000 per VU

running (3m53.0s), 1/1 VUs, 3430 complete and 0 interrupted iterations
paced_over_5m   [  69% ] 1 VUs  3m53.0s/6m0s  3430/5000 iters, 5000 per VU

running (3m54.0s), 1/1 VUs, 3445 complete and 0 interrupted iterations
paced_over_5m   [  69% ] 1 VUs  3m54.0s/6m0s  3445/5000 iters, 5000 per VU

running (3m55.0s), 1/1 VUs, 3459 complete and 0 interrupted iterations
paced_over_5m   [  69% ] 1 VUs  3m55.0s/6m0s  3459/5000 iters, 5000 per VU

running (3m56.0s), 1/1 VUs, 3474 complete and 0 interrupted iterations
paced_over_5m   [  69% ] 1 VUs  3m56.0s/6m0s  3474/5000 iters, 5000 per VU

running (3m57.0s), 1/1 VUs, 3488 complete and 0 interrupted iterations
paced_over_5m   [  70% ] 1 VUs  3m57.0s/6m0s  3488/5000 iters, 5000 per VU

running (3m58.0s), 1/1 VUs, 3503 complete and 0 interrupted iterations
paced_over_5m   [  70% ] 1 VUs  3m58.0s/6m0s  3503/5000 iters, 5000 per VU

running (3m59.0s), 1/1 VUs, 3518 complete and 0 interrupted iterations
paced_over_5m   [  70% ] 1 VUs  3m59.0s/6m0s  3518/5000 iters, 5000 per VU

running (4m00.0s), 1/1 VUs, 3533 complete and 0 interrupted iterations
paced_over_5m   [  71% ] 1 VUs  4m00.0s/6m0s  3533/5000 iters, 5000 per VU

running (4m01.0s), 1/1 VUs, 3548 complete and 0 interrupted iterations
paced_over_5m   [  71% ] 1 VUs  4m01.0s/6m0s  3548/5000 iters, 5000 per VU

running (4m02.0s), 1/1 VUs, 3563 complete and 0 interrupted iterations
paced_over_5m   [  71% ] 1 VUs  4m02.0s/6m0s  3563/5000 iters, 5000 per VU

running (4m03.0s), 1/1 VUs, 3578 complete and 0 interrupted iterations
paced_over_5m   [  72% ] 1 VUs  4m03.0s/6m0s  3578/5000 iters, 5000 per VU

running (4m04.0s), 1/1 VUs, 3593 complete and 0 interrupted iterations
paced_over_5m   [  72% ] 1 VUs  4m04.0s/6m0s  3593/5000 iters, 5000 per VU

running (4m05.0s), 1/1 VUs, 3608 complete and 0 interrupted iterations
paced_over_5m   [  72% ] 1 VUs  4m05.0s/6m0s  3608/5000 iters, 5000 per VU

running (4m06.0s), 1/1 VUs, 3623 complete and 0 interrupted iterations
paced_over_5m   [  72% ] 1 VUs  4m06.0s/6m0s  3623/5000 iters, 5000 per VU

running (4m07.0s), 1/1 VUs, 3638 complete and 0 interrupted iterations
paced_over_5m   [  73% ] 1 VUs  4m07.0s/6m0s  3638/5000 iters, 5000 per VU

running (4m08.0s), 1/1 VUs, 3653 complete and 0 interrupted iterations
paced_over_5m   [  73% ] 1 VUs  4m08.0s/6m0s  3653/5000 iters, 5000 per VU

running (4m09.0s), 1/1 VUs, 3667 complete and 0 interrupted iterations
paced_over_5m   [  73% ] 1 VUs  4m09.0s/6m0s  3667/5000 iters, 5000 per VU

running (4m10.0s), 1/1 VUs, 3682 complete and 0 interrupted iterations
paced_over_5m   [  74% ] 1 VUs  4m10.0s/6m0s  3682/5000 iters, 5000 per VU

running (4m11.0s), 1/1 VUs, 3697 complete and 0 interrupted iterations
paced_over_5m   [  74% ] 1 VUs  4m11.0s/6m0s  3697/5000 iters, 5000 per VU

running (4m12.0s), 1/1 VUs, 3712 complete and 0 interrupted iterations
paced_over_5m   [  74% ] 1 VUs  4m12.0s/6m0s  3712/5000 iters, 5000 per VU

running (4m13.0s), 1/1 VUs, 3727 complete and 0 interrupted iterations
paced_over_5m   [  75% ] 1 VUs  4m13.0s/6m0s  3727/5000 iters, 5000 per VU

running (4m14.0s), 1/1 VUs, 3741 complete and 0 interrupted iterations
paced_over_5m   [  75% ] 1 VUs  4m14.0s/6m0s  3741/5000 iters, 5000 per VU

running (4m15.0s), 1/1 VUs, 3756 complete and 0 interrupted iterations
paced_over_5m   [  75% ] 1 VUs  4m15.0s/6m0s  3756/5000 iters, 5000 per VU

running (4m16.0s), 1/1 VUs, 3771 complete and 0 interrupted iterations
paced_over_5m   [  75% ] 1 VUs  4m16.0s/6m0s  3771/5000 iters, 5000 per VU

running (4m17.0s), 1/1 VUs, 3785 complete and 0 interrupted iterations
paced_over_5m   [  76% ] 1 VUs  4m17.0s/6m0s  3785/5000 iters, 5000 per VU

running (4m18.0s), 1/1 VUs, 3800 complete and 0 interrupted iterations
paced_over_5m   [  76% ] 1 VUs  4m18.0s/6m0s  3800/5000 iters, 5000 per VU

running (4m19.0s), 1/1 VUs, 3815 complete and 0 interrupted iterations
paced_over_5m   [  76% ] 1 VUs  4m19.0s/6m0s  3815/5000 iters, 5000 per VU

running (4m20.0s), 1/1 VUs, 3830 complete and 0 interrupted iterations
paced_over_5m   [  77% ] 1 VUs  4m20.0s/6m0s  3830/5000 iters, 5000 per VU

running (4m21.0s), 1/1 VUs, 3845 complete and 0 interrupted iterations
paced_over_5m   [  77% ] 1 VUs  4m21.0s/6m0s  3845/5000 iters, 5000 per VU

running (4m22.0s), 1/1 VUs, 3860 complete and 0 interrupted iterations
paced_over_5m   [  77% ] 1 VUs  4m22.0s/6m0s  3860/5000 iters, 5000 per VU

running (4m23.0s), 1/1 VUs, 3874 complete and 0 interrupted iterations
paced_over_5m   [  77% ] 1 VUs  4m23.0s/6m0s  3874/5000 iters, 5000 per VU

running (4m24.0s), 1/1 VUs, 3889 complete and 0 interrupted iterations
paced_over_5m   [  78% ] 1 VUs  4m24.0s/6m0s  3889/5000 iters, 5000 per VU

running (4m25.0s), 1/1 VUs, 3904 complete and 0 interrupted iterations
paced_over_5m   [  78% ] 1 VUs  4m25.0s/6m0s  3904/5000 iters, 5000 per VU

running (4m26.0s), 1/1 VUs, 3918 complete and 0 interrupted iterations
paced_over_5m   [  78% ] 1 VUs  4m26.0s/6m0s  3918/5000 iters, 5000 per VU

running (4m27.0s), 1/1 VUs, 3933 complete and 0 interrupted iterations
paced_over_5m   [  79% ] 1 VUs  4m27.0s/6m0s  3933/5000 iters, 5000 per VU

running (4m28.0s), 1/1 VUs, 3948 complete and 0 interrupted iterations
paced_over_5m   [  79% ] 1 VUs  4m28.0s/6m0s  3948/5000 iters, 5000 per VU

running (4m29.0s), 1/1 VUs, 3963 complete and 0 interrupted iterations
paced_over_5m   [  79% ] 1 VUs  4m29.0s/6m0s  3963/5000 iters, 5000 per VU

running (4m30.0s), 1/1 VUs, 3977 complete and 0 interrupted iterations
paced_over_5m   [  80% ] 1 VUs  4m30.0s/6m0s  3977/5000 iters, 5000 per VU

running (4m31.0s), 1/1 VUs, 3992 complete and 0 interrupted iterations
paced_over_5m   [  80% ] 1 VUs  4m31.0s/6m0s  3992/5000 iters, 5000 per VU

running (4m32.0s), 1/1 VUs, 4007 complete and 0 interrupted iterations
paced_over_5m   [  80% ] 1 VUs  4m32.0s/6m0s  4007/5000 iters, 5000 per VU

running (4m33.0s), 1/1 VUs, 4022 complete and 0 interrupted iterations
paced_over_5m   [  80% ] 1 VUs  4m33.0s/6m0s  4022/5000 iters, 5000 per VU

running (4m34.0s), 1/1 VUs, 4037 complete and 0 interrupted iterations
paced_over_5m   [  81% ] 1 VUs  4m34.0s/6m0s  4037/5000 iters, 5000 per VU

running (4m35.0s), 1/1 VUs, 4052 complete and 0 interrupted iterations
paced_over_5m   [  81% ] 1 VUs  4m35.0s/6m0s  4052/5000 iters, 5000 per VU

running (4m36.0s), 1/1 VUs, 4067 complete and 0 interrupted iterations
paced_over_5m   [  81% ] 1 VUs  4m36.0s/6m0s  4067/5000 iters, 5000 per VU

running (4m37.0s), 1/1 VUs, 4081 complete and 0 interrupted iterations
paced_over_5m   [  82% ] 1 VUs  4m37.0s/6m0s  4081/5000 iters, 5000 per VU

running (4m38.0s), 1/1 VUs, 4096 complete and 0 interrupted iterations
paced_over_5m   [  82% ] 1 VUs  4m38.0s/6m0s  4096/5000 iters, 5000 per VU

running (4m39.0s), 1/1 VUs, 4111 complete and 0 interrupted iterations
paced_over_5m   [  82% ] 1 VUs  4m39.0s/6m0s  4111/5000 iters, 5000 per VU

running (4m40.0s), 1/1 VUs, 4125 complete and 0 interrupted iterations
paced_over_5m   [  82% ] 1 VUs  4m40.0s/6m0s  4125/5000 iters, 5000 per VU

running (4m41.0s), 1/1 VUs, 4140 complete and 0 interrupted iterations
paced_over_5m   [  83% ] 1 VUs  4m41.0s/6m0s  4140/5000 iters, 5000 per VU

running (4m42.0s), 1/1 VUs, 4155 complete and 0 interrupted iterations
paced_over_5m   [  83% ] 1 VUs  4m42.0s/6m0s  4155/5000 iters, 5000 per VU

running (4m43.0s), 1/1 VUs, 4169 complete and 0 interrupted iterations
paced_over_5m   [  83% ] 1 VUs  4m43.0s/6m0s  4169/5000 iters, 5000 per VU

running (4m44.0s), 1/1 VUs, 4184 complete and 0 interrupted iterations
paced_over_5m   [  84% ] 1 VUs  4m44.0s/6m0s  4184/5000 iters, 5000 per VU

running (4m45.0s), 1/1 VUs, 4199 complete and 0 interrupted iterations
paced_over_5m   [  84% ] 1 VUs  4m45.0s/6m0s  4199/5000 iters, 5000 per VU

running (4m46.0s), 1/1 VUs, 4214 complete and 0 interrupted iterations
paced_over_5m   [  84% ] 1 VUs  4m46.0s/6m0s  4214/5000 iters, 5000 per VU

running (4m47.0s), 1/1 VUs, 4229 complete and 0 interrupted iterations
paced_over_5m   [  85% ] 1 VUs  4m47.0s/6m0s  4229/5000 iters, 5000 per VU

running (4m48.0s), 1/1 VUs, 4243 complete and 0 interrupted iterations
paced_over_5m   [  85% ] 1 VUs  4m48.0s/6m0s  4243/5000 iters, 5000 per VU

running (4m49.0s), 1/1 VUs, 4258 complete and 0 interrupted iterations
paced_over_5m   [  85% ] 1 VUs  4m49.0s/6m0s  4258/5000 iters, 5000 per VU

running (4m50.0s), 1/1 VUs, 4273 complete and 0 interrupted iterations
paced_over_5m   [  85% ] 1 VUs  4m50.0s/6m0s  4273/5000 iters, 5000 per VU

running (4m51.0s), 1/1 VUs, 4288 complete and 0 interrupted iterations
paced_over_5m   [  86% ] 1 VUs  4m51.0s/6m0s  4288/5000 iters, 5000 per VU

running (4m52.0s), 1/1 VUs, 4302 complete and 0 interrupted iterations
paced_over_5m   [  86% ] 1 VUs  4m52.0s/6m0s  4302/5000 iters, 5000 per VU

running (4m53.0s), 1/1 VUs, 4317 complete and 0 interrupted iterations
paced_over_5m   [  86% ] 1 VUs  4m53.0s/6m0s  4317/5000 iters, 5000 per VU

running (4m54.0s), 1/1 VUs, 4331 complete and 0 interrupted iterations
paced_over_5m   [  87% ] 1 VUs  4m54.0s/6m0s  4331/5000 iters, 5000 per VU

running (4m55.0s), 1/1 VUs, 4343 complete and 0 interrupted iterations
paced_over_5m   [  87% ] 1 VUs  4m55.0s/6m0s  4343/5000 iters, 5000 per VU

running (4m56.0s), 1/1 VUs, 4358 complete and 0 interrupted iterations
paced_over_5m   [  87% ] 1 VUs  4m56.0s/6m0s  4358/5000 iters, 5000 per VU

running (4m57.0s), 1/1 VUs, 4373 complete and 0 interrupted iterations
paced_over_5m   [  87% ] 1 VUs  4m57.0s/6m0s  4373/5000 iters, 5000 per VU

running (4m58.0s), 1/1 VUs, 4387 complete and 0 interrupted iterations
paced_over_5m   [  88% ] 1 VUs  4m58.0s/6m0s  4387/5000 iters, 5000 per VU

running (4m59.0s), 1/1 VUs, 4402 complete and 0 interrupted iterations
paced_over_5m   [  88% ] 1 VUs  4m59.0s/6m0s  4402/5000 iters, 5000 per VU

running (5m00.0s), 1/1 VUs, 4417 complete and 0 interrupted iterations
paced_over_5m   [  88% ] 1 VUs  5m00.0s/6m0s  4417/5000 iters, 5000 per VU

running (5m01.0s), 1/1 VUs, 4432 complete and 0 interrupted iterations
paced_over_5m   [  89% ] 1 VUs  5m01.0s/6m0s  4432/5000 iters, 5000 per VU

running (5m02.0s), 1/1 VUs, 4447 complete and 0 interrupted iterations
paced_over_5m   [  89% ] 1 VUs  5m02.0s/6m0s  4447/5000 iters, 5000 per VU

running (5m03.0s), 1/1 VUs, 4462 complete and 0 interrupted iterations
paced_over_5m   [  89% ] 1 VUs  5m03.0s/6m0s  4462/5000 iters, 5000 per VU

running (5m04.0s), 1/1 VUs, 4477 complete and 0 interrupted iterations
paced_over_5m   [  90% ] 1 VUs  5m04.0s/6m0s  4477/5000 iters, 5000 per VU

running (5m05.0s), 1/1 VUs, 4491 complete and 0 interrupted iterations
paced_over_5m   [  90% ] 1 VUs  5m05.0s/6m0s  4491/5000 iters, 5000 per VU

running (5m06.0s), 1/1 VUs, 4506 complete and 0 interrupted iterations
paced_over_5m   [  90% ] 1 VUs  5m06.0s/6m0s  4506/5000 iters, 5000 per VU

running (5m07.0s), 1/1 VUs, 4521 complete and 0 interrupted iterations
paced_over_5m   [  90% ] 1 VUs  5m07.0s/6m0s  4521/5000 iters, 5000 per VU

running (5m08.0s), 1/1 VUs, 4536 complete and 0 interrupted iterations
paced_over_5m   [  91% ] 1 VUs  5m08.0s/6m0s  4536/5000 iters, 5000 per VU

running (5m09.0s), 1/1 VUs, 4551 complete and 0 interrupted iterations
paced_over_5m   [  91% ] 1 VUs  5m09.0s/6m0s  4551/5000 iters, 5000 per VU

running (5m10.0s), 1/1 VUs, 4566 complete and 0 interrupted iterations
paced_over_5m   [  91% ] 1 VUs  5m10.0s/6m0s  4566/5000 iters, 5000 per VU

running (5m11.0s), 1/1 VUs, 4581 complete and 0 interrupted iterations
paced_over_5m   [  92% ] 1 VUs  5m11.0s/6m0s  4581/5000 iters, 5000 per VU

running (5m12.0s), 1/1 VUs, 4596 complete and 0 interrupted iterations
paced_over_5m   [  92% ] 1 VUs  5m12.0s/6m0s  4596/5000 iters, 5000 per VU

running (5m13.0s), 1/1 VUs, 4611 complete and 0 interrupted iterations
paced_over_5m   [  92% ] 1 VUs  5m13.0s/6m0s  4611/5000 iters, 5000 per VU

running (5m14.0s), 1/1 VUs, 4626 complete and 0 interrupted iterations
paced_over_5m   [  93% ] 1 VUs  5m14.0s/6m0s  4626/5000 iters, 5000 per VU

running (5m15.0s), 1/1 VUs, 4641 complete and 0 interrupted iterations
paced_over_5m   [  93% ] 1 VUs  5m15.0s/6m0s  4641/5000 iters, 5000 per VU

running (5m16.0s), 1/1 VUs, 4656 complete and 0 interrupted iterations
paced_over_5m   [  93% ] 1 VUs  5m16.0s/6m0s  4656/5000 iters, 5000 per VU

running (5m17.0s), 1/1 VUs, 4671 complete and 0 interrupted iterations
paced_over_5m   [  93% ] 1 VUs  5m17.0s/6m0s  4671/5000 iters, 5000 per VU

running (5m18.0s), 1/1 VUs, 4686 complete and 0 interrupted iterations
paced_over_5m   [  94% ] 1 VUs  5m18.0s/6m0s  4686/5000 iters, 5000 per VU

running (5m19.0s), 1/1 VUs, 4700 complete and 0 interrupted iterations
paced_over_5m   [  94% ] 1 VUs  5m19.0s/6m0s  4700/5000 iters, 5000 per VU

running (5m20.0s), 1/1 VUs, 4715 complete and 0 interrupted iterations
paced_over_5m   [  94% ] 1 VUs  5m20.0s/6m0s  4715/5000 iters, 5000 per VU

running (5m21.0s), 1/1 VUs, 4730 complete and 0 interrupted iterations
paced_over_5m   [  95% ] 1 VUs  5m21.0s/6m0s  4730/5000 iters, 5000 per VU

running (5m22.0s), 1/1 VUs, 4745 complete and 0 interrupted iterations
paced_over_5m   [  95% ] 1 VUs  5m22.0s/6m0s  4745/5000 iters, 5000 per VU

running (5m23.0s), 1/1 VUs, 4760 complete and 0 interrupted iterations
paced_over_5m   [  95% ] 1 VUs  5m23.0s/6m0s  4760/5000 iters, 5000 per VU

running (5m24.0s), 1/1 VUs, 4775 complete and 0 interrupted iterations
paced_over_5m   [  96% ] 1 VUs  5m24.0s/6m0s  4775/5000 iters, 5000 per VU

running (5m25.0s), 1/1 VUs, 4790 complete and 0 interrupted iterations
paced_over_5m   [  96% ] 1 VUs  5m25.0s/6m0s  4790/5000 iters, 5000 per VU

running (5m26.0s), 1/1 VUs, 4805 complete and 0 interrupted iterations
paced_over_5m   [  96% ] 1 VUs  5m26.0s/6m0s  4805/5000 iters, 5000 per VU

running (5m27.0s), 1/1 VUs, 4820 complete and 0 interrupted iterations
paced_over_5m   [  96% ] 1 VUs  5m27.0s/6m0s  4820/5000 iters, 5000 per VU

running (5m28.0s), 1/1 VUs, 4835 complete and 0 interrupted iterations
paced_over_5m   [  97% ] 1 VUs  5m28.0s/6m0s  4835/5000 iters, 5000 per VU

running (5m29.0s), 1/1 VUs, 4849 complete and 0 interrupted iterations
paced_over_5m   [  97% ] 1 VUs  5m29.0s/6m0s  4849/5000 iters, 5000 per VU

running (5m30.0s), 1/1 VUs, 4864 complete and 0 interrupted iterations
paced_over_5m   [  97% ] 1 VUs  5m30.0s/6m0s  4864/5000 iters, 5000 per VU

running (5m31.0s), 1/1 VUs, 4879 complete and 0 interrupted iterations
paced_over_5m   [  98% ] 1 VUs  5m31.0s/6m0s  4879/5000 iters, 5000 per VU

running (5m32.0s), 1/1 VUs, 4894 complete and 0 interrupted iterations
paced_over_5m   [  98% ] 1 VUs  5m32.0s/6m0s  4894/5000 iters, 5000 per VU

running (5m33.0s), 1/1 VUs, 4909 complete and 0 interrupted iterations
paced_over_5m   [  98% ] 1 VUs  5m33.0s/6m0s  4909/5000 iters, 5000 per VU

running (5m34.0s), 1/1 VUs, 4924 complete and 0 interrupted iterations
paced_over_5m   [  98% ] 1 VUs  5m34.0s/6m0s  4924/5000 iters, 5000 per VU

running (5m35.0s), 1/1 VUs, 4939 complete and 0 interrupted iterations
paced_over_5m   [  99% ] 1 VUs  5m35.0s/6m0s  4939/5000 iters, 5000 per VU

running (5m36.0s), 1/1 VUs, 4954 complete and 0 interrupted iterations
paced_over_5m   [  99% ] 1 VUs  5m36.0s/6m0s  4954/5000 iters, 5000 per VU

running (5m37.0s), 1/1 VUs, 4969 complete and 0 interrupted iterations
paced_over_5m   [  99% ] 1 VUs  5m37.0s/6m0s  4969/5000 iters, 5000 per VU

running (5m38.0s), 1/1 VUs, 4984 complete and 0 interrupted iterations
paced_over_5m   [ 100% ] 1 VUs  5m38.0s/6m0s  4984/5000 iters, 5000 per VU

running (5m39.0s), 1/1 VUs, 4998 complete and 0 interrupted iterations
paced_over_5m   [ 100% ] 1 VUs  5m39.0s/6m0s  4998/5000 iters, 5000 per VU


  █ THRESHOLDS 

    http_req_duration
    ✓ 'p(95)<2000' p(95)=3.43ms

    http_req_failed
    ✓ 'rate<0.01' rate=0.00%


  █ TOTAL RESULTS 

    checks_total.......: 5000    14.745732/s
    checks_succeeded...: 100.00% 5000 out of 5000
    checks_failed......: 0.00%   0 out of 5000

    ✓ status 2xx/3xx

    HTTP
    http_req_duration..............: avg=2.2ms   min=392.73µs med=1.93ms  max=68.24ms p(90)=2.99ms  p(95)=3.43ms
      { expected_response:true }...: avg=2.2ms   min=392.73µs med=1.93ms  max=68.24ms p(90)=2.99ms  p(95)=3.43ms
    http_req_failed................: 0.00%  0 out of 10000
    http_reqs......................: 10000  29.491464/s

    EXECUTION
    iteration_duration.............: avg=67.76ms min=62.08ms  med=67.29ms max=189.2ms p(90)=70.09ms p(95)=71.2ms
    iterations.....................: 5000   14.745732/s
    vus............................: 1      min=1          max=1
    vus_max........................: 1      min=1          max=1

    NETWORK
    data_received..................: 16 MB  49 kB/s
    data_sent......................: 785 kB 2.3 kB/s




running (5m39.1s), 0/1 VUs, 5000 complete and 0 interrupted iterations
paced_over_5m ✓ [ 100% ] 1 VUs  5m39.1s/6m0s  5000/5000 iters, 5000 per VU
